{"C:\\Users\\nakkamadhusudhan\\Desktop\\eg\\src\\Main.js": {"path":"C:\\Users\\nakkamadhusudhan\\Desktop\\eg\\src\\Main.js","statementMap":{"0":{"start":{"line":1,"column":42},"end":{"line":1,"column":97}},"1":{"start":{"line":1,"column":128},"end":{"line":1,"column":184}},"2":{"start":{"line":1,"column":185},"end":{"line":1,"column":247}},"3":{"start":{"line":1,"column":247},"end":{"line":1,"column":272}},"4":{"start":{"line":1,"column":295},"end":{"line":1,"column":367}},"5":{"start":{"line":1,"column":388},"end":{"line":1,"column":457}},"6":{"start":{"line":1,"column":492},"end":{"line":1,"column":575}},"7":{"start":{"line":1,"column":599},"end":{"line":1,"column":671}},"8":{"start":{"line":1,"column":689},"end":{"line":1,"column":755}},"9":{"start":{"line":17,"column":18},"end":{"line":17,"column":40}},"10":{"start":{"line":18,"column":13},"end":{"line":18,"column":54}},"11":{"start":{"line":19,"column":19},"end":{"line":19,"column":42}},"12":{"start":{"line":20,"column":24},"end":{"line":20,"column":53}},"13":{"start":{"line":21,"column":29},"end":{"line":21,"column":64}},"14":{"start":{"line":26,"column":18},"end":{"line":26,"column":41}},"15":{"start":{"line":33,"column":14},"end":{"line":33,"column":57}},"16":{"start":{"line":33,"column":77},"end":{"line":33,"column":133}},"17":{"start":{"line":41,"column":7},"end":{"line":106,"column":41}},"18":{"start":{"line":41,"column":30},"end":{"line":41,"column":72}},"19":{"start":{"line":43,"column":34},"end":{"line":43,"column":76}},"20":{"start":{"line":44,"column":4},"end":{"line":44,"column":114}},"21":{"start":{"line":45,"column":4},"end":{"line":46,"column":25}},"22":{"start":{"line":46,"column":25},"end":{"line":46,"column":38}},"23":{"start":{"line":48,"column":3},"end":{"line":106,"column":10}},"24":{"start":{"line":53,"column":18},"end":{"line":53,"column":22}},"25":{"start":{"line":54,"column":6},"end":{"line":70,"column":9}},"26":{"start":{"line":56,"column":26},"end":{"line":66,"column":36}},"27":{"start":{"line":69,"column":8},"end":{"line":69,"column":84}},"28":{"start":{"line":78,"column":24},"end":{"line":88,"column":32}},"29":{"start":{"line":91,"column":6},"end":{"line":91,"column":82}},"30":{"start":{"line":99,"column":6},"end":{"line":103,"column":118}},"31":{"start":{"line":106,"column":10},"end":{"line":106,"column":22}},"32":{"start":{"line":116,"column":22},"end":{"line":118,"column":55}},"33":{"start":{"line":116,"column":55},"end":{"line":118,"column":54}},"34":{"start":{"line":129,"column":25},"end":{"line":129,"column":67}},"35":{"start":{"line":129,"column":56},"end":{"line":129,"column":66}},"36":{"start":{"line":135,"column":0},"end":{"line":135,"column":67}},"37":{"start":{"line":135,"column":68},"end":{"line":135,"column":95}}},"fnMap":{"0":{"name":"(anonymous_0)","decl":{"start":{"line":41,"column":7},"end":{"line":41,"column":8}},"loc":{"start":{"line":41,"column":29},"end":{"line":106,"column":23}},"line":41},"1":{"name":"Main","decl":{"start":{"line":43,"column":11},"end":{"line":43,"column":15}},"loc":{"start":{"line":43,"column":23},"end":{"line":48,"column":3}},"line":43},"2":{"name":"componentDidMount","decl":{"start":{"line":48,"column":81},"end":{"line":48,"column":98}},"loc":{"start":{"line":53,"column":4},"end":{"line":75,"column":5}},"line":53},"3":{"name":"(anonymous_3)","decl":{"start":{"line":55,"column":6},"end":{"line":55,"column":7}},"loc":{"start":{"line":55,"column":22},"end":{"line":70,"column":7}},"line":55},"4":{"name":"infoRequestNew","decl":{"start":{"line":75,"column":50},"end":{"line":75,"column":64}},"loc":{"start":{"line":77,"column":17},"end":{"line":92,"column":5}},"line":77},"5":{"name":"render","decl":{"start":{"line":92,"column":42},"end":{"line":92,"column":48}},"loc":{"start":{"line":98,"column":4},"end":{"line":106,"column":5}},"line":98},"6":{"name":"mapStateToProps","decl":{"start":{"line":116,"column":31},"end":{"line":116,"column":46}},"loc":{"start":{"line":116,"column":54},"end":{"line":118,"column":55}},"line":116},"7":{"name":"mapDispatchToProps","decl":{"start":{"line":129,"column":34},"end":{"line":129,"column":52}},"loc":{"start":{"line":129,"column":55},"end":{"line":129,"column":67}},"line":129}},"branchMap":{"0":{"loc":{"start":{"line":59,"column":23},"end":{"line":59,"column":45}},"type":"binary-expr","locations":[{"start":{"line":59,"column":23},"end":{"line":59,"column":39}},{"start":{"line":59,"column":43},"end":{"line":59,"column":45}}],"line":59}},"s":{"0":0,"1":0,"2":0,"3":0,"4":0,"5":0,"6":0,"7":0,"8":0,"9":0,"10":0,"11":0,"12":0,"13":0,"14":0,"15":0,"16":0,"17":0,"18":0,"19":0,"20":0,"21":0,"22":0,"23":0,"24":0,"25":0,"26":0,"27":0,"28":0,"29":0,"30":0,"31":0,"32":0,"33":0,"34":0,"35":0,"36":0,"37":0},"f":{"0":0,"1":0,"2":0,"3":0,"4":0,"5":0,"6":0,"7":0},"b":{"0":[0,0]}}
,"C:\\Users\\nakkamadhusudhan\\Desktop\\eg\\src\\actions\\authActions.js": {"path":"C:\\Users\\nakkamadhusudhan\\Desktop\\eg\\src\\actions\\authActions.js","statementMap":{"0":{"start":{"line":1,"column":42},"end":{"line":1,"column":97}},"1":{"start":{"line":1,"column":98},"end":{"line":1,"column":160}},"2":{"start":{"line":1,"column":160},"end":{"line":1,"column":256}},"3":{"start":{"line":1,"column":275},"end":{"line":1,"column":336}},"4":{"start":{"line":1,"column":357},"end":{"line":1,"column":394}},"5":{"start":{"line":2,"column":19},"end":{"line":2,"column":52}},"6":{"start":{"line":4,"column":19},"end":{"line":6,"column":5}},"7":{"start":{"line":4,"column":51},"end":{"line":6,"column":4}},"8":{"start":{"line":5,"column":4},"end":{"line":5,"column":88}},"9":{"start":{"line":6,"column":6},"end":{"line":6,"column":42}},"10":{"start":{"line":8,"column":16},"end":{"line":10,"column":5}},"11":{"start":{"line":8,"column":45},"end":{"line":10,"column":4}},"12":{"start":{"line":9,"column":4},"end":{"line":9,"column":83}},"13":{"start":{"line":10,"column":6},"end":{"line":10,"column":36}},"14":{"start":{"line":12,"column":17},"end":{"line":13,"column":151}},"15":{"start":{"line":12,"column":45},"end":{"line":13,"column":150}},"16":{"start":{"line":12,"column":80},"end":{"line":13,"column":148}},"17":{"start":{"line":12,"column":143},"end":{"line":13,"column":133}},"18":{"start":{"line":12,"column":154},"end":{"line":13,"column":132}},"19":{"start":{"line":13,"column":12},"end":{"line":13,"column":90}},"20":{"start":{"line":13,"column":108},"end":{"line":13,"column":131}},"21":{"start":{"line":13,"column":152},"end":{"line":13,"column":184}},"22":{"start":{"line":16,"column":21},"end":{"line":17,"column":166}},"23":{"start":{"line":16,"column":53},"end":{"line":17,"column":165}},"24":{"start":{"line":16,"column":89},"end":{"line":17,"column":163}},"25":{"start":{"line":16,"column":154},"end":{"line":17,"column":148}},"26":{"start":{"line":16,"column":165},"end":{"line":17,"column":147}},"27":{"start":{"line":17,"column":12},"end":{"line":17,"column":104}},"28":{"start":{"line":17,"column":122},"end":{"line":17,"column":146}},"29":{"start":{"line":17,"column":167},"end":{"line":17,"column":207}}},"fnMap":{"0":{"name":"registerUser","decl":{"start":{"line":4,"column":28},"end":{"line":4,"column":40}},"loc":{"start":{"line":4,"column":50},"end":{"line":6,"column":5}},"line":4},"1":{"name":"(anonymous_1)","decl":{"start":{"line":4,"column":58},"end":{"line":4,"column":59}},"loc":{"start":{"line":4,"column":78},"end":{"line":6,"column":3}},"line":4},"2":{"name":"loginUser","decl":{"start":{"line":8,"column":25},"end":{"line":8,"column":34}},"loc":{"start":{"line":8,"column":44},"end":{"line":10,"column":5}},"line":8},"3":{"name":"(anonymous_3)","decl":{"start":{"line":8,"column":52},"end":{"line":8,"column":53}},"loc":{"start":{"line":8,"column":72},"end":{"line":10,"column":3}},"line":8},"4":{"name":"logoutUser","decl":{"start":{"line":12,"column":26},"end":{"line":12,"column":36}},"loc":{"start":{"line":12,"column":44},"end":{"line":13,"column":151}},"line":12},"5":{"name":"_callee","decl":{"start":{"line":12,"column":61},"end":{"line":12,"column":68}},"loc":{"start":{"line":12,"column":79},"end":{"line":13,"column":149}},"line":12},"6":{"name":"_callee$","decl":{"start":{"line":12,"column":123},"end":{"line":12,"column":131}},"loc":{"start":{"line":12,"column":142},"end":{"line":13,"column":134}},"line":12},"7":{"name":"getUserDetails","decl":{"start":{"line":16,"column":30},"end":{"line":16,"column":44}},"loc":{"start":{"line":16,"column":52},"end":{"line":17,"column":166}},"line":16},"8":{"name":"_callee2","decl":{"start":{"line":16,"column":69},"end":{"line":16,"column":77}},"loc":{"start":{"line":16,"column":88},"end":{"line":17,"column":164}},"line":16},"9":{"name":"_callee2$","decl":{"start":{"line":16,"column":132},"end":{"line":16,"column":141}},"loc":{"start":{"line":16,"column":153},"end":{"line":17,"column":149}},"line":16}},"branchMap":{"0":{"loc":{"start":{"line":12,"column":154},"end":{"line":13,"column":132}},"type":"switch","locations":[{"start":{"line":12,"column":194},"end":{"line":13,"column":90}},{"start":{"line":13,"column":90},"end":{"line":13,"column":97}},{"start":{"line":13,"column":97},"end":{"line":13,"column":131}}],"line":12},"1":{"loc":{"start":{"line":16,"column":165},"end":{"line":17,"column":147}},"type":"switch","locations":[{"start":{"line":16,"column":207},"end":{"line":17,"column":104}},{"start":{"line":17,"column":104},"end":{"line":17,"column":111}},{"start":{"line":17,"column":111},"end":{"line":17,"column":146}}],"line":16}},"s":{"0":0,"1":0,"2":0,"3":0,"4":0,"5":0,"6":0,"7":0,"8":0,"9":0,"10":0,"11":0,"12":0,"13":0,"14":0,"15":0,"16":0,"17":0,"18":0,"19":0,"20":0,"21":0,"22":0,"23":0,"24":0,"25":0,"26":0,"27":0,"28":0,"29":0},"f":{"0":0,"1":0,"2":0,"3":0,"4":0,"5":0,"6":0,"7":0,"8":0,"9":0},"b":{"0":[0,0,0],"1":[0,0,0]}}
,"C:\\Users\\nakkamadhusudhan\\Desktop\\eg\\src\\actions\\contactusActions.js": {"path":"C:\\Users\\nakkamadhusudhan\\Desktop\\eg\\src\\actions\\contactusActions.js","statementMap":{"0":{"start":{"line":1,"column":42},"end":{"line":1,"column":97}},"1":{"start":{"line":1,"column":98},"end":{"line":1,"column":160}},"2":{"start":{"line":1,"column":160},"end":{"line":1,"column":193}},"3":{"start":{"line":1,"column":212},"end":{"line":1,"column":273}},"4":{"start":{"line":1,"column":294},"end":{"line":1,"column":331}},"5":{"start":{"line":2,"column":23},"end":{"line":2,"column":60}},"6":{"start":{"line":4,"column":22},"end":{"line":5,"column":164}},"7":{"start":{"line":4,"column":55},"end":{"line":5,"column":163}},"8":{"start":{"line":4,"column":90},"end":{"line":5,"column":161}},"9":{"start":{"line":4,"column":153},"end":{"line":5,"column":146}},"10":{"start":{"line":4,"column":164},"end":{"line":5,"column":145}},"11":{"start":{"line":5,"column":12},"end":{"line":5,"column":103}},"12":{"start":{"line":5,"column":121},"end":{"line":5,"column":144}},"13":{"start":{"line":5,"column":165},"end":{"line":5,"column":207}}},"fnMap":{"0":{"name":"getConactUsData","decl":{"start":{"line":4,"column":31},"end":{"line":4,"column":46}},"loc":{"start":{"line":4,"column":54},"end":{"line":5,"column":164}},"line":4},"1":{"name":"_callee","decl":{"start":{"line":4,"column":71},"end":{"line":4,"column":78}},"loc":{"start":{"line":4,"column":89},"end":{"line":5,"column":162}},"line":4},"2":{"name":"_callee$","decl":{"start":{"line":4,"column":133},"end":{"line":4,"column":141}},"loc":{"start":{"line":4,"column":152},"end":{"line":5,"column":147}},"line":4}},"branchMap":{"0":{"loc":{"start":{"line":4,"column":164},"end":{"line":5,"column":145}},"type":"switch","locations":[{"start":{"line":4,"column":204},"end":{"line":5,"column":103}},{"start":{"line":5,"column":103},"end":{"line":5,"column":110}},{"start":{"line":5,"column":110},"end":{"line":5,"column":144}}],"line":4}},"s":{"0":0,"1":0,"2":0,"3":0,"4":0,"5":0,"6":0,"7":0,"8":0,"9":0,"10":0,"11":0,"12":0,"13":0},"f":{"0":0,"1":0,"2":0},"b":{"0":[0,0,0]}}
,"C:\\Users\\nakkamadhusudhan\\Desktop\\eg\\src\\actions\\editprofileActions.js": {"path":"C:\\Users\\nakkamadhusudhan\\Desktop\\eg\\src\\actions\\editprofileActions.js","statementMap":{"0":{"start":{"line":1,"column":42},"end":{"line":1,"column":97}},"1":{"start":{"line":1,"column":98},"end":{"line":1,"column":160}},"2":{"start":{"line":1,"column":160},"end":{"line":1,"column":193}},"3":{"start":{"line":1,"column":212},"end":{"line":1,"column":273}},"4":{"start":{"line":2,"column":20},"end":{"line":2,"column":57}},"5":{"start":{"line":3,"column":25},"end":{"line":3,"column":64}},"6":{"start":{"line":5,"column":22},"end":{"line":7,"column":179}},"7":{"start":{"line":5,"column":64},"end":{"line":7,"column":178}},"8":{"start":{"line":5,"column":99},"end":{"line":7,"column":176}},"9":{"start":{"line":5,"column":162},"end":{"line":7,"column":161}},"10":{"start":{"line":5,"column":173},"end":{"line":7,"column":160}},"11":{"start":{"line":7,"column":12},"end":{"line":7,"column":118}},"12":{"start":{"line":7,"column":136},"end":{"line":7,"column":159}},"13":{"start":{"line":7,"column":180},"end":{"line":7,"column":222}}},"fnMap":{"0":{"name":"postEditProfile","decl":{"start":{"line":5,"column":31},"end":{"line":5,"column":46}},"loc":{"start":{"line":5,"column":63},"end":{"line":7,"column":179}},"line":5},"1":{"name":"_callee","decl":{"start":{"line":5,"column":80},"end":{"line":5,"column":87}},"loc":{"start":{"line":5,"column":98},"end":{"line":7,"column":177}},"line":5},"2":{"name":"_callee$","decl":{"start":{"line":5,"column":142},"end":{"line":5,"column":150}},"loc":{"start":{"line":5,"column":161},"end":{"line":7,"column":162}},"line":5}},"branchMap":{"0":{"loc":{"start":{"line":5,"column":173},"end":{"line":7,"column":160}},"type":"switch","locations":[{"start":{"line":5,"column":213},"end":{"line":7,"column":118}},{"start":{"line":7,"column":118},"end":{"line":7,"column":125}},{"start":{"line":7,"column":125},"end":{"line":7,"column":159}}],"line":5}},"s":{"0":0,"1":0,"2":0,"3":0,"4":0,"5":0,"6":0,"7":0,"8":0,"9":0,"10":0,"11":0,"12":0,"13":0},"f":{"0":0,"1":0,"2":0},"b":{"0":[0,0,0]}}
,"C:\\Users\\nakkamadhusudhan\\Desktop\\eg\\src\\actions\\faqactions.js": {"path":"C:\\Users\\nakkamadhusudhan\\Desktop\\eg\\src\\actions\\faqactions.js","statementMap":{"0":{"start":{"line":1,"column":42},"end":{"line":1,"column":97}},"1":{"start":{"line":1,"column":98},"end":{"line":1,"column":160}},"2":{"start":{"line":1,"column":160},"end":{"line":1,"column":188}},"3":{"start":{"line":1,"column":207},"end":{"line":1,"column":268}},"4":{"start":{"line":1,"column":289},"end":{"line":1,"column":326}},"5":{"start":{"line":2,"column":17},"end":{"line":2,"column":48}},"6":{"start":{"line":4,"column":17},"end":{"line":5,"column":155}},"7":{"start":{"line":4,"column":45},"end":{"line":5,"column":154}},"8":{"start":{"line":4,"column":80},"end":{"line":5,"column":152}},"9":{"start":{"line":4,"column":143},"end":{"line":5,"column":137}},"10":{"start":{"line":4,"column":154},"end":{"line":5,"column":136}},"11":{"start":{"line":5,"column":12},"end":{"line":5,"column":94}},"12":{"start":{"line":5,"column":112},"end":{"line":5,"column":135}},"13":{"start":{"line":5,"column":156},"end":{"line":5,"column":188}}},"fnMap":{"0":{"name":"getFaqData","decl":{"start":{"line":4,"column":26},"end":{"line":4,"column":36}},"loc":{"start":{"line":4,"column":44},"end":{"line":5,"column":155}},"line":4},"1":{"name":"_callee","decl":{"start":{"line":4,"column":61},"end":{"line":4,"column":68}},"loc":{"start":{"line":4,"column":79},"end":{"line":5,"column":153}},"line":4},"2":{"name":"_callee$","decl":{"start":{"line":4,"column":123},"end":{"line":4,"column":131}},"loc":{"start":{"line":4,"column":142},"end":{"line":5,"column":138}},"line":4}},"branchMap":{"0":{"loc":{"start":{"line":4,"column":154},"end":{"line":5,"column":136}},"type":"switch","locations":[{"start":{"line":4,"column":194},"end":{"line":5,"column":94}},{"start":{"line":5,"column":94},"end":{"line":5,"column":101}},{"start":{"line":5,"column":101},"end":{"line":5,"column":135}}],"line":4}},"s":{"0":0,"1":0,"2":0,"3":0,"4":0,"5":0,"6":0,"7":0,"8":0,"9":0,"10":0,"11":0,"12":0,"13":0},"f":{"0":0,"1":0,"2":0},"b":{"0":[0,0,0]}}
,"C:\\Users\\nakkamadhusudhan\\Desktop\\eg\\src\\actions\\homeActions.js": {"path":"C:\\Users\\nakkamadhusudhan\\Desktop\\eg\\src\\actions\\homeActions.js","statementMap":{"0":{"start":{"line":1,"column":42},"end":{"line":1,"column":97}},"1":{"start":{"line":1,"column":98},"end":{"line":1,"column":160}},"2":{"start":{"line":1,"column":160},"end":{"line":1,"column":189}},"3":{"start":{"line":1,"column":208},"end":{"line":1,"column":269}},"4":{"start":{"line":1,"column":290},"end":{"line":1,"column":327}},"5":{"start":{"line":2,"column":19},"end":{"line":2,"column":52}},"6":{"start":{"line":4,"column":18},"end":{"line":5,"column":183}},"7":{"start":{"line":4,"column":68},"end":{"line":5,"column":182}},"8":{"start":{"line":4,"column":103},"end":{"line":5,"column":180}},"9":{"start":{"line":4,"column":166},"end":{"line":5,"column":165}},"10":{"start":{"line":4,"column":177},"end":{"line":5,"column":164}},"11":{"start":{"line":5,"column":12},"end":{"line":5,"column":122}},"12":{"start":{"line":5,"column":140},"end":{"line":5,"column":163}},"13":{"start":{"line":5,"column":184},"end":{"line":5,"column":218}}},"fnMap":{"0":{"name":"getHomeData","decl":{"start":{"line":4,"column":27},"end":{"line":4,"column":38}},"loc":{"start":{"line":4,"column":67},"end":{"line":5,"column":183}},"line":4},"1":{"name":"_callee","decl":{"start":{"line":4,"column":84},"end":{"line":4,"column":91}},"loc":{"start":{"line":4,"column":102},"end":{"line":5,"column":181}},"line":4},"2":{"name":"_callee$","decl":{"start":{"line":4,"column":146},"end":{"line":4,"column":154}},"loc":{"start":{"line":4,"column":165},"end":{"line":5,"column":166}},"line":4}},"branchMap":{"0":{"loc":{"start":{"line":4,"column":177},"end":{"line":5,"column":164}},"type":"switch","locations":[{"start":{"line":4,"column":217},"end":{"line":5,"column":122}},{"start":{"line":5,"column":122},"end":{"line":5,"column":129}},{"start":{"line":5,"column":129},"end":{"line":5,"column":163}}],"line":4}},"s":{"0":0,"1":0,"2":0,"3":0,"4":0,"5":0,"6":0,"7":0,"8":0,"9":0,"10":0,"11":0,"12":0,"13":0},"f":{"0":0,"1":0,"2":0},"b":{"0":[0,0,0]}}
,"C:\\Users\\nakkamadhusudhan\\Desktop\\eg\\src\\actions\\index.js": {"path":"C:\\Users\\nakkamadhusudhan\\Desktop\\eg\\src\\actions\\index.js","statementMap":{"0":{"start":{"line":1,"column":13},"end":{"line":1,"column":75}},"1":{"start":{"line":1,"column":75},"end":{"line":1,"column":128}},"2":{"start":{"line":1,"column":147},"end":{"line":1,"column":183}},"3":{"start":{"line":2,"column":29},"end":{"line":2,"column":64}},"4":{"start":{"line":4,"column":16},"end":{"line":4,"column":101}},"5":{"start":{"line":4,"column":45},"end":{"line":4,"column":100}},"6":{"start":{"line":4,"column":102},"end":{"line":4,"column":132}},"7":{"start":{"line":6,"column":22},"end":{"line":11,"column":1}},"8":{"start":{"line":7,"column":2},"end":{"line":9,"column":59}},"9":{"start":{"line":11,"column":2},"end":{"line":11,"column":44}}},"fnMap":{"0":{"name":"setLoader","decl":{"start":{"line":4,"column":25},"end":{"line":4,"column":34}},"loc":{"start":{"line":4,"column":44},"end":{"line":4,"column":101}},"line":4},"1":{"name":"setCurrentScene","decl":{"start":{"line":6,"column":31},"end":{"line":6,"column":46}},"loc":{"start":{"line":6,"column":49},"end":{"line":11,"column":1}},"line":6}},"branchMap":{},"s":{"0":0,"1":0,"2":0,"3":0,"4":0,"5":0,"6":0,"7":0,"8":0,"9":0},"f":{"0":0,"1":0},"b":{}}
,"C:\\Users\\nakkamadhusudhan\\Desktop\\eg\\src\\actions\\onBoardingActions.js": {"path":"C:\\Users\\nakkamadhusudhan\\Desktop\\eg\\src\\actions\\onBoardingActions.js","statementMap":{"0":{"start":{"line":1,"column":13},"end":{"line":1,"column":75}},"1":{"start":{"line":1,"column":75},"end":{"line":1,"column":105}},"2":{"start":{"line":1,"column":124},"end":{"line":1,"column":160}},"3":{"start":{"line":3,"column":19},"end":{"line":3,"column":114}},"4":{"start":{"line":3,"column":51},"end":{"line":3,"column":113}},"5":{"start":{"line":3,"column":115},"end":{"line":3,"column":151}}},"fnMap":{"0":{"name":"onAppInstall","decl":{"start":{"line":3,"column":28},"end":{"line":3,"column":40}},"loc":{"start":{"line":3,"column":50},"end":{"line":3,"column":114}},"line":3}},"branchMap":{},"s":{"0":0,"1":0,"2":0,"3":0,"4":0,"5":0},"f":{"0":0},"b":{}}
,"C:\\Users\\nakkamadhusudhan\\Desktop\\eg\\src\\actions\\stationFinderActions.js": {"path":"C:\\Users\\nakkamadhusudhan\\Desktop\\eg\\src\\actions\\stationFinderActions.js","statementMap":{"0":{"start":{"line":1,"column":42},"end":{"line":1,"column":97}},"1":{"start":{"line":1,"column":98},"end":{"line":1,"column":160}},"2":{"start":{"line":1,"column":160},"end":{"line":1,"column":195}},"3":{"start":{"line":1,"column":214},"end":{"line":1,"column":275}},"4":{"start":{"line":1,"column":296},"end":{"line":1,"column":333}},"5":{"start":{"line":2,"column":22},"end":{"line":2,"column":58}},"6":{"start":{"line":4,"column":24},"end":{"line":5,"column":158}},"7":{"start":{"line":4,"column":54},"end":{"line":5,"column":157}},"8":{"start":{"line":4,"column":89},"end":{"line":5,"column":155}},"9":{"start":{"line":4,"column":152},"end":{"line":5,"column":140}},"10":{"start":{"line":4,"column":163},"end":{"line":5,"column":139}},"11":{"start":{"line":5,"column":12},"end":{"line":5,"column":97}},"12":{"start":{"line":5,"column":115},"end":{"line":5,"column":138}},"13":{"start":{"line":5,"column":159},"end":{"line":5,"column":205}}},"fnMap":{"0":{"name":"handleGetStations","decl":{"start":{"line":4,"column":33},"end":{"line":4,"column":50}},"loc":{"start":{"line":4,"column":53},"end":{"line":5,"column":158}},"line":4},"1":{"name":"_callee","decl":{"start":{"line":4,"column":70},"end":{"line":4,"column":77}},"loc":{"start":{"line":4,"column":88},"end":{"line":5,"column":156}},"line":4},"2":{"name":"_callee$","decl":{"start":{"line":4,"column":132},"end":{"line":4,"column":140}},"loc":{"start":{"line":4,"column":151},"end":{"line":5,"column":141}},"line":4}},"branchMap":{"0":{"loc":{"start":{"line":4,"column":163},"end":{"line":5,"column":139}},"type":"switch","locations":[{"start":{"line":4,"column":203},"end":{"line":5,"column":97}},{"start":{"line":5,"column":97},"end":{"line":5,"column":104}},{"start":{"line":5,"column":104},"end":{"line":5,"column":138}}],"line":4}},"s":{"0":0,"1":0,"2":0,"3":0,"4":0,"5":0,"6":0,"7":0,"8":0,"9":0,"10":0,"11":0,"12":0,"13":0},"f":{"0":0,"1":0,"2":0},"b":{"0":[0,0,0]}}
,"C:\\Users\\nakkamadhusudhan\\Desktop\\eg\\src\\actions\\voucherListActions.js": {"path":"C:\\Users\\nakkamadhusudhan\\Desktop\\eg\\src\\actions\\voucherListActions.js","statementMap":{"0":{"start":{"line":1,"column":42},"end":{"line":1,"column":97}},"1":{"start":{"line":1,"column":98},"end":{"line":1,"column":160}},"2":{"start":{"line":1,"column":160},"end":{"line":1,"column":196}},"3":{"start":{"line":1,"column":215},"end":{"line":1,"column":276}},"4":{"start":{"line":1,"column":297},"end":{"line":1,"column":334}},"5":{"start":{"line":2,"column":25},"end":{"line":2,"column":64}},"6":{"start":{"line":4,"column":25},"end":{"line":5,"column":175}},"7":{"start":{"line":4,"column":61},"end":{"line":5,"column":174}},"8":{"start":{"line":4,"column":96},"end":{"line":5,"column":172}},"9":{"start":{"line":4,"column":159},"end":{"line":5,"column":157}},"10":{"start":{"line":4,"column":170},"end":{"line":5,"column":156}},"11":{"start":{"line":5,"column":12},"end":{"line":5,"column":114}},"12":{"start":{"line":5,"column":132},"end":{"line":5,"column":155}},"13":{"start":{"line":5,"column":176},"end":{"line":5,"column":224}}},"fnMap":{"0":{"name":"getVoucherListData","decl":{"start":{"line":4,"column":34},"end":{"line":4,"column":52}},"loc":{"start":{"line":4,"column":60},"end":{"line":5,"column":175}},"line":4},"1":{"name":"_callee","decl":{"start":{"line":4,"column":77},"end":{"line":4,"column":84}},"loc":{"start":{"line":4,"column":95},"end":{"line":5,"column":173}},"line":4},"2":{"name":"_callee$","decl":{"start":{"line":4,"column":139},"end":{"line":4,"column":147}},"loc":{"start":{"line":4,"column":158},"end":{"line":5,"column":158}},"line":4}},"branchMap":{"0":{"loc":{"start":{"line":4,"column":170},"end":{"line":5,"column":156}},"type":"switch","locations":[{"start":{"line":4,"column":210},"end":{"line":5,"column":114}},{"start":{"line":5,"column":114},"end":{"line":5,"column":121}},{"start":{"line":5,"column":121},"end":{"line":5,"column":155}}],"line":4}},"s":{"0":0,"1":0,"2":0,"3":0,"4":0,"5":0,"6":0,"7":0,"8":0,"9":0,"10":0,"11":0,"12":0,"13":0},"f":{"0":0,"1":0,"2":0},"b":{"0":[0,0,0]}}
,"C:\\Users\\nakkamadhusudhan\\Desktop\\eg\\src\\actions\\walletActions.js": {"path":"C:\\Users\\nakkamadhusudhan\\Desktop\\eg\\src\\actions\\walletActions.js","statementMap":{"0":{"start":{"line":1,"column":42},"end":{"line":1,"column":97}},"1":{"start":{"line":1,"column":98},"end":{"line":1,"column":160}},"2":{"start":{"line":1,"column":160},"end":{"line":1,"column":195}},"3":{"start":{"line":1,"column":214},"end":{"line":1,"column":275}},"4":{"start":{"line":1,"column":296},"end":{"line":1,"column":333}},"5":{"start":{"line":2,"column":20},"end":{"line":2,"column":54}},"6":{"start":{"line":4,"column":24},"end":{"line":6,"column":173}},"7":{"start":{"line":4,"column":68},"end":{"line":6,"column":172}},"8":{"start":{"line":4,"column":103},"end":{"line":6,"column":170}},"9":{"start":{"line":4,"column":166},"end":{"line":6,"column":155}},"10":{"start":{"line":4,"column":177},"end":{"line":6,"column":154}},"11":{"start":{"line":6,"column":12},"end":{"line":6,"column":112}},"12":{"start":{"line":6,"column":130},"end":{"line":6,"column":153}},"13":{"start":{"line":6,"column":174},"end":{"line":6,"column":220}}},"fnMap":{"0":{"name":"postWalletAddcard","decl":{"start":{"line":4,"column":33},"end":{"line":4,"column":50}},"loc":{"start":{"line":4,"column":67},"end":{"line":6,"column":173}},"line":4},"1":{"name":"_callee","decl":{"start":{"line":4,"column":84},"end":{"line":4,"column":91}},"loc":{"start":{"line":4,"column":102},"end":{"line":6,"column":171}},"line":4},"2":{"name":"_callee$","decl":{"start":{"line":4,"column":146},"end":{"line":4,"column":154}},"loc":{"start":{"line":4,"column":165},"end":{"line":6,"column":156}},"line":4}},"branchMap":{"0":{"loc":{"start":{"line":4,"column":177},"end":{"line":6,"column":154}},"type":"switch","locations":[{"start":{"line":4,"column":217},"end":{"line":6,"column":112}},{"start":{"line":6,"column":112},"end":{"line":6,"column":119}},{"start":{"line":6,"column":119},"end":{"line":6,"column":153}}],"line":4}},"s":{"0":0,"1":0,"2":0,"3":0,"4":0,"5":0,"6":0,"7":0,"8":0,"9":0,"10":0,"11":0,"12":0,"13":0},"f":{"0":0,"1":0,"2":0},"b":{"0":[0,0,0]}}
,"C:\\Users\\nakkamadhusudhan\\Desktop\\eg\\src\\actions\\walletCardsActions.js": {"path":"C:\\Users\\nakkamadhusudhan\\Desktop\\eg\\src\\actions\\walletCardsActions.js","statementMap":{"0":{"start":{"line":1,"column":42},"end":{"line":1,"column":97}},"1":{"start":{"line":1,"column":98},"end":{"line":1,"column":160}},"2":{"start":{"line":1,"column":160},"end":{"line":1,"column":192}},"3":{"start":{"line":1,"column":211},"end":{"line":1,"column":272}},"4":{"start":{"line":1,"column":293},"end":{"line":1,"column":330}},"5":{"start":{"line":2,"column":23},"end":{"line":2,"column":60}},"6":{"start":{"line":4,"column":21},"end":{"line":5,"column":169}},"7":{"start":{"line":4,"column":53},"end":{"line":5,"column":168}},"8":{"start":{"line":4,"column":88},"end":{"line":5,"column":166}},"9":{"start":{"line":4,"column":151},"end":{"line":5,"column":151}},"10":{"start":{"line":4,"column":162},"end":{"line":5,"column":150}},"11":{"start":{"line":5,"column":12},"end":{"line":5,"column":108}},"12":{"start":{"line":5,"column":126},"end":{"line":5,"column":149}},"13":{"start":{"line":5,"column":170},"end":{"line":5,"column":210}}},"fnMap":{"0":{"name":"getWalletCards","decl":{"start":{"line":4,"column":30},"end":{"line":4,"column":44}},"loc":{"start":{"line":4,"column":52},"end":{"line":5,"column":169}},"line":4},"1":{"name":"_callee","decl":{"start":{"line":4,"column":69},"end":{"line":4,"column":76}},"loc":{"start":{"line":4,"column":87},"end":{"line":5,"column":167}},"line":4},"2":{"name":"_callee$","decl":{"start":{"line":4,"column":131},"end":{"line":4,"column":139}},"loc":{"start":{"line":4,"column":150},"end":{"line":5,"column":152}},"line":4}},"branchMap":{"0":{"loc":{"start":{"line":4,"column":162},"end":{"line":5,"column":150}},"type":"switch","locations":[{"start":{"line":4,"column":202},"end":{"line":5,"column":108}},{"start":{"line":5,"column":108},"end":{"line":5,"column":115}},{"start":{"line":5,"column":115},"end":{"line":5,"column":149}}],"line":4}},"s":{"0":0,"1":0,"2":0,"3":0,"4":0,"5":0,"6":0,"7":0,"8":0,"9":0,"10":0,"11":0,"12":0,"13":0},"f":{"0":0,"1":0,"2":0},"b":{"0":[0,0,0]}}
,"C:\\Users\\nakkamadhusudhan\\Desktop\\eg\\src\\components\\index.js": {"path":"C:\\Users\\nakkamadhusudhan\\Desktop\\eg\\src\\components\\index.js","statementMap":{"0":{"start":{"line":1,"column":42},"end":{"line":1,"column":97}},"1":{"start":{"line":1,"column":98},"end":{"line":1,"column":160}},"2":{"start":{"line":1,"column":160},"end":{"line":1,"column":270}},"3":{"start":{"line":1,"column":242},"end":{"line":1,"column":265}},"4":{"start":{"line":1,"column":270},"end":{"line":1,"column":386}},"5":{"start":{"line":1,"column":355},"end":{"line":1,"column":381}},"6":{"start":{"line":1,"column":386},"end":{"line":1,"column":496}},"7":{"start":{"line":1,"column":468},"end":{"line":1,"column":491}},"8":{"start":{"line":1,"column":496},"end":{"line":1,"column":614}},"9":{"start":{"line":1,"column":582},"end":{"line":1,"column":609}},"10":{"start":{"line":1,"column":614},"end":{"line":1,"column":726}},"11":{"start":{"line":1,"column":697},"end":{"line":1,"column":721}},"12":{"start":{"line":1,"column":726},"end":{"line":1,"column":858}},"13":{"start":{"line":1,"column":819},"end":{"line":1,"column":853}},"14":{"start":{"line":1,"column":858},"end":{"line":1,"column":982}},"15":{"start":{"line":1,"column":947},"end":{"line":1,"column":977}},"16":{"start":{"line":1,"column":982},"end":{"line":1,"column":1090}},"17":{"start":{"line":1,"column":1063},"end":{"line":1,"column":1085}},"18":{"start":{"line":1,"column":1090},"end":{"line":1,"column":1204}},"19":{"start":{"line":1,"column":1174},"end":{"line":1,"column":1199}},"20":{"start":{"line":1,"column":1204},"end":{"line":1,"column":1322}},"21":{"start":{"line":1,"column":1290},"end":{"line":1,"column":1317}},"22":{"start":{"line":1,"column":1322},"end":{"line":1,"column":1444}},"23":{"start":{"line":1,"column":1410},"end":{"line":1,"column":1439}},"24":{"start":{"line":1,"column":1444},"end":{"line":1,"column":1554}},"25":{"start":{"line":1,"column":1528},"end":{"line":1,"column":1549}},"26":{"start":{"line":1,"column":1554},"end":{"line":1,"column":1688}},"27":{"start":{"line":1,"column":1648},"end":{"line":1,"column":1683}},"28":{"start":{"line":1,"column":1688},"end":{"line":1,"column":1834}},"29":{"start":{"line":1,"column":1788},"end":{"line":1,"column":1829}},"30":{"start":{"line":1,"column":1834},"end":{"line":1,"column":1944}},"31":{"start":{"line":1,"column":1916},"end":{"line":1,"column":1939}},"32":{"start":{"line":1,"column":1944},"end":{"line":1,"column":2070}},"33":{"start":{"line":1,"column":2034},"end":{"line":1,"column":2065}},"34":{"start":{"line":1,"column":2070},"end":{"line":1,"column":2210}},"35":{"start":{"line":1,"column":2167},"end":{"line":1,"column":2205}},"36":{"start":{"line":1,"column":2210},"end":{"line":1,"column":2326}},"37":{"start":{"line":1,"column":2295},"end":{"line":1,"column":2321}},"38":{"start":{"line":1,"column":2326},"end":{"line":1,"column":2454}},"39":{"start":{"line":1,"column":2417},"end":{"line":1,"column":2449}},"40":{"start":{"line":1,"column":2454},"end":{"line":1,"column":2592}},"41":{"start":{"line":1,"column":2550},"end":{"line":1,"column":2587}},"42":{"start":{"line":1,"column":2592},"end":{"line":1,"column":2714}},"43":{"start":{"line":1,"column":2680},"end":{"line":1,"column":2709}},"44":{"start":{"line":1,"column":2714},"end":{"line":1,"column":2854}},"45":{"start":{"line":1,"column":2811},"end":{"line":1,"column":2849}},"46":{"start":{"line":1,"column":2868},"end":{"line":1,"column":2911}},"47":{"start":{"line":2,"column":17},"end":{"line":2,"column":63}},"48":{"start":{"line":3,"column":14},"end":{"line":3,"column":57}},"49":{"start":{"line":4,"column":18},"end":{"line":4,"column":65}},"50":{"start":{"line":5,"column":15},"end":{"line":5,"column":59}},"51":{"start":{"line":6,"column":25},"end":{"line":6,"column":79}},"52":{"start":{"line":7,"column":21},"end":{"line":7,"column":71}},"53":{"start":{"line":8,"column":13},"end":{"line":8,"column":55}},"54":{"start":{"line":9,"column":16},"end":{"line":9,"column":61}},"55":{"start":{"line":10,"column":18},"end":{"line":10,"column":65}},"56":{"start":{"line":11,"column":20},"end":{"line":11,"column":69}},"57":{"start":{"line":12,"column":12},"end":{"line":12,"column":53}},"58":{"start":{"line":13,"column":26},"end":{"line":13,"column":81}},"59":{"start":{"line":14,"column":32},"end":{"line":14,"column":93}},"60":{"start":{"line":15,"column":14},"end":{"line":15,"column":57}},"61":{"start":{"line":16,"column":22},"end":{"line":16,"column":73}},"62":{"start":{"line":17,"column":29},"end":{"line":17,"column":87}},"63":{"start":{"line":18,"column":17},"end":{"line":18,"column":63}},"64":{"start":{"line":19,"column":23},"end":{"line":19,"column":75}},"65":{"start":{"line":20,"column":28},"end":{"line":20,"column":85}},"66":{"start":{"line":21,"column":20},"end":{"line":21,"column":69}},"67":{"start":{"line":22,"column":29},"end":{"line":22,"column":87}}},"fnMap":{"0":{"name":"get","decl":{"start":{"line":1,"column":235},"end":{"line":1,"column":238}},"loc":{"start":{"line":1,"column":241},"end":{"line":1,"column":266}},"line":1},"1":{"name":"get","decl":{"start":{"line":1,"column":348},"end":{"line":1,"column":351}},"loc":{"start":{"line":1,"column":354},"end":{"line":1,"column":382}},"line":1},"2":{"name":"get","decl":{"start":{"line":1,"column":461},"end":{"line":1,"column":464}},"loc":{"start":{"line":1,"column":467},"end":{"line":1,"column":492}},"line":1},"3":{"name":"get","decl":{"start":{"line":1,"column":575},"end":{"line":1,"column":578}},"loc":{"start":{"line":1,"column":581},"end":{"line":1,"column":610}},"line":1},"4":{"name":"get","decl":{"start":{"line":1,"column":690},"end":{"line":1,"column":693}},"loc":{"start":{"line":1,"column":696},"end":{"line":1,"column":722}},"line":1},"5":{"name":"get","decl":{"start":{"line":1,"column":812},"end":{"line":1,"column":815}},"loc":{"start":{"line":1,"column":818},"end":{"line":1,"column":854}},"line":1},"6":{"name":"get","decl":{"start":{"line":1,"column":940},"end":{"line":1,"column":943}},"loc":{"start":{"line":1,"column":946},"end":{"line":1,"column":978}},"line":1},"7":{"name":"get","decl":{"start":{"line":1,"column":1056},"end":{"line":1,"column":1059}},"loc":{"start":{"line":1,"column":1062},"end":{"line":1,"column":1086}},"line":1},"8":{"name":"get","decl":{"start":{"line":1,"column":1167},"end":{"line":1,"column":1170}},"loc":{"start":{"line":1,"column":1173},"end":{"line":1,"column":1200}},"line":1},"9":{"name":"get","decl":{"start":{"line":1,"column":1283},"end":{"line":1,"column":1286}},"loc":{"start":{"line":1,"column":1289},"end":{"line":1,"column":1318}},"line":1},"10":{"name":"get","decl":{"start":{"line":1,"column":1403},"end":{"line":1,"column":1406}},"loc":{"start":{"line":1,"column":1409},"end":{"line":1,"column":1440}},"line":1},"11":{"name":"get","decl":{"start":{"line":1,"column":1521},"end":{"line":1,"column":1524}},"loc":{"start":{"line":1,"column":1527},"end":{"line":1,"column":1550}},"line":1},"12":{"name":"get","decl":{"start":{"line":1,"column":1641},"end":{"line":1,"column":1644}},"loc":{"start":{"line":1,"column":1647},"end":{"line":1,"column":1684}},"line":1},"13":{"name":"get","decl":{"start":{"line":1,"column":1781},"end":{"line":1,"column":1784}},"loc":{"start":{"line":1,"column":1787},"end":{"line":1,"column":1830}},"line":1},"14":{"name":"get","decl":{"start":{"line":1,"column":1909},"end":{"line":1,"column":1912}},"loc":{"start":{"line":1,"column":1915},"end":{"line":1,"column":1940}},"line":1},"15":{"name":"get","decl":{"start":{"line":1,"column":2027},"end":{"line":1,"column":2030}},"loc":{"start":{"line":1,"column":2033},"end":{"line":1,"column":2066}},"line":1},"16":{"name":"get","decl":{"start":{"line":1,"column":2160},"end":{"line":1,"column":2163}},"loc":{"start":{"line":1,"column":2166},"end":{"line":1,"column":2206}},"line":1},"17":{"name":"get","decl":{"start":{"line":1,"column":2288},"end":{"line":1,"column":2291}},"loc":{"start":{"line":1,"column":2294},"end":{"line":1,"column":2322}},"line":1},"18":{"name":"get","decl":{"start":{"line":1,"column":2410},"end":{"line":1,"column":2413}},"loc":{"start":{"line":1,"column":2416},"end":{"line":1,"column":2450}},"line":1},"19":{"name":"get","decl":{"start":{"line":1,"column":2543},"end":{"line":1,"column":2546}},"loc":{"start":{"line":1,"column":2549},"end":{"line":1,"column":2588}},"line":1},"20":{"name":"get","decl":{"start":{"line":1,"column":2673},"end":{"line":1,"column":2676}},"loc":{"start":{"line":1,"column":2679},"end":{"line":1,"column":2710}},"line":1},"21":{"name":"get","decl":{"start":{"line":1,"column":2804},"end":{"line":1,"column":2807}},"loc":{"start":{"line":1,"column":2810},"end":{"line":1,"column":2850}},"line":1}},"branchMap":{},"s":{"0":0,"1":0,"2":0,"3":0,"4":0,"5":0,"6":0,"7":0,"8":0,"9":0,"10":0,"11":0,"12":0,"13":0,"14":0,"15":0,"16":0,"17":0,"18":0,"19":0,"20":0,"21":0,"22":0,"23":0,"24":0,"25":0,"26":0,"27":0,"28":0,"29":0,"30":0,"31":0,"32":0,"33":0,"34":0,"35":0,"36":0,"37":0,"38":0,"39":0,"40":0,"41":0,"42":0,"43":0,"44":0,"45":0,"46":0,"47":0,"48":0,"49":0,"50":0,"51":0,"52":0,"53":0,"54":0,"55":0,"56":0,"57":0,"58":0,"59":0,"60":0,"61":0,"62":0,"63":0,"64":0,"65":0,"66":0,"67":0},"f":{"0":0,"1":0,"2":0,"3":0,"4":0,"5":0,"6":0,"7":0,"8":0,"9":0,"10":0,"11":0,"12":0,"13":0,"14":0,"15":0,"16":0,"17":0,"18":0,"19":0,"20":0,"21":0},"b":{}}
,"C:\\Users\\nakkamadhusudhan\\Desktop\\eg\\src\\components\\Button\\index.js": {"path":"C:\\Users\\nakkamadhusudhan\\Desktop\\eg\\src\\components\\Button\\index.js","statementMap":{"0":{"start":{"line":1,"column":42},"end":{"line":1,"column":97}},"1":{"start":{"line":1,"column":128},"end":{"line":1,"column":184}},"2":{"start":{"line":1,"column":185},"end":{"line":1,"column":247}},"3":{"start":{"line":1,"column":247},"end":{"line":1,"column":272}},"4":{"start":{"line":1,"column":295},"end":{"line":1,"column":367}},"5":{"start":{"line":1,"column":388},"end":{"line":1,"column":457}},"6":{"start":{"line":1,"column":492},"end":{"line":1,"column":575}},"7":{"start":{"line":1,"column":599},"end":{"line":1,"column":671}},"8":{"start":{"line":1,"column":689},"end":{"line":1,"column":755}},"9":{"start":{"line":16,"column":13},"end":{"line":16,"column":54}},"10":{"start":{"line":17,"column":19},"end":{"line":17,"column":42}},"11":{"start":{"line":18,"column":27},"end":{"line":18,"column":59}},"12":{"start":{"line":25,"column":23},"end":{"line":25,"column":86}},"13":{"start":{"line":25,"column":106},"end":{"line":25,"column":183}},"14":{"start":{"line":37,"column":19},"end":{"line":44,"column":17}},"15":{"start":{"line":53,"column":9},"end":{"line":77,"column":43}},"16":{"start":{"line":53,"column":32},"end":{"line":53,"column":76}},"17":{"start":{"line":53,"column":95},"end":{"line":53,"column":139}},"18":{"start":{"line":53,"column":139},"end":{"line":53,"column":255}},"19":{"start":{"line":53,"column":256},"end":{"line":77,"column":10}},"20":{"start":{"line":61,"column":6},"end":{"line":72,"column":227}},"21":{"start":{"line":77,"column":10},"end":{"line":77,"column":24}},"22":{"start":{"line":80,"column":0},"end":{"line":80,"column":35}},"23":{"start":{"line":82,"column":0},"end":{"line":82,"column":6}},"24":{"start":{"line":82,"column":7},"end":{"line":82,"column":34}}},"fnMap":{"0":{"name":"onPress","decl":{"start":{"line":41,"column":20},"end":{"line":41,"column":27}},"loc":{"start":{"line":41,"column":30},"end":{"line":41,"column":32}},"line":41},"1":{"name":"(anonymous_1)","decl":{"start":{"line":53,"column":9},"end":{"line":53,"column":10}},"loc":{"start":{"line":53,"column":31},"end":{"line":77,"column":25}},"line":53},"2":{"name":"Button","decl":{"start":{"line":53,"column":85},"end":{"line":53,"column":91}},"loc":{"start":{"line":53,"column":94},"end":{"line":53,"column":256}},"line":53},"3":{"name":"render","decl":{"start":{"line":53,"column":325},"end":{"line":53,"column":331}},"loc":{"start":{"line":60,"column":4},"end":{"line":77,"column":5}},"line":60}},"branchMap":{"0":{"loc":{"start":{"line":65,"column":8},"end":{"line":70,"column":97}},"type":"binary-expr","locations":[{"start":{"line":65,"column":8},"end":{"line":65,"column":38}},{"start":{"line":66,"column":8},"end":{"line":70,"column":97}}],"line":65}},"s":{"0":0,"1":0,"2":0,"3":0,"4":0,"5":0,"6":0,"7":0,"8":0,"9":0,"10":0,"11":0,"12":0,"13":0,"14":0,"15":0,"16":0,"17":0,"18":0,"19":0,"20":0,"21":0,"22":0,"23":0,"24":0},"f":{"0":0,"1":0,"2":0,"3":0},"b":{"0":[0,0]}}
,"C:\\Users\\nakkamadhusudhan\\Desktop\\eg\\src\\components\\Card\\index.js": {"path":"C:\\Users\\nakkamadhusudhan\\Desktop\\eg\\src\\components\\Card\\index.js","statementMap":{"0":{"start":{"line":1,"column":42},"end":{"line":1,"column":97}},"1":{"start":{"line":1,"column":128},"end":{"line":1,"column":184}},"2":{"start":{"line":1,"column":185},"end":{"line":1,"column":247}},"3":{"start":{"line":1,"column":247},"end":{"line":1,"column":272}},"4":{"start":{"line":1,"column":295},"end":{"line":1,"column":367}},"5":{"start":{"line":1,"column":388},"end":{"line":1,"column":457}},"6":{"start":{"line":1,"column":492},"end":{"line":1,"column":575}},"7":{"start":{"line":1,"column":599},"end":{"line":1,"column":671}},"8":{"start":{"line":1,"column":689},"end":{"line":1,"column":755}},"9":{"start":{"line":15,"column":13},"end":{"line":15,"column":54}},"10":{"start":{"line":16,"column":19},"end":{"line":16,"column":42}},"11":{"start":{"line":17,"column":33},"end":{"line":17,"column":96}},"12":{"start":{"line":24,"column":23},"end":{"line":24,"column":86}},"13":{"start":{"line":24,"column":106},"end":{"line":24,"column":181}},"14":{"start":{"line":32,"column":19},"end":{"line":35,"column":20}},"15":{"start":{"line":44,"column":11},"end":{"line":132,"column":45}},"16":{"start":{"line":44,"column":34},"end":{"line":44,"column":80}},"17":{"start":{"line":44,"column":132},"end":{"line":44,"column":178}},"18":{"start":{"line":44,"column":178},"end":{"line":44,"column":298}},"19":{"start":{"line":44,"column":268},"end":{"line":44,"column":297}},"20":{"start":{"line":44,"column":298},"end":{"line":44,"column":465}},"21":{"start":{"line":44,"column":465},"end":{"line":113,"column":6}},"22":{"start":{"line":58,"column":6},"end":{"line":58,"column":17}},"23":{"start":{"line":58,"column":26},"end":{"line":58,"column":43}},"24":{"start":{"line":58,"column":54},"end":{"line":58,"column":73}},"25":{"start":{"line":58,"column":88},"end":{"line":58,"column":111}},"26":{"start":{"line":58,"column":130},"end":{"line":58,"column":157}},"27":{"start":{"line":58,"column":166},"end":{"line":58,"column":183}},"28":{"start":{"line":58,"column":199},"end":{"line":58,"column":223}},"29":{"start":{"line":59,"column":6},"end":{"line":107,"column":63}},"30":{"start":{"line":113,"column":6},"end":{"line":113,"column":19}},"31":{"start":{"line":113,"column":20},"end":{"line":132,"column":10}},"32":{"start":{"line":116,"column":20},"end":{"line":116,"column":42}},"33":{"start":{"line":117,"column":6},"end":{"line":131,"column":7}},"34":{"start":{"line":118,"column":8},"end":{"line":120,"column":34}},"35":{"start":{"line":124,"column":8},"end":{"line":127,"column":35}},"36":{"start":{"line":132,"column":10},"end":{"line":132,"column":26}},"37":{"start":{"line":135,"column":0},"end":{"line":135,"column":37}},"38":{"start":{"line":137,"column":0},"end":{"line":137,"column":8}},"39":{"start":{"line":137,"column":9},"end":{"line":137,"column":36}}},"fnMap":{"0":{"name":"onPress","decl":{"start":{"line":34,"column":20},"end":{"line":34,"column":27}},"loc":{"start":{"line":34,"column":30},"end":{"line":34,"column":32}},"line":34},"1":{"name":"(anonymous_1)","decl":{"start":{"line":44,"column":11},"end":{"line":44,"column":12}},"loc":{"start":{"line":44,"column":33},"end":{"line":132,"column":27}},"line":44},"2":{"name":"CardItem","decl":{"start":{"line":44,"column":89},"end":{"line":44,"column":97}},"loc":{"start":{"line":44,"column":100},"end":{"line":113,"column":20}},"line":44},"3":{"name":"(anonymous_3)","decl":{"start":{"line":50,"column":21},"end":{"line":50,"column":22}},"loc":{"start":{"line":50,"column":33},"end":{"line":113,"column":5}},"line":50},"4":{"name":"render","decl":{"start":{"line":113,"column":91},"end":{"line":113,"column":97}},"loc":{"start":{"line":115,"column":4},"end":{"line":132,"column":5}},"line":115}},"branchMap":{"0":{"loc":{"start":{"line":80,"column":8},"end":{"line":80,"column":35}},"type":"cond-expr","locations":[{"start":{"line":80,"column":16},"end":{"line":80,"column":21}},{"start":{"line":80,"column":24},"end":{"line":80,"column":35}}],"line":80},"1":{"loc":{"start":{"line":85,"column":8},"end":{"line":85,"column":40}},"type":"cond-expr","locations":[{"start":{"line":85,"column":23},"end":{"line":85,"column":35}},{"start":{"line":85,"column":38},"end":{"line":85,"column":40}}],"line":85},"2":{"loc":{"start":{"line":86,"column":8},"end":{"line":86,"column":31}},"type":"cond-expr","locations":[{"start":{"line":86,"column":18},"end":{"line":86,"column":25}},{"start":{"line":86,"column":28},"end":{"line":86,"column":31}}],"line":86},"3":{"loc":{"start":{"line":99,"column":8},"end":{"line":99,"column":52}},"type":"cond-expr","locations":[{"start":{"line":99,"column":22},"end":{"line":99,"column":33}},{"start":{"line":99,"column":36},"end":{"line":99,"column":52}}],"line":99},"4":{"loc":{"start":{"line":107,"column":8},"end":{"line":107,"column":57}},"type":"cond-expr","locations":[{"start":{"line":107,"column":26},"end":{"line":107,"column":41}},{"start":{"line":107,"column":44},"end":{"line":107,"column":57}}],"line":107},"5":{"loc":{"start":{"line":117,"column":6},"end":{"line":131,"column":7}},"type":"if","locations":[{"start":{"line":117,"column":6},"end":{"line":131,"column":7}},{"start":{"line":117,"column":6},"end":{"line":131,"column":7}}],"line":117}},"s":{"0":0,"1":0,"2":0,"3":0,"4":0,"5":0,"6":0,"7":0,"8":0,"9":0,"10":0,"11":0,"12":0,"13":0,"14":0,"15":0,"16":0,"17":0,"18":0,"19":0,"20":0,"21":0,"22":0,"23":0,"24":0,"25":0,"26":0,"27":0,"28":0,"29":0,"30":0,"31":0,"32":0,"33":0,"34":0,"35":0,"36":0,"37":0,"38":0,"39":0},"f":{"0":0,"1":0,"2":0,"3":0,"4":0},"b":{"0":[0,0],"1":[0,0],"2":[0,0],"3":[0,0],"4":[0,0],"5":[0,0]}}
,"C:\\Users\\nakkamadhusudhan\\Desktop\\eg\\src\\components\\Checkbox\\index.js": {"path":"C:\\Users\\nakkamadhusudhan\\Desktop\\eg\\src\\components\\Checkbox\\index.js","statementMap":{"0":{"start":{"line":1,"column":42},"end":{"line":1,"column":97}},"1":{"start":{"line":1,"column":128},"end":{"line":1,"column":184}},"2":{"start":{"line":1,"column":185},"end":{"line":1,"column":247}},"3":{"start":{"line":1,"column":247},"end":{"line":1,"column":272}},"4":{"start":{"line":1,"column":295},"end":{"line":1,"column":367}},"5":{"start":{"line":1,"column":388},"end":{"line":1,"column":457}},"6":{"start":{"line":1,"column":492},"end":{"line":1,"column":575}},"7":{"start":{"line":1,"column":599},"end":{"line":1,"column":671}},"8":{"start":{"line":1,"column":689},"end":{"line":1,"column":755}},"9":{"start":{"line":15,"column":13},"end":{"line":15,"column":54}},"10":{"start":{"line":16,"column":19},"end":{"line":16,"column":42}},"11":{"start":{"line":17,"column":27},"end":{"line":17,"column":59}},"12":{"start":{"line":24,"column":23},"end":{"line":24,"column":86}},"13":{"start":{"line":24,"column":106},"end":{"line":24,"column":185}},"14":{"start":{"line":32,"column":19},"end":{"line":34,"column":18}},"15":{"start":{"line":45,"column":11},"end":{"line":66,"column":45}},"16":{"start":{"line":45,"column":34},"end":{"line":45,"column":80}},"17":{"start":{"line":45,"column":101},"end":{"line":45,"column":147}},"18":{"start":{"line":45,"column":147},"end":{"line":45,"column":265}},"19":{"start":{"line":45,"column":266},"end":{"line":66,"column":10}},"20":{"start":{"line":53,"column":6},"end":{"line":63,"column":36}},"21":{"start":{"line":66,"column":10},"end":{"line":66,"column":26}},"22":{"start":{"line":69,"column":0},"end":{"line":69,"column":37}},"23":{"start":{"line":71,"column":0},"end":{"line":71,"column":8}},"24":{"start":{"line":71,"column":9},"end":{"line":71,"column":36}}},"fnMap":{"0":{"name":"(anonymous_0)","decl":{"start":{"line":45,"column":11},"end":{"line":45,"column":12}},"loc":{"start":{"line":45,"column":33},"end":{"line":66,"column":27}},"line":45},"1":{"name":"Checkbox","decl":{"start":{"line":45,"column":89},"end":{"line":45,"column":97}},"loc":{"start":{"line":45,"column":100},"end":{"line":45,"column":266}},"line":45},"2":{"name":"render","decl":{"start":{"line":45,"column":337},"end":{"line":45,"column":343}},"loc":{"start":{"line":52,"column":4},"end":{"line":66,"column":5}},"line":52}},"branchMap":{"0":{"loc":{"start":{"line":57,"column":16},"end":{"line":57,"column":81}},"type":"cond-expr","locations":[{"start":{"line":57,"column":37},"end":{"line":57,"column":54}},{"start":{"line":57,"column":57},"end":{"line":57,"column":81}}],"line":57}},"s":{"0":0,"1":0,"2":0,"3":0,"4":0,"5":0,"6":0,"7":0,"8":0,"9":0,"10":0,"11":0,"12":0,"13":0,"14":0,"15":0,"16":0,"17":0,"18":0,"19":0,"20":0,"21":0,"22":0,"23":0,"24":0},"f":{"0":0,"1":0,"2":0},"b":{"0":[0,0]}}
,"C:\\Users\\nakkamadhusudhan\\Desktop\\eg\\src\\components\\CustomStatusbar\\index.js": {"path":"C:\\Users\\nakkamadhusudhan\\Desktop\\eg\\src\\components\\CustomStatusbar\\index.js","statementMap":{"0":{"start":{"line":1,"column":42},"end":{"line":1,"column":97}},"1":{"start":{"line":1,"column":128},"end":{"line":1,"column":184}},"2":{"start":{"line":1,"column":185},"end":{"line":1,"column":247}},"3":{"start":{"line":1,"column":247},"end":{"line":1,"column":272}},"4":{"start":{"line":1,"column":295},"end":{"line":1,"column":367}},"5":{"start":{"line":1,"column":388},"end":{"line":1,"column":457}},"6":{"start":{"line":1,"column":492},"end":{"line":1,"column":575}},"7":{"start":{"line":1,"column":599},"end":{"line":1,"column":671}},"8":{"start":{"line":1,"column":689},"end":{"line":1,"column":755}},"9":{"start":{"line":1,"column":772},"end":{"line":1,"column":837}},"10":{"start":{"line":1,"column":870},"end":{"line":1,"column":951}},"11":{"start":{"line":1,"column":970},"end":{"line":1,"column":992}},"12":{"start":{"line":2,"column":13},"end":{"line":2,"column":54}},"13":{"start":{"line":3,"column":19},"end":{"line":3,"column":42}},"14":{"start":{"line":4,"column":15},"end":{"line":4,"column":73}},"15":{"start":{"line":5,"column":23},"end":{"line":5,"column":86}},"16":{"start":{"line":5,"column":106},"end":{"line":5,"column":192}},"17":{"start":{"line":7,"column":18},"end":{"line":9,"column":205}},"18":{"start":{"line":7,"column":68},"end":{"line":7,"column":88}},"19":{"start":{"line":7,"column":97},"end":{"line":7,"column":162}},"20":{"start":{"line":7,"column":163},"end":{"line":9,"column":204}},"21":{"start":{"line":13,"column":18},"end":{"line":28,"column":52}},"22":{"start":{"line":13,"column":41},"end":{"line":13,"column":94}},"23":{"start":{"line":13,"column":122},"end":{"line":13,"column":175}},"24":{"start":{"line":13,"column":175},"end":{"line":13,"column":300}},"25":{"start":{"line":13,"column":301},"end":{"line":28,"column":10}},"26":{"start":{"line":15,"column":37},"end":{"line":15,"column":75}},"27":{"start":{"line":16,"column":27},"end":{"line":16,"column":41}},"28":{"start":{"line":17,"column":6},"end":{"line":20,"column":7}},"29":{"start":{"line":18,"column":8},"end":{"line":18,"column":73}},"30":{"start":{"line":19,"column":8},"end":{"line":19,"column":41}},"31":{"start":{"line":21,"column":6},"end":{"line":27,"column":7}},"32":{"start":{"line":22,"column":8},"end":{"line":22,"column":20}},"33":{"start":{"line":24,"column":8},"end":{"line":25,"column":399}},"34":{"start":{"line":28,"column":10},"end":{"line":28,"column":33}},"35":{"start":{"line":30,"column":22},"end":{"line":32,"column":55}},"36":{"start":{"line":30,"column":55},"end":{"line":32,"column":54}},"37":{"start":{"line":35,"column":0},"end":{"line":35,"column":64}},"38":{"start":{"line":35,"column":65},"end":{"line":35,"column":92}}},"fnMap":{"0":{"name":"MyStatusBar","decl":{"start":{"line":7,"column":27},"end":{"line":7,"column":38}},"loc":{"start":{"line":7,"column":45},"end":{"line":9,"column":205}},"line":7},"1":{"name":"(anonymous_1)","decl":{"start":{"line":13,"column":18},"end":{"line":13,"column":19}},"loc":{"start":{"line":13,"column":40},"end":{"line":28,"column":34}},"line":13},"2":{"name":"CustomStatusbar","decl":{"start":{"line":13,"column":103},"end":{"line":13,"column":118}},"loc":{"start":{"line":13,"column":121},"end":{"line":13,"column":301}},"line":13},"3":{"name":"render","decl":{"start":{"line":13,"column":379},"end":{"line":13,"column":385}},"loc":{"start":{"line":14,"column":4},"end":{"line":28,"column":5}},"line":14},"4":{"name":"mapStateToProps","decl":{"start":{"line":30,"column":31},"end":{"line":30,"column":46}},"loc":{"start":{"line":30,"column":54},"end":{"line":32,"column":55}},"line":30}},"branchMap":{"0":{"loc":{"start":{"line":17,"column":6},"end":{"line":20,"column":7}},"type":"if","locations":[{"start":{"line":17,"column":6},"end":{"line":20,"column":7}},{"start":{"line":17,"column":6},"end":{"line":20,"column":7}}],"line":17},"1":{"loc":{"start":{"line":21,"column":6},"end":{"line":27,"column":7}},"type":"if","locations":[{"start":{"line":21,"column":6},"end":{"line":27,"column":7}},{"start":{"line":21,"column":6},"end":{"line":27,"column":7}}],"line":21},"2":{"loc":{"start":{"line":25,"column":10},"end":{"line":25,"column":397}},"type":"cond-expr","locations":[{"start":{"line":25,"column":47},"end":{"line":25,"column":215}},{"start":{"line":25,"column":218},"end":{"line":25,"column":397}}],"line":25}},"s":{"0":0,"1":0,"2":0,"3":0,"4":0,"5":0,"6":0,"7":0,"8":0,"9":0,"10":0,"11":0,"12":0,"13":0,"14":0,"15":0,"16":0,"17":0,"18":0,"19":0,"20":0,"21":0,"22":0,"23":0,"24":0,"25":0,"26":0,"27":0,"28":0,"29":0,"30":0,"31":0,"32":0,"33":0,"34":0,"35":0,"36":0,"37":0,"38":0},"f":{"0":0,"1":0,"2":0,"3":0,"4":0},"b":{"0":[0,0],"1":[0,0],"2":[0,0]}}
,"C:\\Users\\nakkamadhusudhan\\Desktop\\eg\\src\\components\\DatePickerAndroid\\index.js": {"path":"C:\\Users\\nakkamadhusudhan\\Desktop\\eg\\src\\components\\DatePickerAndroid\\index.js","statementMap":{"0":{"start":{"line":1,"column":42},"end":{"line":1,"column":97}},"1":{"start":{"line":1,"column":128},"end":{"line":1,"column":184}},"2":{"start":{"line":1,"column":185},"end":{"line":1,"column":247}},"3":{"start":{"line":1,"column":247},"end":{"line":1,"column":272}},"4":{"start":{"line":1,"column":291},"end":{"line":1,"column":352}},"5":{"start":{"line":1,"column":376},"end":{"line":1,"column":448}},"6":{"start":{"line":1,"column":469},"end":{"line":1,"column":538}},"7":{"start":{"line":1,"column":573},"end":{"line":1,"column":656}},"8":{"start":{"line":1,"column":680},"end":{"line":1,"column":752}},"9":{"start":{"line":1,"column":770},"end":{"line":1,"column":836}},"10":{"start":{"line":1,"column":867},"end":{"line":1,"column":946}},"11":{"start":{"line":16,"column":13},"end":{"line":16,"column":54}},"12":{"start":{"line":17,"column":19},"end":{"line":17,"column":42}},"13":{"start":{"line":18,"column":27},"end":{"line":18,"column":59}},"14":{"start":{"line":25,"column":23},"end":{"line":25,"column":86}},"15":{"start":{"line":25,"column":106},"end":{"line":25,"column":194}},"16":{"start":{"line":43,"column":19},"end":{"line":54,"column":48}},"17":{"start":{"line":65,"column":13},"end":{"line":126,"column":47}},"18":{"start":{"line":65,"column":36},"end":{"line":65,"column":84}},"19":{"start":{"line":72,"column":40},"end":{"line":72,"column":88}},"20":{"start":{"line":73,"column":4},"end":{"line":73,"column":120}},"21":{"start":{"line":74,"column":4},"end":{"line":74,"column":136}},"22":{"start":{"line":75,"column":4},"end":{"line":75,"column":128}},"23":{"start":{"line":75,"column":128},"end":{"line":75,"column":141}},"24":{"start":{"line":76,"column":3},"end":{"line":126,"column":10}},"25":{"start":{"line":79,"column":6},"end":{"line":79,"column":29}},"26":{"start":{"line":80,"column":118},"end":{"line":93,"column":138}},"27":{"start":{"line":80,"column":188},"end":{"line":93,"column":112}},"28":{"start":{"line":80,"column":199},"end":{"line":93,"column":111}},"29":{"start":{"line":80,"column":246},"end":{"line":80,"column":264}},"30":{"start":{"line":80,"column":264},"end":{"line":80,"column":282}},"31":{"start":{"line":80,"column":282},"end":{"line":85,"column":53}},"32":{"start":{"line":85,"column":60},"end":{"line":85,"column":81}},"33":{"start":{"line":85,"column":81},"end":{"line":85,"column":102}},"34":{"start":{"line":85,"column":102},"end":{"line":85,"column":119}},"35":{"start":{"line":85,"column":119},"end":{"line":85,"column":138}},"36":{"start":{"line":85,"column":138},"end":{"line":85,"column":153}},"37":{"start":{"line":87,"column":14},"end":{"line":92,"column":15}},"38":{"start":{"line":88,"column":16},"end":{"line":88,"column":78}},"39":{"start":{"line":89,"column":16},"end":{"line":89,"column":39}},"40":{"start":{"line":90,"column":21},"end":{"line":92,"column":15}},"41":{"start":{"line":91,"column":16},"end":{"line":91,"column":39}},"42":{"start":{"line":92,"column":15},"end":{"line":92,"column":34}},"43":{"start":{"line":92,"column":34},"end":{"line":92,"column":40}},"44":{"start":{"line":92,"column":48},"end":{"line":92,"column":67}},"45":{"start":{"line":92,"column":67},"end":{"line":92,"column":102}},"46":{"start":{"line":93,"column":14},"end":{"line":93,"column":38}},"47":{"start":{"line":93,"column":38},"end":{"line":93,"column":68}},"48":{"start":{"line":93,"column":87},"end":{"line":93,"column":110}},"49":{"start":{"line":103,"column":6},"end":{"line":121,"column":164}},"50":{"start":{"line":126,"column":10},"end":{"line":126,"column":28}},"51":{"start":{"line":129,"column":0},"end":{"line":129,"column":39}},"52":{"start":{"line":131,"column":0},"end":{"line":131,"column":10}},"53":{"start":{"line":131,"column":11},"end":{"line":131,"column":38}}},"fnMap":{"0":{"name":"mapElement","decl":{"start":{"line":44,"column":23},"end":{"line":44,"column":33}},"loc":{"start":{"line":44,"column":37},"end":{"line":44,"column":39}},"line":44},"1":{"name":"onSubmitEditing","decl":{"start":{"line":45,"column":28},"end":{"line":45,"column":43}},"loc":{"start":{"line":45,"column":46},"end":{"line":45,"column":48}},"line":45},"2":{"name":"openDatePicker","decl":{"start":{"line":54,"column":27},"end":{"line":54,"column":41}},"loc":{"start":{"line":54,"column":44},"end":{"line":54,"column":46}},"line":54},"3":{"name":"(anonymous_3)","decl":{"start":{"line":65,"column":13},"end":{"line":65,"column":14}},"loc":{"start":{"line":65,"column":35},"end":{"line":126,"column":29}},"line":65},"4":{"name":"DatePicker","decl":{"start":{"line":72,"column":11},"end":{"line":72,"column":21}},"loc":{"start":{"line":72,"column":29},"end":{"line":76,"column":3}},"line":72},"5":{"name":"mapElement","decl":{"start":{"line":76,"column":80},"end":{"line":76,"column":90}},"loc":{"start":{"line":78,"column":10},"end":{"line":80,"column":5}},"line":78},"6":{"name":"openDatePicker","decl":{"start":{"line":80,"column":50},"end":{"line":80,"column":64}},"loc":{"start":{"line":80,"column":67},"end":{"line":93,"column":139}},"line":80},"7":{"name":"openDatePicker$","decl":{"start":{"line":80,"column":161},"end":{"line":80,"column":176}},"loc":{"start":{"line":80,"column":187},"end":{"line":93,"column":113}},"line":80},"8":{"name":"render","decl":{"start":{"line":93,"column":176},"end":{"line":93,"column":182}},"loc":{"start":{"line":102,"column":4},"end":{"line":126,"column":5}},"line":102}},"branchMap":{"0":{"loc":{"start":{"line":80,"column":199},"end":{"line":93,"column":111}},"type":"switch","locations":[{"start":{"line":80,"column":239},"end":{"line":85,"column":53}},{"start":{"line":85,"column":53},"end":{"line":92,"column":40}},{"start":{"line":92,"column":40},"end":{"line":93,"column":68}},{"start":{"line":93,"column":68},"end":{"line":93,"column":76}},{"start":{"line":93,"column":76},"end":{"line":93,"column":110}}],"line":80},"1":{"loc":{"start":{"line":87,"column":14},"end":{"line":92,"column":15}},"type":"if","locations":[{"start":{"line":87,"column":14},"end":{"line":92,"column":15}},{"start":{"line":87,"column":14},"end":{"line":92,"column":15}}],"line":87},"2":{"loc":{"start":{"line":90,"column":21},"end":{"line":92,"column":15}},"type":"if","locations":[{"start":{"line":90,"column":21},"end":{"line":92,"column":15}},{"start":{"line":90,"column":21},"end":{"line":92,"column":15}}],"line":90}},"s":{"0":0,"1":0,"2":0,"3":0,"4":0,"5":0,"6":0,"7":0,"8":0,"9":0,"10":0,"11":0,"12":0,"13":0,"14":0,"15":0,"16":0,"17":0,"18":0,"19":0,"20":0,"21":0,"22":0,"23":0,"24":0,"25":0,"26":0,"27":0,"28":0,"29":0,"30":0,"31":0,"32":0,"33":0,"34":0,"35":0,"36":0,"37":0,"38":0,"39":0,"40":0,"41":0,"42":0,"43":0,"44":0,"45":0,"46":0,"47":0,"48":0,"49":0,"50":0,"51":0,"52":0,"53":0},"f":{"0":0,"1":0,"2":0,"3":0,"4":0,"5":0,"6":0,"7":0,"8":0},"b":{"0":[0,0,0,0,0],"1":[0,0],"2":[0,0]}}
,"C:\\Users\\nakkamadhusudhan\\Desktop\\eg\\src\\components\\DatePickerIos\\index.js": {"path":"C:\\Users\\nakkamadhusudhan\\Desktop\\eg\\src\\components\\DatePickerIos\\index.js","statementMap":{"0":{"start":{"line":1,"column":42},"end":{"line":1,"column":97}},"1":{"start":{"line":1,"column":128},"end":{"line":1,"column":184}},"2":{"start":{"line":1,"column":185},"end":{"line":1,"column":247}},"3":{"start":{"line":1,"column":247},"end":{"line":1,"column":272}},"4":{"start":{"line":1,"column":295},"end":{"line":1,"column":367}},"5":{"start":{"line":1,"column":388},"end":{"line":1,"column":457}},"6":{"start":{"line":1,"column":492},"end":{"line":1,"column":575}},"7":{"start":{"line":1,"column":599},"end":{"line":1,"column":671}},"8":{"start":{"line":1,"column":689},"end":{"line":1,"column":755}},"9":{"start":{"line":1,"column":786},"end":{"line":1,"column":865}},"10":{"start":{"line":16,"column":13},"end":{"line":16,"column":54}},"11":{"start":{"line":17,"column":19},"end":{"line":17,"column":42}},"12":{"start":{"line":18,"column":27},"end":{"line":18,"column":59}},"13":{"start":{"line":26,"column":14},"end":{"line":26,"column":61}},"14":{"start":{"line":26,"column":81},"end":{"line":26,"column":165}},"15":{"start":{"line":43,"column":19},"end":{"line":54,"column":48}},"16":{"start":{"line":64,"column":13},"end":{"line":184,"column":47}},"17":{"start":{"line":64,"column":36},"end":{"line":64,"column":84}},"18":{"start":{"line":71,"column":40},"end":{"line":71,"column":88}},"19":{"start":{"line":72,"column":4},"end":{"line":72,"column":120}},"20":{"start":{"line":73,"column":4},"end":{"line":75,"column":32}},"21":{"start":{"line":77,"column":4},"end":{"line":77,"column":128}},"22":{"start":{"line":78,"column":4},"end":{"line":78,"column":140}},"23":{"start":{"line":79,"column":4},"end":{"line":79,"column":132}},"24":{"start":{"line":80,"column":4},"end":{"line":80,"column":154}},"25":{"start":{"line":81,"column":4},"end":{"line":81,"column":136}},"26":{"start":{"line":81,"column":136},"end":{"line":81,"column":149}},"27":{"start":{"line":82,"column":3},"end":{"line":184,"column":10}},"28":{"start":{"line":85,"column":6},"end":{"line":85,"column":29}},"29":{"start":{"line":89,"column":6},"end":{"line":112,"column":103}},"30":{"start":{"line":124,"column":6},"end":{"line":125,"column":29}},"31":{"start":{"line":134,"column":17},"end":{"line":134,"column":48}},"32":{"start":{"line":135,"column":18},"end":{"line":135,"column":33}},"33":{"start":{"line":136,"column":16},"end":{"line":136,"column":30}},"34":{"start":{"line":137,"column":17},"end":{"line":137,"column":35}},"35":{"start":{"line":138,"column":6},"end":{"line":138,"column":68}},"36":{"start":{"line":139,"column":6},"end":{"line":140,"column":35}},"37":{"start":{"line":149,"column":6},"end":{"line":150,"column":34}},"38":{"start":{"line":160,"column":6},"end":{"line":181,"column":65}},"39":{"start":{"line":184,"column":10},"end":{"line":184,"column":28}},"40":{"start":{"line":187,"column":0},"end":{"line":187,"column":39}},"41":{"start":{"line":189,"column":0},"end":{"line":189,"column":10}},"42":{"start":{"line":189,"column":11},"end":{"line":189,"column":38}}},"fnMap":{"0":{"name":"mapElement","decl":{"start":{"line":44,"column":23},"end":{"line":44,"column":33}},"loc":{"start":{"line":44,"column":37},"end":{"line":44,"column":39}},"line":44},"1":{"name":"onSubmitEditing","decl":{"start":{"line":45,"column":28},"end":{"line":45,"column":43}},"loc":{"start":{"line":45,"column":46},"end":{"line":45,"column":48}},"line":45},"2":{"name":"openDatePicker","decl":{"start":{"line":54,"column":27},"end":{"line":54,"column":41}},"loc":{"start":{"line":54,"column":44},"end":{"line":54,"column":46}},"line":54},"3":{"name":"(anonymous_3)","decl":{"start":{"line":64,"column":13},"end":{"line":64,"column":14}},"loc":{"start":{"line":64,"column":35},"end":{"line":184,"column":29}},"line":64},"4":{"name":"DatePicker","decl":{"start":{"line":71,"column":11},"end":{"line":71,"column":21}},"loc":{"start":{"line":71,"column":29},"end":{"line":82,"column":3}},"line":71},"5":{"name":"mapElement","decl":{"start":{"line":82,"column":80},"end":{"line":82,"column":90}},"loc":{"start":{"line":84,"column":10},"end":{"line":86,"column":5}},"line":84},"6":{"name":"renderDatePicker","decl":{"start":{"line":86,"column":52},"end":{"line":86,"column":68}},"loc":{"start":{"line":88,"column":4},"end":{"line":116,"column":5}},"line":88},"7":{"name":"onRequestClose","decl":{"start":{"line":94,"column":35},"end":{"line":94,"column":49}},"loc":{"start":{"line":94,"column":52},"end":{"line":96,"column":11}},"line":94},"8":{"name":"setDateValue","decl":{"start":{"line":116,"column":48},"end":{"line":116,"column":60}},"loc":{"start":{"line":123,"column":11},"end":{"line":127,"column":5}},"line":123},"9":{"name":"datePickerDoneBtnTapped","decl":{"start":{"line":127,"column":59},"end":{"line":127,"column":82}},"loc":{"start":{"line":133,"column":4},"end":{"line":142,"column":5}},"line":133},"10":{"name":"openDatePicker","decl":{"start":{"line":142,"column":50},"end":{"line":142,"column":64}},"loc":{"start":{"line":148,"column":4},"end":{"line":152,"column":5}},"line":148},"11":{"name":"render","decl":{"start":{"line":152,"column":42},"end":{"line":152,"column":48}},"loc":{"start":{"line":159,"column":4},"end":{"line":184,"column":5}},"line":159}},"branchMap":{"0":{"loc":{"start":{"line":181,"column":8},"end":{"line":181,"column":62}},"type":"binary-expr","locations":[{"start":{"line":181,"column":8},"end":{"line":181,"column":35}},{"start":{"line":181,"column":39},"end":{"line":181,"column":62}}],"line":181}},"s":{"0":0,"1":0,"2":0,"3":0,"4":0,"5":0,"6":0,"7":0,"8":0,"9":0,"10":0,"11":0,"12":0,"13":0,"14":0,"15":0,"16":0,"17":0,"18":0,"19":0,"20":0,"21":0,"22":0,"23":0,"24":0,"25":0,"26":0,"27":0,"28":0,"29":0,"30":0,"31":0,"32":0,"33":0,"34":0,"35":0,"36":0,"37":0,"38":0,"39":0,"40":0,"41":0,"42":0},"f":{"0":0,"1":0,"2":0,"3":0,"4":0,"5":0,"6":0,"7":0,"8":0,"9":0,"10":0,"11":0},"b":{"0":[0,0]}}
,"C:\\Users\\nakkamadhusudhan\\Desktop\\eg\\src\\components\\ExpandCollapseView\\index.js": {"path":"C:\\Users\\nakkamadhusudhan\\Desktop\\eg\\src\\components\\ExpandCollapseView\\index.js","statementMap":{"0":{"start":{"line":1,"column":42},"end":{"line":1,"column":97}},"1":{"start":{"line":1,"column":128},"end":{"line":1,"column":184}},"2":{"start":{"line":1,"column":185},"end":{"line":1,"column":247}},"3":{"start":{"line":1,"column":247},"end":{"line":1,"column":272}},"4":{"start":{"line":1,"column":295},"end":{"line":1,"column":367}},"5":{"start":{"line":1,"column":388},"end":{"line":1,"column":457}},"6":{"start":{"line":1,"column":492},"end":{"line":1,"column":575}},"7":{"start":{"line":1,"column":599},"end":{"line":1,"column":671}},"8":{"start":{"line":1,"column":689},"end":{"line":1,"column":755}},"9":{"start":{"line":16,"column":13},"end":{"line":16,"column":54}},"10":{"start":{"line":17,"column":19},"end":{"line":17,"column":42}},"11":{"start":{"line":18,"column":27},"end":{"line":18,"column":59}},"12":{"start":{"line":25,"column":23},"end":{"line":25,"column":86}},"13":{"start":{"line":25,"column":106},"end":{"line":25,"column":195}},"14":{"start":{"line":32,"column":21},"end":{"line":97,"column":55}},"15":{"start":{"line":32,"column":44},"end":{"line":32,"column":100}},"16":{"start":{"line":34,"column":48},"end":{"line":34,"column":104}},"17":{"start":{"line":35,"column":4},"end":{"line":35,"column":128}},"18":{"start":{"line":35,"column":128},"end":{"line":51,"column":6}},"19":{"start":{"line":49,"column":6},"end":{"line":49,"column":137}},"20":{"start":{"line":50,"column":6},"end":{"line":50,"column":51}},"21":{"start":{"line":51,"column":6},"end":{"line":51,"column":100}},"22":{"start":{"line":51,"column":100},"end":{"line":51,"column":113}},"23":{"start":{"line":51,"column":114},"end":{"line":97,"column":10}},"24":{"start":{"line":57,"column":18},"end":{"line":57,"column":22}},"25":{"start":{"line":58,"column":6},"end":{"line":62,"column":9}},"26":{"start":{"line":61,"column":8},"end":{"line":61,"column":26}},"27":{"start":{"line":70,"column":6},"end":{"line":91,"column":196}},"28":{"start":{"line":97,"column":10},"end":{"line":97,"column":36}},"29":{"start":{"line":100,"column":0},"end":{"line":100,"column":18}},"30":{"start":{"line":100,"column":19},"end":{"line":100,"column":46}}},"fnMap":{"0":{"name":"(anonymous_0)","decl":{"start":{"line":32,"column":21},"end":{"line":32,"column":22}},"loc":{"start":{"line":32,"column":43},"end":{"line":97,"column":37}},"line":32},"1":{"name":"ExpandCollapseView","decl":{"start":{"line":34,"column":11},"end":{"line":34,"column":29}},"loc":{"start":{"line":34,"column":37},"end":{"line":51,"column":114}},"line":34},"2":{"name":"(anonymous_2)","decl":{"start":{"line":48,"column":15},"end":{"line":48,"column":16}},"loc":{"start":{"line":48,"column":27},"end":{"line":51,"column":5}},"line":48},"3":{"name":"toggle","decl":{"start":{"line":51,"column":195},"end":{"line":51,"column":201}},"loc":{"start":{"line":57,"column":4},"end":{"line":63,"column":5}},"line":57},"4":{"name":"(anonymous_4)","decl":{"start":{"line":60,"column":6},"end":{"line":60,"column":7}},"loc":{"start":{"line":60,"column":18},"end":{"line":62,"column":7}},"line":60},"5":{"name":"render","decl":{"start":{"line":63,"column":42},"end":{"line":63,"column":48}},"loc":{"start":{"line":69,"column":4},"end":{"line":97,"column":5}},"line":69}},"branchMap":{"0":{"loc":{"start":{"line":49,"column":6},"end":{"line":49,"column":136}},"type":"binary-expr","locations":[{"start":{"line":49,"column":6},"end":{"line":49,"column":66}},{"start":{"line":49,"column":70},"end":{"line":49,"column":136}}],"line":49},"1":{"loc":{"start":{"line":74,"column":134},"end":{"line":74,"column":161}},"type":"cond-expr","locations":[{"start":{"line":74,"column":156},"end":{"line":74,"column":157}},{"start":{"line":74,"column":160},"end":{"line":74,"column":161}}],"line":74},"2":{"loc":{"start":{"line":80,"column":16},"end":{"line":80,"column":67}},"type":"cond-expr","locations":[{"start":{"line":80,"column":38},"end":{"line":80,"column":50}},{"start":{"line":80,"column":53},"end":{"line":80,"column":67}}],"line":80},"3":{"loc":{"start":{"line":89,"column":8},"end":{"line":91,"column":192}},"type":"binary-expr","locations":[{"start":{"line":89,"column":8},"end":{"line":89,"column":27}},{"start":{"line":90,"column":8},"end":{"line":91,"column":192}}],"line":89}},"s":{"0":0,"1":0,"2":0,"3":0,"4":0,"5":0,"6":0,"7":0,"8":0,"9":0,"10":0,"11":0,"12":0,"13":0,"14":0,"15":0,"16":0,"17":0,"18":0,"19":0,"20":0,"21":0,"22":0,"23":0,"24":0,"25":0,"26":0,"27":0,"28":0,"29":0,"30":0},"f":{"0":0,"1":0,"2":0,"3":0,"4":0,"5":0},"b":{"0":[0,0],"1":[0,0],"2":[0,0],"3":[0,0]}}
,"C:\\Users\\nakkamadhusudhan\\Desktop\\eg\\src\\components\\ExpandCollapseViewHeader\\index.js": {"path":"C:\\Users\\nakkamadhusudhan\\Desktop\\eg\\src\\components\\ExpandCollapseViewHeader\\index.js","statementMap":{"0":{"start":{"line":1,"column":42},"end":{"line":1,"column":97}},"1":{"start":{"line":1,"column":128},"end":{"line":1,"column":184}},"2":{"start":{"line":1,"column":185},"end":{"line":1,"column":247}},"3":{"start":{"line":1,"column":247},"end":{"line":1,"column":272}},"4":{"start":{"line":1,"column":295},"end":{"line":1,"column":367}},"5":{"start":{"line":1,"column":388},"end":{"line":1,"column":457}},"6":{"start":{"line":1,"column":492},"end":{"line":1,"column":575}},"7":{"start":{"line":1,"column":599},"end":{"line":1,"column":671}},"8":{"start":{"line":1,"column":689},"end":{"line":1,"column":755}},"9":{"start":{"line":16,"column":13},"end":{"line":16,"column":54}},"10":{"start":{"line":17,"column":19},"end":{"line":17,"column":42}},"11":{"start":{"line":18,"column":27},"end":{"line":18,"column":59}},"12":{"start":{"line":19,"column":18},"end":{"line":19,"column":45}},"13":{"start":{"line":26,"column":23},"end":{"line":26,"column":86}},"14":{"start":{"line":26,"column":106},"end":{"line":26,"column":201}},"15":{"start":{"line":33,"column":27},"end":{"line":103,"column":61}},"16":{"start":{"line":33,"column":50},"end":{"line":33,"column":112}},"17":{"start":{"line":35,"column":54},"end":{"line":35,"column":116}},"18":{"start":{"line":36,"column":4},"end":{"line":36,"column":134}},"19":{"start":{"line":36,"column":134},"end":{"line":51,"column":6}},"20":{"start":{"line":49,"column":6},"end":{"line":49,"column":137}},"21":{"start":{"line":50,"column":6},"end":{"line":50,"column":51}},"22":{"start":{"line":51,"column":6},"end":{"line":51,"column":84}},"23":{"start":{"line":51,"column":84},"end":{"line":51,"column":97}},"24":{"start":{"line":51,"column":98},"end":{"line":103,"column":10}},"25":{"start":{"line":57,"column":18},"end":{"line":57,"column":22}},"26":{"start":{"line":58,"column":6},"end":{"line":62,"column":9}},"27":{"start":{"line":61,"column":8},"end":{"line":61,"column":26}},"28":{"start":{"line":70,"column":6},"end":{"line":98,"column":135}},"29":{"start":{"line":92,"column":60},"end":{"line":92,"column":69}},"30":{"start":{"line":92,"column":70},"end":{"line":96,"column":96}},"31":{"start":{"line":98,"column":53},"end":{"line":98,"column":73}},"32":{"start":{"line":103,"column":10},"end":{"line":103,"column":42}},"33":{"start":{"line":106,"column":0},"end":{"line":106,"column":24}},"34":{"start":{"line":106,"column":25},"end":{"line":106,"column":52}}},"fnMap":{"0":{"name":"(anonymous_0)","decl":{"start":{"line":33,"column":27},"end":{"line":33,"column":28}},"loc":{"start":{"line":33,"column":49},"end":{"line":103,"column":43}},"line":33},"1":{"name":"ExpandCollapseViewHeader","decl":{"start":{"line":35,"column":11},"end":{"line":35,"column":35}},"loc":{"start":{"line":35,"column":43},"end":{"line":51,"column":98}},"line":35},"2":{"name":"(anonymous_2)","decl":{"start":{"line":48,"column":15},"end":{"line":48,"column":16}},"loc":{"start":{"line":48,"column":27},"end":{"line":51,"column":5}},"line":48},"3":{"name":"toggle","decl":{"start":{"line":51,"column":185},"end":{"line":51,"column":191}},"loc":{"start":{"line":57,"column":4},"end":{"line":63,"column":5}},"line":57},"4":{"name":"(anonymous_4)","decl":{"start":{"line":60,"column":6},"end":{"line":60,"column":7}},"loc":{"start":{"line":60,"column":18},"end":{"line":62,"column":7}},"line":60},"5":{"name":"render","decl":{"start":{"line":63,"column":42},"end":{"line":63,"column":48}},"loc":{"start":{"line":69,"column":4},"end":{"line":103,"column":5}},"line":69},"6":{"name":"renderItem","decl":{"start":{"line":92,"column":31},"end":{"line":92,"column":41}},"loc":{"start":{"line":92,"column":48},"end":{"line":96,"column":97}},"line":92},"7":{"name":"keyExtractor","decl":{"start":{"line":98,"column":33},"end":{"line":98,"column":45}},"loc":{"start":{"line":98,"column":52},"end":{"line":98,"column":74}},"line":98}},"branchMap":{"0":{"loc":{"start":{"line":49,"column":6},"end":{"line":49,"column":136}},"type":"binary-expr","locations":[{"start":{"line":49,"column":6},"end":{"line":49,"column":66}},{"start":{"line":49,"column":70},"end":{"line":49,"column":136}}],"line":49},"1":{"loc":{"start":{"line":80,"column":16},"end":{"line":80,"column":67}},"type":"cond-expr","locations":[{"start":{"line":80,"column":38},"end":{"line":80,"column":50}},{"start":{"line":80,"column":53},"end":{"line":80,"column":67}}],"line":80},"2":{"loc":{"start":{"line":89,"column":8},"end":{"line":98,"column":131}},"type":"binary-expr","locations":[{"start":{"line":89,"column":8},"end":{"line":89,"column":27}},{"start":{"line":90,"column":8},"end":{"line":98,"column":131}}],"line":89}},"s":{"0":0,"1":0,"2":0,"3":0,"4":0,"5":0,"6":0,"7":0,"8":0,"9":0,"10":0,"11":0,"12":0,"13":0,"14":0,"15":0,"16":0,"17":0,"18":0,"19":0,"20":0,"21":0,"22":0,"23":0,"24":0,"25":0,"26":0,"27":0,"28":0,"29":0,"30":0,"31":0,"32":0,"33":0,"34":0},"f":{"0":0,"1":0,"2":0,"3":0,"4":0,"5":0,"6":0,"7":0},"b":{"0":[0,0],"1":[0,0],"2":[0,0]}}
,"C:\\Users\\nakkamadhusudhan\\Desktop\\eg\\src\\components\\GridListView\\index.js": {"path":"C:\\Users\\nakkamadhusudhan\\Desktop\\eg\\src\\components\\GridListView\\index.js","statementMap":{"0":{"start":{"line":1,"column":42},"end":{"line":1,"column":97}},"1":{"start":{"line":1,"column":128},"end":{"line":1,"column":184}},"2":{"start":{"line":1,"column":185},"end":{"line":1,"column":247}},"3":{"start":{"line":1,"column":247},"end":{"line":1,"column":272}},"4":{"start":{"line":1,"column":295},"end":{"line":1,"column":367}},"5":{"start":{"line":1,"column":388},"end":{"line":1,"column":457}},"6":{"start":{"line":1,"column":492},"end":{"line":1,"column":575}},"7":{"start":{"line":1,"column":599},"end":{"line":1,"column":671}},"8":{"start":{"line":1,"column":689},"end":{"line":1,"column":755}},"9":{"start":{"line":1,"column":774},"end":{"line":1,"column":796}},"10":{"start":{"line":2,"column":13},"end":{"line":2,"column":54}},"11":{"start":{"line":3,"column":19},"end":{"line":3,"column":42}},"12":{"start":{"line":5,"column":18},"end":{"line":5,"column":66}},"13":{"start":{"line":6,"column":15},"end":{"line":6,"column":39}},"14":{"start":{"line":8,"column":14},"end":{"line":8,"column":33}},"15":{"start":{"line":8,"column":53},"end":{"line":8,"column":136}},"16":{"start":{"line":10,"column":19},"end":{"line":11,"column":19}},"17":{"start":{"line":14,"column":15},"end":{"line":159,"column":49}},"18":{"start":{"line":14,"column":38},"end":{"line":14,"column":88}},"19":{"start":{"line":16,"column":42},"end":{"line":16,"column":92}},"20":{"start":{"line":17,"column":4},"end":{"line":17,"column":122}},"21":{"start":{"line":17,"column":122},"end":{"line":30,"column":6}},"22":{"start":{"line":25,"column":6},"end":{"line":29,"column":9}},"23":{"start":{"line":28,"column":8},"end":{"line":28,"column":25}},"24":{"start":{"line":30,"column":6},"end":{"line":38,"column":6}},"25":{"start":{"line":33,"column":6},"end":{"line":37,"column":9}},"26":{"start":{"line":36,"column":8},"end":{"line":36,"column":25}},"27":{"start":{"line":38,"column":6},"end":{"line":44,"column":6}},"28":{"start":{"line":41,"column":6},"end":{"line":42,"column":56}},"29":{"start":{"line":44,"column":6},"end":{"line":49,"column":6}},"30":{"start":{"line":47,"column":6},"end":{"line":47,"column":137}},"31":{"start":{"line":48,"column":6},"end":{"line":48,"colu
[...]
62},"end":{"line":37,"column":181}}],"line":37},"5":{"loc":{"start":{"line":72,"column":18},"end":{"line":72,"column":61}},"type":"cond-expr","locations":[{"start":{"line":72,"column":55},"end":{"line":72,"column":57}},{"start":{"line":72,"column":60},"end":{"line":72,"column":61}}],"line":72},"6":{"loc":{"start":{"line":141,"column":20},"end":{"line":141,"column":80}},"type":"cond-expr","locations":[{"start":{"line":141,"column":57},"end":{"line":141,"column":65}},{"start":{"line":141,"column":68},"end":{"line":141,"column":80}}],"line":141},"7":{"loc":{"start":{"line":150,"column":14},"end":{"line":150,"column":74}},"type":"cond-expr","locations":[{"start":{"line":150,"column":51},"end":{"line":150,"column":61}},{"start":{"line":150,"column":64},"end":{"line":150,"column":74}}],"line":150},"8":{"loc":{"start":{"line":156,"column":14},"end":{"line":156,"column":74}},"type":"cond-expr","locations":[{"start":{"line":156,"column":51},"end":{"line":156,"column":61}},{"start":{"line":156,"column":64},"end":{"line":156,"column":74}}],"line":156},"9":{"loc":{"start":{"line":163,"column":14},"end":{"line":163,"column":74}},"type":"cond-expr","locations":[{"start":{"line":163,"column":51},"end":{"line":163,"column":61}},{"start":{"line":163,"column":64},"end":{"line":163,"column":74}}],"line":163},"10":{"loc":{"start":{"line":200,"column":11},"end":{"line":200,"column":65}},"type":"cond-expr","locations":[{"start":{"line":200,"column":48},"end":{"line":200,"column":59}},{"start":{"line":200,"column":62},"end":{"line":200,"column":65}}],"line":200},"11":{"loc":{"start":{"line":939,"column":16},"end":{"line":939,"column":88}},"type":"cond-expr","locations":[{"start":{"line":939,"column":53},"end":{"line":939,"column":73}},{"start":{"line":939,"column":76},"end":{"line":939,"column":88}}],"line":939},"12":{"loc":{"start":{"line":945,"column":16},"end":{"line":945,"column":83}},"type":"cond-expr","locations":[{"start":{"line":945,"column":53},"end":{"line":945,"column":68}},{"start":{"line":945,"column":71},"end":{"line":945,"column":83}}],"line":945},"13":{"loc":{"start":{"line":963,"column":16},"end":{"line":963,"column":83}},"type":"cond-expr","locations":[{"start":{"line":963,"column":53},"end":{"line":963,"column":68}},{"start":{"line":963,"column":71},"end":{"line":963,"column":83}}],"line":963},"14":{"loc":{"start":{"line":967,"column":16},"end":{"line":967,"column":85}},"type":"cond-expr","locations":[{"start":{"line":967,"column":53},"end":{"line":967,"column":69}},{"start":{"line":967,"column":72},"end":{"line":967,"column":85}}],"line":967},"15":{"loc":{"start":{"line":974,"column":16},"end":{"line":974,"column":85}},"type":"cond-expr","locations":[{"start":{"line":974,"column":53},"end":{"line":974,"column":69}},{"start":{"line":974,"column":72},"end":{"line":974,"column":85}}],"line":974},"16":{"loc":{"start":{"line":1002,"column":16},"end":{"line":1002,"column":83}},"type":"cond-expr","locations":[{"start":{"line":1002,"column":53},"end":{"line":1002,"column":68}},{"start":{"line":1002,"column":71},"end":{"line":1002,"column":83}}],"line":1002},"17":{"loc":{"start":{"line":1007,"column":16},"end":{"line":1007,"column":85}},"type":"cond-expr","locations":[{"start":{"line":1007,"column":53},"end":{"line":1007,"column":69}},{"start":{"line":1007,"column":72},"end":{"line":1007,"column":85}}],"line":1007}},"s":{"0":0,"1":0,"2":0,"3":0,"4":0,"5":0,"6":0,"7":0,"8":0,"9":0,"10":0,"11":0,"12":0,"13":0},"f":{},"b":{"0":[0,0],"1":[0,0],"2":[0,0,0,0,0,0],"3":[0,0],"4":[0,0,0,0,0,0],"5":[0,0],"6":[0,0],"7":[0,0],"8":[0,0],"9":[0,0],"10":[0,0],"11":[0,0],"12":[0,0],"13":[0,0],"14":[0,0],"15":[0,0],"16":[0,0],"17":[0,0]}}
,"C:\\Users\\nakkamadhusudhan\\Desktop\\eg\\src\\styles\\memberShipStyles.js": {"path":"C:\\Users\\nakkamadhusudhan\\Desktop\\eg\\src\\styles\\memberShipStyles.js","statementMap":{"0":{"start":{"line":1,"column":13},"end":{"line":1,"column":75}},"1":{"start":{"line":1,"column":75},"end":{"line":1,"column":122}},"2":{"start":{"line":1,"column":141},"end":{"line":1,"column":164}},"3":{"start":{"line":5,"column":22},"end":{"line":59,"column":23}},"4":{"start":{"line":63,"column":0},"end":{"line":63,"column":15}},"5":{"start":{"line":63,"column":16},"end":{"line":63,"column":43}},"6":{"start":{"line":65,"column":18},"end":{"line":114,"column":29}},"7":{"start":{"line":114,"column":30},"end":{"line":114,"column":64}}},"fnMap":{},"branchMap":{},"s":{"0":0,"1":0,"2":0,"3":0,"4":0,"5":0,"6":0,"7":0},"f":{},"b":{}}
,"C:\\Users\\nakkamadhusudhan\\Desktop\\eg\\src\\styles\\preferredStation.js": {"path":"C:\\Users\\nakkamadhusudhan\\Desktop\\eg\\src\\styles\\preferredStation.js","statementMap":{"0":{"start":{"line":1,"column":13},"end":{"line":1,"column":75}},"1":{"start":{"line":1,"column":75},"end":{"line":1,"column":100}},"2":{"start":{"line":1,"column":119},"end":{"line":1,"column":142}},"3":{"start":{"line":2,"column":18},"end":{"line":2,"column":61}},"4":{"start":{"line":3,"column":19},"end":{"line":3,"column":63}},"5":{"start":{"line":5,"column":23},"end":{"line":234,"column":33}},"6":{"start":{"line":238,"column":0},"end":{"line":238,"column":16}},"7":{"start":{"line":238,"column":17},"end":{"line":238,"column":44}}},"fnMap":{},"branchMap":{"0":{"loc":{"start":{"line":62,"column":15},"end":{"line":62,"column":190}},"type":"cond-expr","locations":[{"start":{"line":62,"column":184},"end":{"line":62,"column":186}},{"start":{"line":62,"column":189},"end":{"line":62,"column":190}}],"line":62},"1":{"loc":{"start":{"line":62,"column":15},"end":{"line":62,"column":181}},"type":"binary-expr","locations":[{"start":{"line":62,"column":15},"end":{"line":62,"column":49}},{"start":{"line":62,"column":53},"end":{"line":62,"column":73}},{"start":{"line":62,"column":77},"end":{"line":62,"column":96}},{"start":{"line":62,"column":100},"end":{"line":62,"column":134}},{"start":{"line":62,"column":138},"end":{"line":62,"column":158}},{"start":{"line":62,"column":162},"end":{"line":62,"column":181}}],"line":62}},"s":{"0":0,"1":0,"2":0,"3":0,"4":0,"5":0,"6":0,"7":0},"f":{},"b":{"0":[0,0],"1":[0,0,0,0,0,0]}}
,"C:\\Users\\nakkamadhusudhan\\Desktop\\eg\\src\\styles\\screenStyles.js": {"path":"C:\\Users\\nakkamadhusudhan\\Desktop\\eg\\src\\styles\\screenStyles.js","statementMap":{"0":{"start":{"line":1,"column":13},"end":{"line":1,"column":75}},"1":{"start":{"line":1,"column":75},"end":{"line":1,"column":100}},"2":{"start":{"line":1,"column":119},"end":{"line":1,"column":142}},"3":{"start":{"line":2,"column":13},"end":{"line":2,"column":42}},"4":{"start":{"line":3,"column":18},"end":{"line":3,"column":61}},"5":{"start":{"line":4,"column":19},"end":{"line":4,"column":63}},"6":{"start":{"line":7,"column":22},"end":{"line":7,"column":40}},"7":{"start":{"line":8,"column":23},"end":{"line":8,"column":42}},"8":{"start":{"line":9,"column":24},"end":{"line":9,"column":44}},"9":{"start":{"line":10,"column":19},"end":{"line":10,"column":34}},"10":{"start":{"line":11,"column":20},"end":{"line":11,"column":36}},"11":{"start":{"line":13,"column":13},"end":{"line":2637,"column":23}},"12":{"start":{"line":2641,"column":0},"end":{"line":2641,"column":6}},"13":{"start":{"line":2641,"column":7},"end":{"line":2641,"column":34}}},"fnMap":{},"branchMap":{"0":{"loc":{"start":{"line":21,"column":15},"end":{"line":21,"column":190}},"type":"cond-expr","locations":[{"start":{"line":21,"column":184},"end":{"line":21,"column":186}},{"start":{"line":21,"column":189},"end":{"line":21,"column":190}}],"line":21},"1":{"loc":{"start":{"line":21,"column":15},"end":{"line":21,"column":181}},"type":"binary-expr","locations":[{"start":{"line":21,"column":15},"end":{"line":21,"column":49}},{"start":{"line":21,"column":53},"end":{"line":21,"column":73}},{"start":{"line":21,"column":77},"end":{"line":21,"column":96}},{"start":{"line":21,"column":100},"end":{"line":21,"column":134}},{"start":{"line":21,"column":138},"end":{"line":21,"column":158}},{"start":{"line":21,"column":162},"end":{"line":21,"column":181}}],"line":21},"2":{"loc":{"start":{"line":31,"column":15},"end":{"line":31,"column":69}},"type":"cond-expr","locations":[{"start":{"line":31,"column":52},"end":{"line":31,"column":60}},{"start":{"line":31,"column":63},"end":{"line":31,"column":69}}],"line":31},"3":{"loc":{"start":{"line":72,"column":15},"end":{"line":72,"column":59}},"type":"cond-expr","locations":[{"start":{"line":72,"column":52},"end":{"line":72,"column":54}},{"start":{"line":72,"column":57},"end":{"line":72,"column":59}}],"line":72},"4":{"loc":{"start":{"line":194,"column":20},"end":{"line":194,"column":80}},"type":"cond-expr","locations":[{"start":{"line":194,"column":57},"end":{"line":194,"column":65}},{"start":{"line":194,"column":68},"end":{"line":194,"column":80}}],"line":194},"5":{"loc":{"start":{"line":229,"column":16},"end":{"line":229,"column":83}},"type":"cond-expr","locations":[{"start":{"line":229,"column":53},"end":{"line":229,"column":68}},{"start":{"line":229,"column":71},"end":{"line":229,"column":83}}],"line":229},"6":{"loc":{"start":{"line":235,"column":16},"end":{"line":235,"column":83}},"type":"cond-expr","locations":[{"start":{"line":235,"column":53},"end":{"line":235,"column":68}},{"start":{"line":235,"column":71},"end":{"line":235,"column":83}}],"line":235},"7":{"loc":{"start":{"line":243,"column":18},"end":{"line":243,"column":62}},"type":"cond-expr","locations":[{"start":{"line":243,"column":55},"end":{"line":243,"column":57}},{"start":{"line":243,"column":60},"end":{"line":243,"column":62}}],"line":243},"8":{"loc":{"start":{"line":255,"column":16},"end":{"line":255,"column":85}},"type":"cond-expr","locations":[{"start":{"line":255,"column":53},"end":{"line":255,"column":70}},{"start":{"line":255,"column":73},"end":{"line":255,"column":85}}],"line":255},"9":{"loc":{"start":{"line":263,"column":16},"end":{"line":263,"column":85}},"type":"cond-expr","locations":[{"start":{"line":263,"column":53},"end":{"line":263,"column":70}},{"start":{"line":263,"column":73},"end":{"line":263,"column":85}}],"line":263},"10":{"loc":{"start":{"line":290,"column":16},"end":{"line":290,"column":83}},"type":"cond-expr","locations":[{"start":{"line":290,"column":53},"end":{"line":290,"column":68}},{"start":{"line":290,"column":71},"end":{"line":290,"column":83}}],"line":290},"11":{"loc":{"start":{"line":302,"column":10},"end":{"line":302,"column":55}},"type":"cond-expr","locations":[{"start":{"line":302,"column":47},"end":{"line":302,"column":51}},{"start":{"line":302,"column":54},"end":{"line":302,"column":55}}],"line":302},"12":{"loc":{"start":{"line":303,"column":16},"end":{"line":303,"column":59}},"type":"cond-expr","locations":[{"start":{"line":303,"column":53},"end":{"line":303,"column":54}},{"start":{"line":303,"column":57},"end":{"line":303,"column":59}}],"line":303},"13":{"loc":{"start":{"line":340,"column":16},"end":{"line":340,"column":61}},"type":"cond-expr","locations":[{"start":{"line":340,"column":53},"end":{"line":340,"column":56}},{"start":{"line":340,"column":59},"end":{"line":340,"column":61}}],"line":340},"14":{"loc":{"start":{"line":369,"column":19},"end":{"line":369,"column":63}},"type":"cond-expr","locations":[{"start":{"line":369,"column":56},"end":{"line":369,"column":58}},{"start":{"line":369,"column":61},"end":{"line":369,"column":63}}],"line":369},"15":{"loc":{"start":{"line":381,"column":16},"end":{"line":381,"column":83}},"type":"cond-expr","locations":[{"start":{"line":381,"column":53},"end":{"line":381,"column":68}},{"start":{"line":381,"column":71},"end":{"line":381,"column":83}}],"line":381},"16":{"loc":{"start":{"line":383,"column":21},"end":{"line":383,"column":65}},"type":"cond-expr","locations":[{"start":{"line":383,"column":58},"end":{"line":383,"column":60}},{"start":{"line":383,"column":63},"end":{"line":383,"column":65}}],"line":383},"17":{"loc":{"start":{"line":388,"column":10},"end":{"line":388,"column":54}},"type":"cond-expr","locations":[{"start":{"line":388,"column":47},"end":{"line":388,"column":50}},{"start":{"line":388,"column":53},"end":{"line":388,"column":54}}],"line":388},"18":{"loc":{"start":{"line":600,"column":16},"end":{"line":600,"column":85}},"type":"cond-expr","locations":[{"start":{"line":600,"column":53},"end":{"line":600,"column":69}},{"start":{"line":600,"column":72},"end":{"line":600,"column":85}}],"line":600},"19":{"loc":{"start":{"line":606,"column":16},"end":{"line":606,"column":85}},"type":"cond-expr","locations":[{"start":{"line":606,"column":53},"end":{"line":606,"column":69}},{"start":{"line":606,"column":72},"end":{"line":606,"column":85}}],"line":606},"20":{"loc":{"start":{"line":612,"column":16},"end":{"line":612,"column":83}},"type":"cond-expr","locations":[{"start":{"line":612,"column":53},"end":{"line":612,"column":68}},{"start":{"line":612,"column":71},"end":{"line":612,"column":83}}],"line":612},"21":{"loc":{"start":{"line":743,"column":16},"end":{"line":743,"column":83}},"type":"cond-expr","locations":[{"start":{"line":743,"column":53},"end":{"line":743,"column":68}},{"start":{"line":743,"column":71},"end":{"line":743,"column":83}}],"line":743},"22":{"loc":{"start":{"line":872,"column":20},"end":{"line":872,"column":63}},"type":"cond-expr","locations":[{"start":{"line":872,"column":57},"end":{"line":872,"column":59}},{"start":{"line":872,"column":62},"end":{"line":872,"column":63}}],"line":872},"23":{"loc":{"start":{"line":921,"column":16},"end":{"line":921,"column":83}},"type":"cond-expr","locations":[{"start":{"line":921,"column":53},"end":{"line":921,"column":68}},{"start":{"line":921,"column":71},"end":{"line":921,"column":83}}],"line":921},"24":{"loc":{"start":{"line":1955,"column":12},"end":{"line":1955,"column":58}},"type":"cond-expr","locations":[{"start":{"line":1955,"column":49},"end":{"line":1955,"column":52}},{"start":{"line":1955,"column":55},"end":{"line":1955,"column":58}}],"line":1955},"25":{"loc":{"start":{"line":2579,"column":16},"end":{"line":2579,"column":83}},"type":"cond-expr","locations":[{"start":{"line":2579,"column":53},"end":{"line":2579,"column":68}},{"start":{"line":2579,"column":71},"end":{"line":2579,"column":83}}],"line":2579},"26":{"loc":{"start":{"line":2594,"column":18},"end":{"line":2594,"column":62}},"type":"cond-expr","locations":[{"start":{"line":2594,"column":55},"end":{"line":2594,"column":57}},{"start":{"line":2594,"column":60},"end":{"line":2594,"column":62}}],"line":2594},"27":{"loc":{"start":{"line":2633,"column":16},"end":{"line":2633,"column":85}},"type":"cond-expr","locations":[{"start":{"line":2633,"column":53},"end":{"line":2633,"column":70}},{"start":{"line":2633,"column":73},"end":{"line":2633,"column":85}}],"line":2633}},"s":{"0":0,"1":0,"2":0,"3":0,"4":0,"5":0,"6":0,"7":0,"8":0,"9":0,"10":0,"11":0,"12":0,"13":0},"f":{},"b":{"0":[0,0],"1":[0,0,0,0,0,0],"2":[0,0],"3":[0,0],"4":[0,0],"5":[0,0],"6":[0,0],"7":[0,0],"8":[0,0],"9":[0,0],"10":[0,0],"11":[0,0],"12":[0,0],"13":[0,0],"14":[0,0],"15":[0,0],"16":[0,0],"17":[0,0],"18":[0,0],"19":[0,0],"20":[0,0],"21":[0,0],"22":[0,0],"23":[0,0],"24":[0,0],"25":[0,0],"26":[0,0],"27":[0,0]}}
,"C:\\Users\\nakkamadhusudhan\\Desktop\\eg\\src\\styles\\stationfinder.js": {"path":"C:\\Users\\nakkamadhusudhan\\Desktop\\eg\\src\\styles\\stationfinder.js","statementMap":{"0":{"start":{"line":1,"column":13},"end":{"line":1,"column":75}},"1":{"start":{"line":1,"column":75},"end":{"line":1,"column":100}},"2":{"start":{"line":1,"column":119},"end":{"line":1,"column":142}},"3":{"start":{"line":7,"column":17},"end":{"line":240,"column":106}},"4":{"start":{"line":245,"column":0},"end":{"line":245,"column":10}},"5":{"start":{"line":245,"column":11},"end":{"line":245,"column":38}}},"fnMap":{},"branchMap":{},"s":{"0":0,"1":0,"2":0,"3":0,"4":0,"5":0},"f":{},"b":{}}
,"C:\\Users\\nakkamadhusudhan\\Desktop\\eg\\src\\styles\\termsAndConditions.js": {"path":"C:\\Users\\nakkamadhusudhan\\Desktop\\eg\\src\\styles\\termsAndConditions.js","statementMap":{"0":{"start":{"line":1,"column":13},"end":{"line":1,"column":75}},"1":{"start":{"line":1,"column":75},"end":{"line":1,"column":100}},"2":{"start":{"line":1,"column":119},"end":{"line":1,"column":142}},"3":{"start":{"line":2,"column":18},"end":{"line":2,"column":61}},"4":{"start":{"line":3,"column":19},"end":{"line":3,"column":63}},"5":{"start":{"line":7,"column":22},"end":{"line":7,"column":40}},"6":{"start":{"line":8,"column":23},"end":{"line":8,"column":42}},"7":{"start":{"line":9,"column":19},"end":{"line":9,"column":34}},"8":{"start":{"line":10,"column":20},"end":{"line":10,"column":36}},"9":{"start":{"line":13,"column":25},"end":{"line":74,"column":23}},"10":{"start":{"line":79,"column":0},"end":{"line":79,"column":18}},"11":{"start":{"line":79,"column":19},"end":{"line":79,"column":46}}},"fnMap":{},"branchMap":{"0":{"loc":{"start":{"line":20,"column":15},"end":{"line":20,"column":190}},"type":"cond-expr","locations":[{"start":{"line":20,"column":184},"end":{"line":20,"column":186}},{"start":{"line":20,"column":189},"end":{"line":20,"column":190}}],"line":20},"1":{"loc":{"start":{"line":20,"column":15},"end":{"line":20,"column":181}},"type":"binary-expr","locations":[{"start":{"line":20,"column":15},"end":{"line":20,"column":49}},{"start":{"line":20,"column":53},"end":{"line":20,"column":73}},{"start":{"line":20,"column":77},"end":{"line":20,"column":96}},{"start":{"line":20,"column":100},"end":{"line":20,"column":134}},{"start":{"line":20,"column":138},"end":{"line":20,"column":158}},{"start":{"line":20,"column":162},"end":{"line":20,"column":181}}],"line":20},"2":{"loc":{"start":{"line":44,"column":16},"end":{"line":44,"column":83}},"type":"cond-expr","locations":[{"start":{"line":44,"column":53},"end":{"line":44,"column":68}},{"start":{"line":44,"column":71},"end":{"line":44,"column":83}}],"line":44},"3":{"loc":{"start":{"line":52,"column":16},"end":{"line":52,"column":85}},"type":"cond-expr","locations":[{"start":{"line":52,"column":53},"end":{"line":52,"column":69}},{"start":{"line":52,"column":72},"end":{"line":52,"column":85}}],"line":52},"4":{"loc":{"start":{"line":68,"column":16},"end":{"line":68,"column":83}},"type":"cond-expr","locations":[{"start":{"line":68,"column":53},"end":{"line":68,"column":68}},{"start":{"line":68,"column":71},"end":{"line":68,"column":83}}],"line":68}},"s":{"0":0,"1":0,"2":0,"3":0,"4":0,"5":0,"6":0,"7":0,"8":0,"9":0,"10":0,"11":0},"f":{},"b":{"0":[0,0],"1":[0,0,0,0,0,0],"2":[0,0],"3":[0,0],"4":[0,0]}}
,"C:\\Users\\nakkamadhusudhan\\Desktop\\eg\\src\\styles\\userSettings.js": {"path":"C:\\Users\\nakkamadhusudhan\\Desktop\\eg\\src\\styles\\userSettings.js","statementMap":{"0":{"start":{"line":1,"column":13},"end":{"line":1,"column":75}},"1":{"start":{"line":1,"column":75},"end":{"line":1,"column":100}},"2":{"start":{"line":1,"column":119},"end":{"line":1,"column":142}},"3":{"start":{"line":3,"column":18},"end":{"line":3,"column":61}},"4":{"start":{"line":4,"column":19},"end":{"line":4,"column":63}},"5":{"start":{"line":6,"column":19},"end":{"line":187,"column":23}},"6":{"start":{"line":193,"column":0},"end":{"line":193,"column":12}},"7":{"start":{"line":193,"column":13},"end":{"line":193,"column":40}}},"fnMap":{},"branchMap":{"0":{"loc":{"start":{"line":22,"column":15},"end":{"line":22,"column":190}},"type":"cond-expr","locations":[{"start":{"line":22,"column":184},"end":{"line":22,"column":186}},{"start":{"line":22,"column":189},"end":{"line":22,"column":190}}],"line":22},"1":{"loc":{"start":{"line":22,"column":15},"end":{"line":22,"column":181}},"type":"binary-expr","locations":[{"start":{"line":22,"column":15},"end":{"line":22,"column":49}},{"start":{"line":22,"column":53},"end":{"line":22,"column":73}},{"start":{"line":22,"column":77},"end":{"line":22,"column":96}},{"start":{"line":22,"column":100},"end":{"line":22,"column":134}},{"start":{"line":22,"column":138},"end":{"line":22,"column":158}},{"start":{"line":22,"column":162},"end":{"line":22,"column":181}}],"line":22}},"s":{"0":0,"1":0,"2":0,"3":0,"4":0,"5":0,"6":0,"7":0},"f":{},"b":{"0":[0,0],"1":[0,0,0,0,0,0]}}
}
