TN:
SF:C:\Users\nakkamadhusudhan\Desktop\eg\src\Main.js
FN:41,(anonymous_0)
FN:43,Main
FN:48,componentDidMount
FN:55,(anonymous_3)
FN:75,infoRequestNew
FN:92,render
FN:116,mapStateToProps
FN:129,mapDispatchToProps
FNF:8
FNH:0
FNDA:0,(anonymous_0)
FNDA:0,Main
FNDA:0,componentDidMount
FNDA:0,(anonymous_3)
FNDA:0,infoRequestNew
FNDA:0,render
FNDA:0,mapStateToProps
FNDA:0,mapDispatchToProps
DA:1,0
DA:17,0
DA:18,0
DA:19,0
DA:20,0
DA:21,0
DA:26,0
DA:33,0
DA:41,0
DA:43,0
DA:44,0
DA:45,0
DA:46,0
DA:48,0
DA:53,0
DA:54,0
DA:56,0
DA:69,0
DA:78,0
DA:91,0
DA:99,0
DA:106,0
DA:116,0
DA:129,0
DA:135,0
LF:25
LH:0
BRDA:59,0,0,0
BRDA:59,0,1,0
BRF:2
BRH:0
end_of_record
TN:
SF:C:\Users\nakkamadhusudhan\Desktop\eg\src\actions\authActions.js
FN:4,registerUser
FN:4,(anonymous_1)
FN:8,loginUser
FN:8,(anonymous_3)
FN:12,logoutUser
FN:12,_callee
FN:12,_callee$
FN:16,getUserDetails
FN:16,_callee2
FN:16,_callee2$
FNF:10
FNH:0
FNDA:0,registerUser
FNDA:0,(anonymous_1)
FNDA:0,loginUser
FNDA:0,(anonymous_3)
FNDA:0,logoutUser
FNDA:0,_callee
FNDA:0,_callee$
FNDA:0,getUserDetails
FNDA:0,_callee2
FNDA:0,_callee2$
DA:1,0
DA:2,0
DA:4,0
DA:5,0
DA:6,0
DA:8,0
DA:9,0
DA:10,0
DA:12,0
DA:13,0
DA:16,0
DA:17,0
LF:12
LH:0
BRDA:12,0,0,0
BRDA:12,0,1,0
BRDA:12,0,2,0
BRDA:16,1,0,0
BRDA:16,1,1,0
BRDA:16,1,2,0
BRF:6
BRH:0
end_of_record
TN:
SF:C:\Users\nakkamadhusudhan\Desktop\eg\src\actions\contactusActions.js
FN:4,getConactUsData
FN:4,_callee
FN:4,_callee$
FNF:3
FNH:0
FNDA:0,getConactUsData
FNDA:0,_callee
FNDA:0,_callee$
DA:1,0
DA:2,0
DA:4,0
DA:5,0
LF:4
LH:0
BRDA:4,0,0,0
BRDA:4,0,1,0
BRDA:4,0,2,0
BRF:3
BRH:0
end_of_record
TN:
SF:C:\Users\nakkamadhusudhan\Desktop\eg\src\actions\editprofileActions.js
FN:5,postEditProfile
FN:5,_callee
FN:5,_callee$
FNF:3
FNH:0
FNDA:0,postEditProfile
FNDA:0,_callee
FNDA:0,_callee$
DA:1,0
DA:2,0
DA:3,0
DA:5,0
DA:7,0
LF:5
LH:0
BRDA:5,0,0,0
BRDA:5,0,1,0
BRDA:5,0,2,0
BRF:3
BRH:0
end_of_record
TN:
SF:C:\Users\nakkamadhusudhan\Desktop\eg\src\actions\faqactions.js
FN:4,getFaqData
FN:4,_callee
FN:4,_callee$
FNF:3
FNH:0
FNDA:0,getFaqData
FNDA:0,_callee
FNDA:0,_callee$
DA:1,0
DA:2,0
DA:4,0
DA:5,0
LF:4
LH:0
BRDA:4,0,0,0
BRDA:4,0,1,0
BRDA:4,0,2,0
BRF:3
BRH:0
end_of_record
TN:
SF:C:\Users\nakkamadhusudhan\Desktop\eg\src\actions\homeActions.js
FN:4,getHomeData
FN:4,_callee
FN:4,_callee$
FNF:3
FNH:0
FNDA:0,getHomeData
FNDA:0,_callee
FNDA:0,_callee$
DA:1,0
DA:2,0
DA:4,0
DA:5,0
LF:4
LH:0
BRDA:4,0,0,0
BRDA:4,0,1,0
BRDA:4,0,2,0
BRF:3
BRH:0
end_of_record
TN:
SF:C:\Users\nakkamadhusudhan\Desktop\eg\src\actions\index.js
FN:4,setLoader
FN:6,setCurrentScene
FNF:2
FNH:0
FNDA:0,setLoader
FNDA:0,setCurrentScene
DA:1,0
DA:2,0
DA:4,0
DA:6,0
DA:7,0
DA:11,0
LF:6
LH:0
BRF:0
BRH:0
end_of_record
TN:
SF:C:\Users\nakkamadhusudhan\Desktop\eg\src\actions\onBoardingActions.js
FN:3,onAppInstall
FNF:1
FNH:0
FNDA:0,onAppInstall
DA:1,0
DA:3,0
LF:2
LH:0
BRF:0
BRH:0
end_of_record
TN:
SF:C:\Users\nakkamadhusudhan\Desktop\eg\src\actions\stationFinderActions.js
FN:4,handleGetStations
FN:4,_callee
FN:4,_callee$
FNF:3
FNH:0
FNDA:0,handleGetStations
FNDA:0,_callee
FNDA:0,_callee$
DA:1,0
DA:2,0
DA:4,0
DA:5,0
LF:4
LH:0
BRDA:4,0,0,0
BRDA:4,0,1,0
BRDA:4,0,2,0
BRF:3
BRH:0
end_of_record
TN:
SF:C:\Users\nakkamadhusudhan\Desktop\eg\src\actions\voucherListActions.js
FN:4,getVoucherListData
FN:4,_callee
FN:4,_callee$
FNF:3
FNH:0
FNDA:0,getVoucherListData
FNDA:0,_callee
FNDA:0,_callee$
DA:1,0
DA:2,0
DA:4,0
DA:5,0
LF:4
LH:0
BRDA:4,0,0,0
BRDA:4,0,1,0
BRDA:4,0,2,0
BRF:3
BRH:0
end_of_record
TN:
SF:C:\Users\nakkamadhusudhan\Desktop\eg\src\actions\walletActions.js
FN:4,postWalletAddcard
FN:4,_callee
FN:4,_callee$
FNF:3
FNH:0
FNDA:0,postWalletAddcard
FNDA:0,_callee
FNDA:0,_callee$
DA:1,0
DA:2,0
DA:4,0
DA:6,0
LF:4
LH:0
BRDA:4,0,0,0
BRDA:4,0,1,0
BRDA:4,0,2,0
BRF:3
BRH:0
end_of_record
TN:
SF:C:\Users\nakkamadhusudhan\Desktop\eg\src\actions\walletCardsActions.js
FN:4,getWalletCards
FN:4,_callee
FN:4,_callee$
FNF:3
FNH:0
FNDA:0,getWalletCards
FNDA:0,_callee
FNDA:0,_callee$
DA:1,0
DA:2,0
DA:4,0
DA:5,0
LF:4
LH:0
BRDA:4,0,0,0
BRDA:4,0,1,0
BRDA:4,0,2,0
BRF:3
BRH:0
end_of_record
TN:
SF:C:\Users\nakkamadhusudhan\Desktop\eg\src\components\index.js
FN:1,get
FN:1,get
FN:1,get
FN:1,get
FN:1,get
FN:1,get
FN:1,get
FN:1,get
FN:1,get
FN:1,get
FN:1,get
FN:1,get
FN:1,get
FN:1,get
FN:1,get
FN:1,get
FN:1,get
FN:1,get
FN:1,get
FN:1,get
FN:1,get
FN:1,get
FNF:22
FNH:0
FNDA:0,get
FNDA:0,get
FNDA:0,get
FNDA:0,get
FNDA:0,get
FNDA:0,get
FNDA:0,get
FNDA:0,get
FNDA:0,get
FNDA:0,get
FNDA:0,get
FNDA:0,get
FNDA:0,get
FNDA:0,get
FNDA:0,get
FNDA:0,get
FNDA:0,get
FNDA:0,get
FNDA:0,get
FNDA:0,get
FNDA:0,get
FNDA:0,get
DA:1,0
DA:2,0
DA:3,0
DA:4,0
DA:5,0
DA:6,0
DA:7,0
DA:8,0
DA:9,0
DA:10,0
DA:11,0
DA:12,0
DA:13,0
DA:14,0
DA:15,0
DA:16,0
DA:17,0
DA:18,0
DA:19,0
DA:20,0
DA:21,0
DA:22,0
LF:22
LH:0
BRF:0
BRH:0
end_of_record
TN:
SF:C:\Users\nakkamadhusudhan\Desktop\eg\src\components\Button\index.js
FN:41,onPress
FN:53,(anonymous_1)
FN:53,Button
FN:53,render
FNF:4
FNH:0
FNDA:0,onPress
FNDA:0,(anonymous_1)
FNDA:0,Button
FNDA:0,render
DA:1,0
DA:16,0
DA:17,0
DA:18,0
DA:25,0
DA:37,0
DA:53,0
DA:61,0
DA:77,0
DA:80,0
DA:82,0
LF:11
LH:0
BRDA:65,0,0,0
BRDA:65,0,1,0
BRF:2
BRH:0
end_of_record
TN:
SF:C:\Users\nakkamadhusudhan\Desktop\eg\src\components\Card\index.js
FN:34,onPress
FN:44,(anonymous_1)
FN:44,CardItem
FN:50,(anonymous_3)
FN:113,render
FNF:5
FNH:0
FNDA:0,onPress
FNDA:0,(anonymous_1)
FNDA:0,CardItem
FNDA:0,(anonymous_3)
FNDA:0,render
DA:1,0
DA:15,0
DA:16,0
DA:17,0
DA:24,0
DA:32,0
DA:44,0
DA:58,0
DA:59,0
DA:113,0
DA:116,0
DA:117,0
DA:118,0
DA:124,0
DA:132,0
DA:135,0
DA:137,0
LF:17
LH:0
BRDA:80,0,0,0
BRDA:80,0,1,0
BRDA:85,1,0,0
BRDA:85,1,1,0
BRDA:86,2,0,0
BRDA:86,2,1,0
BRDA:99,3,0,0
BRDA:99,3,1,0
BRDA:107,4,0,0
BRDA:107,4,1,0
BRDA:117,5,0,0
BRDA:117,5,1,0
BRF:12
BRH:0
end_of_record
TN:
SF:C:\Users\nakkamadhusudhan\Desktop\eg\src\components\Checkbox\index.js
FN:45,(anonymous_0)
FN:45,Checkbox
FN:45,render
FNF:3
FNH:0
FNDA:0,(anonymous_0)
FNDA:0,Checkbox
FNDA:0,render
DA:1,0
DA:15,0
DA:16,0
DA:17,0
DA:24,0
DA:32,0
DA:45,0
DA:53,0
DA:66,0
DA:69,0
DA:71,0
LF:11
LH:0
BRDA:57,0,0,0
BRDA:57,0,1,0
BRF:2
BRH:0
end_of_record
TN:
SF:C:\Users\nakkamadhusudhan\Desktop\eg\src\components\CustomStatusbar\index.js
FN:7,MyStatusBar
FN:13,(anonymous_1)
FN:13,CustomStatusbar
FN:13,render
FN:30,mapStateToProps
FNF:5
FNH:0
FNDA:0,MyStatusBar
FNDA:0,(anonymous_1)
FNDA:0,CustomStatusbar
FNDA:0,render
FNDA:0,mapStateToProps
DA:1,0
DA:2,0
DA:3,0
DA:4,0
DA:5,0
DA:7,0
DA:13,0
DA:15,0
DA:16,0
DA:17,0
DA:18,0
DA:19,0
DA:21,0
DA:22,0
DA:24,0
DA:28,0
DA:30,0
DA:35,0
LF:18
LH:0
BRDA:17,0,0,0
BRDA:17,0,1,0
BRDA:21,1,0,0
BRDA:21,1,1,0
BRDA:25,2,0,0
BRDA:25,2,1,0
BRF:6
BRH:0
end_of_record
TN:
SF:C:\Users\nakkamadhusudhan\Desktop\eg\src\components\DatePickerAndroid\index.js
FN:44,mapElement
FN:45,onSubmitEditing
FN:54,openDatePicker
FN:65,(anonymous_3)
FN:72,DatePicker
FN:76,mapElement
FN:80,openDatePicker
FN:80,openDatePicker$
FN:93,render
FNF:9
FNH:0
FNDA:0,mapElement
FNDA:0,onSubmitEditing
FNDA:0,openDatePicker
FNDA:0,(anonymous_3)
FNDA:0,DatePicker
FNDA:0,mapElement
FNDA:0,openDatePicker
FNDA:0,openDatePicker$
FNDA:0,render
DA:1,0
DA:16,0
DA:17,0
DA:18,0
DA:25,0
DA:43,0
DA:65,0
DA:72,0
DA:73,0
DA:74,0
DA:75,0
DA:76,0
DA:79,0
DA:80,0
DA:85,0
DA:87,0
DA:88,0
DA:89,0
DA:90,0
DA:91,0
DA:92,0
DA:93,0
DA:103,0
DA:126,0
DA:129,0
DA:131,0
LF:26
LH:0
BRDA:80,0,0,0
BRDA:80,0,1,0
BRDA:80,0,2,0
BRDA:80,0,3,0
BRDA:80,0,4,0
BRDA:87,1,0,0
BRDA:87,1,1,0
BRDA:90,2,0,0
BRDA:90,2,1,0
BRF:9
BRH:0
end_of_record
TN:
SF:C:\Users\nakkamadhusudhan\Desktop\eg\src\components\DatePickerIos\index.js
FN:44,mapElement
FN:45,onSubmitEditing
FN:54,openDatePicker
FN:64,(anonymous_3)
FN:71,DatePicker
FN:82,mapElement
FN:86,renderDatePicker
FN:94,onRequestClose
FN:116,setDateValue
FN:127,datePickerDoneBtnTapped
FN:142,openDatePicker
FN:152,render
FNF:12
FNH:0
FNDA:0,mapElement
FNDA:0,onSubmitEditing
FNDA:0,openDatePicker
FNDA:0,(anonymous_3)
FNDA:0,DatePicker
FNDA:0,mapElement
FNDA:0,renderDatePicker
FNDA:0,onRequestClose
FNDA:0,setDateValue
FNDA:0,datePickerDoneBtnTapped
FNDA:0,openDatePicker
FNDA:0,render
DA:1,0
DA:16,0
DA:17,0
DA:18,0
DA:26,0
DA:43,0
DA:64,0
DA:71,0
DA:72,0
DA:73,0
DA:77,0
DA:78,0
DA:79,0
DA:80,0
DA:81,0
DA:82,0
DA:85,0
DA:89,0
DA:124,0
DA:134,0
DA:135,0
DA:136,0
DA:137,0
DA:138,0
DA:139,0
DA:149,0
DA:160,0
DA:184,0
DA:187,0
DA:189,0
LF:30
LH:0
BRDA:181,0,0,0
BRDA:181,0,1,0
BRF:2
BRH:0
end_of_record
TN:
SF:C:\Users\nakkamadhusudhan\Desktop\eg\src\components\ExpandCollapseView\index.js
FN:32,(anonymous_0)
FN:34,ExpandCollapseView
FN:48,(anonymous_2)
FN:51,toggle
FN:60,(anonymous_4)
FN:63,render
FNF:6
FNH:0
FNDA:0,(anonymous_0)
FNDA:0,ExpandCollapseView
FNDA:0,(anonymous_2)
FNDA:0,toggle
FNDA:0,(anonymous_4)
FNDA:0,render
DA:1,0
DA:16,0
DA:17,0
DA:18,0
DA:25,0
DA:32,0
DA:34,0
DA:35,0
DA:49,0
DA:50,0
DA:51,0
DA:57,0
DA:58,0
DA:61,0
DA:70,0
DA:97,0
DA:100,0
LF:17
LH:0
BRDA:49,0,0,0
BRDA:49,0,1,0
BRDA:74,1,0,0
BRDA:74,1,1,0
BRDA:80,2,0,0
BRDA:80,2,1,0
BRDA:89,3,0,0
BRDA:89,3,1,0
BRF:8
BRH:0
end_of_record
TN:
SF:C:\Users\nakkamadhusudhan\Desktop\eg\src\components\ExpandCollapseViewHeader\index.js
FN:33,(anonymous_0)
FN:35,ExpandCollapseViewHeader
FN:48,(anonymous_2)
FN:51,toggle
FN:60,(anonymous_4)
FN:63,render
FN:92,renderItem
FN:98,keyExtractor
FNF:8
FNH:0
FNDA:0,(anonymous_0)
FNDA:0,ExpandCollapseViewHeader
FNDA:0,(anonymous_2)
FNDA:0,toggle
FNDA:0,(anonymous_4)
FNDA:0,render
FNDA:0,renderItem
FNDA:0,keyExtractor
DA:1,0
DA:16,0
DA:17,0
DA:18,0
DA:19,0
DA:26,0
DA:33,0
DA:35,0
DA:36,0
DA:49,0
DA:50,0
DA:51,0
DA:57,0
DA:58,0
DA:61,0
DA:70,0
DA:92,0
DA:98,0
DA:103,0
DA:106,0
LF:20
LH:0
BRDA:49,0,0,0
BRDA:49,0,1,0
BRDA:80,1,0,0
BRDA:80,1,1,0
BRDA:89,2,0,0
BRDA:89,2,1,0
BRF:6
BRH:0
end_of_record
TN:
SF:C:\Users\nakkamadhusudhan\Desktop\eg\src\components\GridListView\index.js
FN:14,(anonymous_0)
FN:16,GridListView
FN:24,(anonymous_2)
FN:27,(anonymous_3)
FN:32,(anonymous_4)
FN:35,(anonymous_5)
FN:40,(anonymous_6)
FN:46,(anonymous_7)
FN:51,(anonymous_8)
FN:54,(anonymous_9)
FN:65,(anonymous_10)
FN:67,(anonymous_11)
FN:74,(anonymous_12)
FN:77,(anonymous_13)
FN:79,onPress
FN:83,onLayout
FN:94,(anonymous_16)
FN:103,(anonymous_17)
FN:130,render
FNF:19
FNH:0
FNDA:0,(anonymous_0)
FNDA:0,GridListView
FNDA:0,(anonymous_2)
FNDA:0,(anonymous_3)
FNDA:0,(anonymous_4)
FNDA:0,(anonymous_5)
FNDA:0,(anonymous_6)
FNDA:0,(anonymous_7)
FNDA:0,(anonymous_8)
FNDA:0,(anonymous_9)
FNDA:0,(anonymous_10)
FNDA:0,(anonymous_11)
FNDA:0,(anonymous_12)
FNDA:0,(anonymous_13)
FNDA:0,onPress
FNDA:0,onLayout
FNDA:0,(anonymous_16)
FNDA:0,(anonymous_17)
FNDA:0,render
DA:1,0
DA:2,0
DA:3,0
DA:5,0
DA:6,0
DA:8,0
DA:10,0
DA:14,0
DA:16,0
DA:17,0
DA:25,0
DA:28,0
DA:30,0
DA:33,0
DA:36,0
DA:38,0
DA:41,0
DA:44,0
DA:47,0
DA:48,0
DA:49,0
DA:52,0
DA:53,0
DA:54,0
DA:55,0
DA:56,0
DA:58,0
DA:60,0
DA:62,0
DA:63,0
DA:66,0
DA:67,0
DA:68,0
DA:72,0
DA:75,0
DA:76,0
DA:77,0
DA:78,0
DA:79,0
DA:83,0
DA:92,0
DA:95,0
DA:96,0
DA:98,0
DA:99,0
DA:100,0
DA:101,0
DA:104,0
DA:106,0
DA:108,0
DA:110,0
DA:112,0
DA:114,0
DA:116,0
DA:118,0
DA:120,0
DA:122,0
DA:124,0
DA:126,0
DA:128,0
DA:130,0
DA:133,0
DA:134,0
DA:159,0
DA:162,0
LF:65
LH:0
BRDA:47,0,0,0
BRDA:47,0,1,0
BRDA:55,1,0,0
BRDA:55,1,1,0
BRDA:55,2,0,0
BRDA:55,2,1,0
BRDA:80,3,0,0
BRDA:80,3,1,0
BRDA:83,4,0,0
BRDA:83,4,1,0
BRDA:95,5,0,0
BRDA:95,5,1,0
BRDA:95,6,0,0
BRDA:95,6,1,0
BRDA:104,7,0,0
BRDA:104,7,1,0
BRDA:104,7,2,0
BRDA:104,7,3,0
BRDA:104,7,4,0
BRDA:104,7,5,0
BRDA:104,7,6,0
BRDA:104,7,7,0
BRDA:104,7,8,0
BRDA:104,7,9,0
BRDA:104,7,10,0
BRDA:104,7,11,0
BRDA:140,8,0,0
BRDA:140,8,1,0
BRDA:146,9,0,0
BRDA:146,9,1,0
BRDA:154,10,0,0
BRDA:154,10,1,0
BRF:32
BRH:0
end_of_record
TN:
SF:C:\Users\nakkamadhusudhan\Desktop\eg\src\components\GridListView\styles.js
FN:3,renderStyles
FNF:1
FNH:0
FNDA:0,renderStyles
DA:1,0
DA:3,0
DA:4,0
DA:79,0
DA:81,0
DA:105,0
LF:6
LH:0
BRDA:3,0,0,0
BRDA:3,0,1,0
BRDA:3,1,0,0
BRDA:3,1,1,0
BRDA:27,2,0,0
BRDA:27,2,1,0
BRDA:33,3,0,0
BRDA:33,3,1,0
BRDA:34,4,0,0
BRDA:34,4,1,0
BRDA:43,5,0,0
BRDA:43,5,1,0
BRDA:45,6,0,0
BRDA:45,6,1,0
BRDA:46,7,0,0
BRDA:46,7,1,0
BRDA:52,8,0,0
BRDA:52,8,1,0
BRDA:56,9,0,0
BRDA:56,9,1,0
BRDA:58,10,0,0
BRDA:58,10,1,0
BRDA:60,11,0,0
BRDA:60,11,1,0
BRF:24
BRH:0
end_of_record
TN:
SF:C:\Users\nakkamadhusudhan\Desktop\eg\src\components\InputText\index.js
FN:28,mapElement
FN:29,onSubmitEditing
FN:39,onIconPress
FN:46,(anonymous_3)
FN:48,InputText
FN:51,mapElement
FN:55,render
FNF:7
FNH:0
FNDA:0,mapElement
FNDA:0,onSubmitEditing
FNDA:0,onIconPress
FNDA:0,(anonymous_3)
FNDA:0,InputText
FNDA:0,mapElement
FNDA:0,render
DA:1,0
DA:16,0
DA:17,0
DA:18,0
DA:25,0
DA:27,0
DA:46,0
DA:48,0
DA:49,0
DA:50,0
DA:51,0
DA:54,0
DA:63,0
DA:88,0
DA:91,0
DA:93,0
LF:16
LH:0
BRDA:78,0,0,0
BRDA:78,0,1,0
BRDA:81,1,0,0
BRDA:81,1,1,0
BRF:4
BRH:0
end_of_record
TN:
SF:C:\Users\nakkamadhusudhan\Desktop\eg\src\components\LinkButton\index.js
FN:28,onPress
FN:41,(anonymous_1)
FN:41,LinkButton
FN:41,render
FNF:4
FNH:0
FNDA:0,onPress
FNDA:0,(anonymous_1)
FNDA:0,LinkButton
FNDA:0,render
DA:1,0
DA:16,0
DA:17,0
DA:24,0
DA:26,0
DA:41,0
DA:49,0
DA:58,0
DA:61,0
DA:63,0
LF:10
LH:0
BRDA:51,0,0,0
BRDA:51,0,1,0
BRF:2
BRH:0
end_of_record
TN:
SF:C:\Users\nakkamadhusudhan\Desktop\eg\src\components\ListPicker\index.js
FN:31,(anonymous_0)
FN:32,ListPicker
FN:39,(anonymous_2)
FN:44,render
FNF:4
FNH:0
FNDA:0,(anonymous_0)
FNDA:0,ListPicker
FNDA:0,(anonymous_2)
FNDA:0,render
DA:1,0
DA:15,0
DA:16,0
DA:23,0
DA:31,0
DA:32,0
DA:33,0
DA:40,0
DA:43,0
DA:44,0
DA:52,0
DA:64,0
DA:67,0
LF:13
LH:0
BRF:0
BRH:0
end_of_record
TN:
SF:C:\Users\nakkamadhusudhan\Desktop\eg\src\components\Loader\index.js
FN:20,(anonymous_0)
FN:20,Loader
FN:20,render
FN:40,mapStateToProps
FN:44,mapDispatchToProps
FNF:5
FNH:0
FNDA:0,(anonymous_0)
FNDA:0,Loader
FNDA:0,render
FNDA:0,mapStateToProps
FNDA:0,mapDispatchToProps
DA:1,0
DA:9,0
DA:10,0
DA:11,0
DA:18,0
DA:20,0
DA:23,0
DA:24,0
DA:34,0
DA:37,0
DA:40,0
DA:44,0
DA:46,0
LF:13
LH:0
BRDA:23,0,0,0
BRDA:23,0,1,0
BRF:2
BRH:0
end_of_record
TN:
SF:C:\Users\nakkamadhusudhan\Desktop\eg\src\components\LunguagePickerAndroid\index.js
FN:47,(anonymous_0)
FN:51,LunguagePickerAndroid
FN:65,(anonymous_2)
FN:68,(anonymous_3)
FN:85,(anonymous_4)
FN:89,selectedItemFromFlatList
FN:97,(anonymous_6)
FN:106,renderMessageForFlatList
FN:113,onPress
FN:124,renderDatePickerFlatList
FN:133,keyExtractor
FN:134,renderItem
FN:137,renderAndroidDataPickerBottomBar
FN:155,renderDatePickerView
FN:172,render
FNF:15
FNH:0
FNDA:0,(anonymous_0)
FNDA:0,LunguagePickerAndroid
FNDA:0,(anonymous_2)
FNDA:0,(anonymous_3)
FNDA:0,(anonymous_4)
FNDA:0,selectedItemFromFlatList
FNDA:0,(anonymous_6)
FNDA:0,renderMessageForFlatList
FNDA:0,onPress
FNDA:0,renderDatePickerFlatList
FNDA:0,keyExtractor
FNDA:0,renderItem
FNDA:0,renderAndroidDataPickerBottomBar
FNDA:0,renderDatePickerView
FNDA:0,render
DA:1,0
DA:14,0
DA:15,0
DA:22,0
DA:24,0
DA:26,0
DA:47,0
DA:51,0
DA:52,0
DA:66,0
DA:67,0
DA:68,0
DA:69,0
DA:70,0
DA:71,0
DA:74,0
DA:75,0
DA:77,0
DA:78,0
DA:79,0
DA:86,0
DA:88,0
DA:89,0
DA:95,0
DA:96,0
DA:97,0
DA:98,0
DA:99,0
DA:100,0
DA:102,0
DA:105,0
DA:111,0
DA:112,0
DA:113,0
DA:129,0
DA:130,0
DA:133,0
DA:134,0
DA:143,0
DA:161,0
DA:162,0
DA:178,0
DA:183,0
DA:186,0
LF:44
LH:0
BRDA:70,0,0,0
BRDA:70,0,1,0
BRDA:74,1,0,0
BRDA:74,1,1,0
BRDA:99,2,0,0
BRDA:99,2,1,0
BRDA:161,3,0,0
BRDA:161,3,1,0
BRF:8
BRH:0
end_of_record
TN:
SF:C:\Users\nakkamadhusudhan\Desktop\eg\src\components\Phone\index.js
FN:28,mapElement
FN:29,onSubmitEditing
FN:39,onIconPress
FN:47,(anonymous_3)
FN:48,Phone
FN:51,mapElement
FN:55,render
FNF:7
FNH:0
FNDA:0,mapElement
FNDA:0,onSubmitEditing
FNDA:0,onIconPress
FNDA:0,(anonymous_3)
FNDA:0,Phone
FNDA:0,mapElement
FNDA:0,render
DA:1,0
DA:16,0
DA:17,0
DA:18,0
DA:25,0
DA:27,0
DA:47,0
DA:48,0
DA:49,0
DA:50,0
DA:51,0
DA:54,0
DA:63,0
DA:94,0
DA:97,0
DA:99,0
LF:16
LH:0
BRF:0
BRH:0
end_of_record
TN:
SF:C:\Users\nakkamadhusudhan\Desktop\eg\src\components\Routes\index.js
FN:62,(anonymous_0)
FN:64,Routes
FN:105,(anonymous_2)
FN:107,renderSettingsIcon
FN:107,renderFindIcon
FN:107,renderHomeIcon
FN:107,renderLoyalityIcon
FN:107,renderPayIcon
FN:107,renderPromotionIcon
FN:107,render
FN:123,tabBarOnPress
FN:123,onPress
FN:123,onPress
FN:124,tabBarOnPress
FN:124,onPress
FN:124,onPress
FN:129,tabBarOnPress
FN:129,onPress
FN:129,onPress
FNF:19
FNH:0
FNDA:0,(anonymous_0)
FNDA:0,Routes
FNDA:0,(anonymous_2)
FNDA:0,renderSettingsIcon
FNDA:0,renderFindIcon
FNDA:0,renderHomeIcon
FNDA:0,renderLoyalityIcon
FNDA:0,renderPayIcon
FNDA:0,renderPromotionIcon
FNDA:0,render
FNDA:0,tabBarOnPress
FNDA:0,onPress
FNDA:0,onPress
FNDA:0,tabBarOnPress
FNDA:0,onPress
FNDA:0,onPress
FNDA:0,tabBarOnPress
FNDA:0,onPress
FNDA:0,onPress
DA:1,0
DA:7,0
DA:8,0
DA:9,0
DA:10,0
DA:13,0
DA:14,0
DA:15,0
DA:16,0
DA:17,0
DA:18,0
DA:19,0
DA:20,0
DA:21,0
DA:22,0
DA:23,0
DA:24,0
DA:25,0
DA:26,0
DA:27,0
DA:28,0
DA:29,0
DA:30,0
DA:31,0
DA:32,0
DA:33,0
DA:34,0
DA:36,0
DA:37,0
DA:38,0
DA:39,0
DA:40,0
DA:41,0
DA:42,0
DA:43,0
DA:44,0
DA:45,0
DA:46,0
DA:47,0
DA:48,0
DA:49,0
DA:51,0
DA:52,0
DA:54,0
DA:55,0
DA:62,0
DA:64,0
DA:65,0
DA:106,0
DA:107,0
DA:115,0
DA:123,0
DA:124,0
DA:129,0
DA:184,0
LF:55
LH:0
BRDA:107,0,0,0
BRDA:107,0,1,0
BRDA:107,1,0,0
BRDA:107,1,1,0
BRDA:107,2,0,0
BRDA:107,2,1,0
BRDA:107,3,0,0
BRDA:107,3,1,0
BRDA:107,4,0,0
BRDA:107,4,1,0
BRDA:107,5,0,0
BRDA:107,5,1,0
BRDA:145,6,0,0
BRDA:145,6,1,0
BRDA:145,7,0,0
BRDA:145,7,1,0
BRDA:145,7,2,0
BRDA:145,7,3,0
BRDA:145,7,4,0
BRDA:145,7,5,0
BRF:20
BRH:0
end_of_record
TN:
SF:C:\Users\nakkamadhusudhan\Desktop\eg\src\components\ScanInput\index.js
FN:7,mapElement
FN:8,onSubmitEditing
FN:18,onIconPress
FN:21,(anonymous_3)
FN:21,ScanInput
FN:23,(anonymous_5)
FN:25,render
FNF:7
FNH:0
FNDA:0,mapElement
FNDA:0,onSubmitEditing
FNDA:0,onIconPress
FNDA:0,(anonymous_3)
FNDA:0,ScanInput
FNDA:0,(anonymous_5)
FNDA:0,render
DA:1,0
DA:2,0
DA:4,0
DA:6,0
DA:21,0
DA:24,0
DA:25,0
DA:28,0
DA:45,0
DA:48,0
DA:50,0
LF:11
LH:0
BRF:0
BRH:0
end_of_record
TN:
SF:C:\Users\nakkamadhusudhan\Desktop\eg\src\components\Sidebar\Sidebar.js
FN:19,(anonymous_0)
FN:19,Sidebar
FN:19,render
FN:30,onPress
FN:43,onPress
FN:56,onPress
FN:69,onPress
FN:83,onPress
FNF:8
FNH:0
FNDA:0,(anonymous_0)
FNDA:0,Sidebar
FNDA:0,render
FNDA:0,onPress
FNDA:0,onPress
FNDA:0,onPress
FNDA:0,onPress
FNDA:0,onPress
DA:1,0
DA:7,0
DA:8,0
DA:11,0
DA:12,0
DA:19,0
DA:28,0
DA:30,0
DA:43,0
DA:56,0
DA:69,0
DA:83,0
DA:98,0
DA:101,0
LF:14
LH:0
BRF:0
BRH:0
end_of_record
TN:
SF:C:\Users\nakkamadhusudhan\Desktop\eg\src\components\StationDetailTimings\index.js
FN:32,(anonymous_0)
FN:34,StationDetailTimings
FN:70,_animate
FN:79,toggle
FN:88,(anonymous_4)
FN:91,render
FN:120,renderItem
FN:126,keyExtractor
FNF:8
FNH:0
FNDA:0,(anonymous_0)
FNDA:0,StationDetailTimings
FNDA:0,_animate
FNDA:0,toggle
FNDA:0,(anonymous_4)
FNDA:0,render
FNDA:0,renderItem
FNDA:0,keyExtractor
DA:1,0
DA:16,0
DA:17,0
DA:18,0
DA:25,0
DA:32,0
DA:34,0
DA:35,0
DA:36,0
DA:69,0
DA:70,0
DA:77,0
DA:78,0
DA:85,0
DA:86,0
DA:89,0
DA:98,0
DA:120,0
DA:126,0
DA:131,0
DA:134,0
LF:21
LH:0
BRDA:77,0,0,0
BRDA:77,0,1,0
BRDA:108,1,0,0
BRDA:108,1,1,0
BRDA:117,2,0,0
BRDA:117,2,1,0
BRF:6
BRH:0
end_of_record
TN:
SF:C:\Users\nakkamadhusudhan\Desktop\eg\src\components\ToggleSwitch\index.js
FN:15,(anonymous_0)
FN:15,ToggleSwitch
FN:15,render
FNF:3
FNH:0
FNDA:0,(anonymous_0)
FNDA:0,ToggleSwitch
FNDA:0,render
DA:1,0
DA:7,0
DA:8,0
DA:15,0
DA:23,0
DA:30,0
DA:33,0
LF:7
LH:0
BRF:0
BRH:0
end_of_record
TN:
SF:C:\Users\nakkamadhusudhan\Desktop\eg\src\components\Toolbar\index.js
FN:31,(anonymous_0)
FN:32,Toolbar
FN:37,getTypedIcon
FN:54,getSizeIcon
FN:58,getColorIcon
FN:62,render
FNF:6
FNH:0
FNDA:0,(anonymous_0)
FNDA:0,Toolbar
FNDA:0,getTypedIcon
FNDA:0,getSizeIcon
FNDA:0,getColorIcon
FNDA:0,render
DA:1,0
DA:7,0
DA:8,0
DA:13,0
DA:14,0
DA:17,0
DA:19,0
DA:31,0
DA:32,0
DA:33,0
DA:34,0
DA:35,0
DA:36,0
DA:37,0
DA:40,0
DA:42,0
DA:43,0
DA:45,0
DA:48,0
DA:50,0
DA:52,0
DA:57,0
DA:61,0
DA:70,0
DA:110,0
DA:113,0
DA:115,0
LF:27
LH:0
BRDA:40,0,0,0
BRDA:40,0,1,0
BRDA:40,0,2,0
BRDA:40,0,3,0
BRDA:42,1,0,0
BRDA:42,1,1,0
BRDA:57,2,0,0
BRDA:57,2,1,0
BRDA:72,3,0,0
BRDA:72,3,1,0
BRDA:87,4,0,0
BRDA:87,4,1,0
BRDA:99,5,0,0
BRDA:99,5,1,0
BRF:14
BRH:0
end_of_record
TN:
SF:C:\Users\nakkamadhusudhan\Desktop\eg\src\components\ViewPagerItems\index.js
FN:54,(anonymous_0)
FN:65,ViewPagerItems
FN:74,onCloseClick
FN:82,render
FN:109,onPress
FNF:5
FNH:0
FNDA:0,(anonymous_0)
FNDA:0,ViewPagerItems
FNDA:0,onCloseClick
FNDA:0,render
FNDA:0,onPress
DA:1,0
DA:26,0
DA:27,0
DA:28,0
DA:34,0
DA:35,0
DA:37,0
DA:45,0
DA:46,0
DA:54,0
DA:65,0
DA:66,0
DA:67,0
DA:73,0
DA:74,0
DA:81,0
DA:89,0
DA:109,0
DA:118,0
DA:121,0
LF:20
LH:0
BRF:0
BRH:0
end_of_record
TN:
SF:C:\Users\nakkamadhusudhan\Desktop\eg\src\components\ViewPagerItemsLanding\index.js
FN:32,(anonymous_0)
FN:34,ViewPagerItemsLanding
FN:46,(anonymous_2)
FN:48,render
FN:80,onPress
FNF:5
FNH:0
FNDA:0,(anonymous_0)
FNDA:0,ViewPagerItemsLanding
FNDA:0,(anonymous_2)
FNDA:0,render
FNDA:0,onPress
DA:1,0
DA:7,0
DA:8,0
DA:9,0
DA:10,0
DA:12,0
DA:14,0
DA:15,0
DA:23,0
DA:24,0
DA:26,0
DA:32,0
DA:34,0
DA:35,0
DA:47,0
DA:48,0
DA:55,0
DA:80,0
DA:88,0
DA:91,0
LF:20
LH:0
BRF:0
BRH:0
end_of_record
TN:
SF:C:\Users\nakkamadhusudhan\Desktop\eg\src\config\settings.js
FNF:0
FNH:0
DA:1,0
DA:2,0
LF:2
LH:0
BRF:0
BRH:0
end_of_record
TN:
SF:C:\Users\nakkamadhusudhan\Desktop\eg\src\config\store.js
FN:17,_default
FNF:1
FNH:0
FNDA:0,_default
DA:1,0
DA:2,0
DA:3,0
DA:4,0
DA:6,0
DA:8,0
DA:15,0
DA:17,0
DA:18,0
DA:19,0
DA:20,0
DA:21,0
LF:12
LH:0
BRF:0
BRH:0
end_of_record
TN:
SF:C:\Users\nakkamadhusudhan\Desktop\eg\src\constants\Globals.js
FN:38,deleteCardFunction
FN:45,onPress
FN:50,onPress
FN:66,navigateToManualEntry
FN:70,deleteCrdeitCardFunction
FN:74,deleteGoFuelCardFunction
FN:78,navigateToGoFuleCardManualEntry
FN:82,navigateToCreditCardManualEntry
FN:86,closeGeoLocation
FN:90,onRegionChange
FN:94,getCurrentLocation
FN:95,(anonymous_11)
FN:104,(anonymous_12)
FN:107,checkLocationPermission
FN:107,checkLocationPermission$
FN:129,removeOnLocationChangedListener
FN:130,(anonymous_16)
FNF:17
FNH:0
FNDA:0,deleteCardFunction
FNDA:0,onPress
FNDA:0,onPress
FNDA:0,navigateToManualEntry
FNDA:0,deleteCrdeitCardFunction
FNDA:0,deleteGoFuelCardFunction
FNDA:0,navigateToGoFuleCardManualEntry
FNDA:0,navigateToCreditCardManualEntry
FNDA:0,closeGeoLocation
FNDA:0,onRegionChange
FNDA:0,getCurrentLocation
FNDA:0,(anonymous_11)
FNDA:0,(anonymous_12)
FNDA:0,checkLocationPermission
FNDA:0,checkLocationPermission$
FNDA:0,removeOnLocationChangedListener
FNDA:0,(anonymous_16)
DA:1,0
DA:8,0
DA:9,0
DA:11,0
DA:27,0
DA:38,0
DA:39,0
DA:51,0
DA:59,0
DA:66,0
DA:67,0
DA:68,0
DA:70,0
DA:71,0
DA:72,0
DA:74,0
DA:75,0
DA:76,0
DA:78,0
DA:79,0
DA:80,0
DA:82,0
DA:83,0
DA:84,0
DA:86,0
DA:87,0
DA:88,0
DA:90,0
DA:91,0
DA:92,0
DA:94,0
DA:95,0
DA:97,0
DA:103,0
DA:104,0
DA:105,0
DA:107,0
DA:109,0
DA:110,0
DA:112,0
DA:114,0
DA:115,0
DA:118,0
DA:119,0
DA:121,0
DA:125,0
DA:129,0
DA:130,0
DA:133,0
LF:49
LH:0
BRDA:107,0,0,0
BRDA:107,0,1,0
BRDA:107,0,2,0
BRDA:107,0,3,0
BRDA:107,0,4,0
BRDA:107,0,5,0
BRDA:107,0,6,0
BRDA:109,1,0,0
BRDA:109,1,1,0
BRDA:114,2,0,0
BRDA:114,2,1,0
BRF:11
BRH:0
end_of_record
TN:
SF:C:\Users\nakkamadhusudhan\Desktop\eg\src\constants\action-types.js
FNF:0
FNH:0
DA:1,0
DA:2,0
DA:3,0
DA:4,0
DA:5,0
DA:6,0
DA:7,0
DA:8,0
DA:9,0
DA:10,0
DA:11,0
DA:12,0
DA:13,0
DA:14,0
DA:15,0
DA:16,0
LF:16
LH:0
BRF:0
BRH:0
end_of_record
TN:
SF:C:\Users\nakkamadhusudhan\Desktop\eg\src\constants\lagunage_constant.js
FNF:0
FNH:0
DA:1,0
LF:1
LH:0
BRF:0
BRH:0
end_of_record
TN:
SF:C:\Users\nakkamadhusudhan\Desktop\eg\src\constants\url-constants.js
FNF:0
FNH:0
DA:1,0
DA:2,0
DA:3,0
DA:4,0
DA:5,0
DA:6,0
DA:7,0
DA:8,0
DA:9,0
DA:10,0
DA:11,0
DA:12,0
LF:12
LH:0
BRF:0
BRH:0
end_of_record
TN:
SF:C:\Users\nakkamadhusudhan\Desktop\eg\src\helpers\authHelpers.js
FN:9,handleRegisterUser
FN:9,handleRegisterUser$
FN:41,authenticateUser
FN:41,authenticateUser$
FN:68,handleUserLogout
FN:75,handleUserDetailsRequest
FN:75,handleUserDetailsRequest$
FNF:7
FNH:0
FNDA:0,handleRegisterUser
FNDA:0,handleRegisterUser$
FNDA:0,authenticateUser
FNDA:0,authenticateUser$
FNDA:0,handleUserLogout
FNDA:0,handleUserDetailsRequest
FNDA:0,handleUserDetailsRequest$
DA:1,0
DA:2,0
DA:3,0
DA:4,0
DA:6,0
DA:7,0
DA:9,0
DA:11,0
DA:12,0
DA:14,0
DA:15,0
DA:17,0
DA:18,0
DA:19,0
DA:20,0
DA:22,0
DA:26,0
DA:30,0
DA:33,0
DA:34,0
DA:35,0
DA:36,0
DA:41,0
DA:43,0
DA:44,0
DA:46,0
DA:48,0
DA:49,0
DA:50,0
DA:54,0
DA:57,0
DA:60,0
DA:61,0
DA:62,0
DA:63,0
DA:68,0
DA:69,0
DA:72,0
DA:73,0
DA:75,0
DA:77,0
DA:80,0
DA:81,0
DA:82,0
DA:83,0
DA:84,0
DA:85,0
DA:86,0
DA:88,0
DA:91,0
DA:94,0
DA:97,0
LF:52
LH:0
BRDA:9,0,0,0
BRDA:9,0,1,0
BRDA:9,0,2,0
BRDA:9,0,3,0
BRDA:9,0,4,0
BRDA:9,0,5,0
BRDA:9,0,6,0
BRDA:9,0,7,0
BRDA:9,0,8,0
BRDA:9,0,9,0
BRDA:12,1,0,0
BRDA:12,1,1,0
BRDA:15,2,0,0
BRDA:15,2,1,0
BRDA:41,3,0,0
BRDA:41,3,1,0
BRDA:41,3,2,0
BRDA:41,3,3,0
BRDA:41,3,4,0
BRDA:41,3,5,0
BRDA:41,3,6,0
BRDA:44,4,0,0
BRDA:44,4,1,0
BRDA:46,5,0,0
BRDA:46,5,1,0
BRDA:75,6,0,0
BRDA:75,6,1,0
BRDA:75,6,2,0
BRDA:75,6,3,0
BRDA:75,6,4,0
BRDA:75,6,5,0
BRDA:75,6,6,0
BRDA:75,6,7,0
BRDA:75,6,8,0
BRDA:75,6,9,0
BRDA:82,7,0,0
BRDA:82,7,1,0
BRDA:83,8,0,0
BRDA:83,8,1,0
BRDA:84,9,0,0
BRDA:84,9,1,0
BRDA:85,10,0,0
BRDA:85,10,1,0
BRF:43
BRH:0
end_of_record
TN:
SF:C:\Users\nakkamadhusudhan\Desktop\eg\src\helpers\contactUsHelper.js
FN:7,handleContactUsRequest
FN:7,handleContactUsRequest$
FNF:2
FNH:0
FNDA:0,handleContactUsRequest
FNDA:0,handleContactUsRequest$
DA:1,0
DA:2,0
DA:4,0
DA:5,0
DA:7,0
DA:9,0
DA:12,0
DA:13,0
DA:14,0
DA:15,0
DA:16,0
DA:17,0
DA:18,0
DA:20,0
DA:23,0
DA:26,0
DA:29,0
LF:17
LH:0
BRDA:7,0,0,0
BRDA:7,0,1,0
BRDA:7,0,2,0
BRDA:7,0,3,0
BRDA:7,0,4,0
BRDA:7,0,5,0
BRDA:7,0,6,0
BRDA:7,0,7,0
BRDA:7,0,8,0
BRDA:7,0,9,0
BRDA:14,1,0,0
BRDA:14,1,1,0
BRDA:15,2,0,0
BRDA:15,2,1,0
BRDA:16,3,0,0
BRDA:16,3,1,0
BRDA:17,4,0,0
BRDA:17,4,1,0
BRF:18
BRH:0
end_of_record
TN:
SF:C:\Users\nakkamadhusudhan\Desktop\eg\src\helpers\editProfileHelper.js
FN:8,updateEditProfileRequest
FN:8,updateEditProfileRequest$
FNF:2
FNH:0
FNDA:0,updateEditProfileRequest
FNDA:0,updateEditProfileRequest$
DA:1,0
DA:2,0
DA:3,0
DA:4,0
DA:5,0
DA:6,0
DA:8,0
DA:11,0
DA:12,0
DA:13,0
DA:14,0
DA:15,0
DA:16,0
DA:17,0
DA:18,0
DA:19,0
DA:20,0
DA:24,0
DA:26,0
DA:32,0
DA:33,0
DA:34,0
DA:35,0
LF:23
LH:0
BRDA:8,0,0,0
BRDA:8,0,1,0
BRDA:8,0,2,0
BRDA:8,0,3,0
BRDA:8,0,4,0
BRDA:8,0,5,0
BRDA:8,0,6,0
BRDA:8,0,7,0
BRDA:8,0,8,0
BRDA:15,1,0,0
BRDA:15,1,1,0
BRDA:17,2,0,0
BRDA:17,2,1,0
BRF:13
BRH:0
end_of_record
TN:
SF:C:\Users\nakkamadhusudhan\Desktop\eg\src\helpers\faqhelper.js
FN:7,handleFaqDataRequest
FN:7,handleFaqDataRequest$
FNF:2
FNH:0
FNDA:0,handleFaqDataRequest
FNDA:0,handleFaqDataRequest$
DA:1,0
DA:2,0
DA:4,0
DA:5,0
DA:7,0
DA:9,0
DA:12,0
DA:13,0
DA:14,0
DA:15,0
DA:16,0
DA:17,0
DA:18,0
DA:20,0
DA:23,0
DA:26,0
DA:29,0
DA:30,0
LF:18
LH:0
BRDA:7,0,0,0
BRDA:7,0,1,0
BRDA:7,0,2,0
BRDA:7,0,3,0
BRDA:7,0,4,0
BRDA:7,0,5,0
BRDA:7,0,6,0
BRDA:7,0,7,0
BRDA:7,0,8,0
BRDA:7,0,9,0
BRDA:14,1,0,0
BRDA:14,1,1,0
BRDA:15,2,0,0
BRDA:15,2,1,0
BRDA:16,3,0,0
BRDA:16,3,1,0
BRDA:17,4,0,0
BRDA:17,4,1,0
BRF:18
BRH:0
end_of_record
TN:
SF:C:\Users\nakkamadhusudhan\Desktop\eg\src\helpers\homeHelpers.js
FN:8,handleHomeDataRequest
FN:8,handleHomeDataRequest$
FNF:2
FNH:0
FNDA:0,handleHomeDataRequest
FNDA:0,handleHomeDataRequest$
DA:1,0
DA:2,0
DA:4,0
DA:5,0
DA:8,0
DA:10,0
DA:13,0
DA:14,0
DA:15,0
DA:16,0
DA:17,0
DA:18,0
DA:19,0
DA:20,0
DA:22,0
DA:25,0
DA:28,0
DA:31,0
DA:32,0
LF:19
LH:0
BRDA:8,0,0,0
BRDA:8,0,1,0
BRDA:8,0,2,0
BRDA:8,0,3,0
BRDA:8,0,4,0
BRDA:8,0,5,0
BRDA:8,0,6,0
BRDA:8,0,7,0
BRDA:8,0,8,0
BRDA:8,0,9,0
BRDA:16,1,0,0
BRDA:16,1,1,0
BRDA:17,2,0,0
BRDA:17,2,1,0
BRDA:18,3,0,0
BRDA:18,3,1,0
BRDA:19,4,0,0
BRDA:19,4,1,0
BRF:18
BRH:0
end_of_record
TN:
SF:C:\Users\nakkamadhusudhan\Desktop\eg\src\helpers\index.js
FN:6,redirectTo
FN:10,navigateTo
FN:18,navigateBack
FN:22,dpToPx
FNF:4
FNH:0
FNDA:0,redirectTo
FNDA:0,navigateTo
FNDA:0,navigateBack
FNDA:0,dpToPx
DA:1,0
DA:2,0
DA:6,0
DA:7,0
DA:8,0
DA:10,0
DA:11,0
DA:12,0
DA:14,0
DA:16,0
DA:18,0
DA:19,0
DA:20,0
DA:22,0
LF:14
LH:0
BRDA:7,0,0,0
BRDA:7,0,1,0
BRDA:10,1,0,0
BRDA:10,1,1,0
BRDA:10,2,0,0
BRDA:10,2,1,0
BRDA:11,3,0,0
BRDA:11,3,1,0
BRF:8
BRH:0
end_of_record
TN:
SF:C:\Users\nakkamadhusudhan\Desktop\eg\src\helpers\pushListner.js
FNF:0
FNH:0
LF:0
LH:0
BRF:0
BRH:0
end_of_record
TN:
SF:C:\Users\nakkamadhusudhan\Desktop\eg\src\helpers\stationhelpers.js
FN:6,handleGettingStations
FN:6,handleGettingStations$
FNF:2
FNH:0
FNDA:0,handleGettingStations
FNDA:0,handleGettingStations$
DA:1,0
DA:2,0
DA:3,0
DA:4,0
DA:6,0
DA:8,0
DA:9,0
DA:10,0
DA:11,0
DA:12,0
DA:13,0
DA:14,0
DA:16,0
DA:20,0
DA:23,0
DA:26,0
LF:16
LH:0
BRDA:6,0,0,0
BRDA:6,0,1,0
BRDA:6,0,2,0
BRDA:6,0,3,0
BRDA:6,0,4,0
BRDA:6,0,5,0
BRDA:6,0,6,0
BRDA:6,0,7,0
BRDA:6,0,8,0
BRDA:6,0,9,0
BRDA:10,1,0,0
BRDA:10,1,1,0
BRDA:11,2,0,0
BRDA:11,2,1,0
BRDA:12,3,0,0
BRDA:12,3,1,0
BRDA:13,4,0,0
BRDA:13,4,1,0
BRF:18
BRH:0
end_of_record
TN:
SF:C:\Users\nakkamadhusudhan\Desktop\eg\src\helpers\voucherlisthelper.js
FN:7,handleVoucherListDataRequest
FN:7,handleVoucherListDataRequest$
FNF:2
FNH:0
FNDA:0,handleVoucherListDataRequest
FNDA:0,handleVoucherListDataRequest$
DA:1,0
DA:2,0
DA:4,0
DA:5,0
DA:7,0
DA:9,0
DA:12,0
DA:13,0
DA:14,0
DA:15,0
DA:16,0
DA:17,0
DA:18,0
DA:20,0
DA:23,0
DA:26,0
DA:29,0
DA:30,0
LF:18
LH:0
BRDA:7,0,0,0
BRDA:7,0,1,0
BRDA:7,0,2,0
BRDA:7,0,3,0
BRDA:7,0,4,0
BRDA:7,0,5,0
BRDA:7,0,6,0
BRDA:7,0,7,0
BRDA:7,0,8,0
BRDA:7,0,9,0
BRDA:14,1,0,0
BRDA:14,1,1,0
BRDA:15,2,0,0
BRDA:15,2,1,0
BRDA:16,3,0,0
BRDA:16,3,1,0
BRDA:17,4,0,0
BRDA:17,4,1,0
BRF:18
BRH:0
end_of_record
TN:
SF:C:\Users\nakkamadhusudhan\Desktop\eg\src\helpers\walletCardsHelper.js
FN:7,handleWalletCardsRequest
FN:7,handleWalletCardsRequest$
FNF:2
FNH:0
FNDA:0,handleWalletCardsRequest
FNDA:0,handleWalletCardsRequest$
DA:1,0
DA:2,0
DA:4,0
DA:5,0
DA:7,0
DA:9,0
DA:12,0
DA:13,0
DA:14,0
DA:15,0
DA:16,0
DA:17,0
DA:18,0
DA:19,0
DA:20,0
DA:22,0
DA:25,0
DA:28,0
DA:31,0
DA:32,0
LF:20
LH:0
BRDA:7,0,0,0
BRDA:7,0,1,0
BRDA:7,0,2,0
BRDA:7,0,3,0
BRDA:7,0,4,0
BRDA:7,0,5,0
BRDA:7,0,6,0
BRDA:7,0,7,0
BRDA:7,0,8,0
BRDA:7,0,9,0
BRDA:16,1,0,0
BRDA:16,1,1,0
BRDA:17,2,0,0
BRDA:17,2,1,0
BRDA:18,3,0,0
BRDA:18,3,1,0
BRDA:19,4,0,0
BRDA:19,4,1,0
BRF:18
BRH:0
end_of_record
TN:
SF:C:\Users\nakkamadhusudhan\Desktop\eg\src\helpers\walletHelper.js
FN:8,walletAddCardRequest
FN:8,walletAddCardRequest$
FNF:2
FNH:0
FNDA:0,walletAddCardRequest
FNDA:0,walletAddCardRequest$
DA:1,0
DA:2,0
DA:3,0
DA:4,0
DA:5,0
DA:6,0
DA:8,0
DA:11,0
DA:12,0
DA:13,0
DA:14,0
DA:15,0
DA:16,0
DA:17,0
DA:18,0
DA:19,0
DA:20,0
DA:24,0
DA:26,0
DA:32,0
DA:33,0
DA:34,0
DA:35,0
LF:23
LH:0
BRDA:8,0,0,0
BRDA:8,0,1,0
BRDA:8,0,2,0
BRDA:8,0,3,0
BRDA:8,0,4,0
BRDA:8,0,5,0
BRDA:8,0,6,0
BRDA:8,0,7,0
BRDA:8,0,8,0
BRDA:15,1,0,0
BRDA:15,1,1,0
BRDA:17,2,0,0
BRDA:17,2,1,0
BRF:13
BRH:0
end_of_record
TN:
SF:C:\Users\nakkamadhusudhan\Desktop\eg\src\reducers\appReducer.js
FN:3,_default
FNF:1
FNH:0
FNDA:0,_default
DA:1,0
DA:3,0
DA:4,0
DA:6,0
DA:8,0
LF:5
LH:0
BRDA:3,0,0,0
BRDA:3,0,1,0
BRDA:3,1,0,0
BRDA:3,1,1,0
BRDA:3,2,0,0
BRDA:3,2,1,0
BRDA:4,3,0,0
BRF:7
BRH:0
end_of_record
TN:
SF:C:\Users\nakkamadhusudhan\Desktop\eg\src\reducers\authReducer.js
FN:10,_default
FNF:1
FNH:0
FNDA:0,_default
DA:1,0
DA:3,0
DA:10,0
DA:12,0
DA:15,0
DA:22,0
DA:28,0
DA:35,0
DA:39,0
DA:41,0
LF:10
LH:0
BRDA:10,0,0,0
BRDA:10,0,1,0
BRDA:10,1,0,0
BRDA:10,1,1,0
BRDA:10,2,0,0
BRDA:10,2,1,0
BRDA:12,3,0,0
BRDA:12,3,1,0
BRDA:12,3,2,0
BRDA:12,3,3,0
BRDA:12,3,4,0
BRF:11
BRH:0
end_of_record
TN:
SF:C:\Users\nakkamadhusudhan\Desktop\eg\src\reducers\contactUsReducer.js
FN:10,_default
FNF:1
FNH:0
FNDA:0,_default
DA:1,0
DA:3,0
DA:10,0
DA:12,0
DA:15,0
DA:21,0
DA:23,0
LF:7
LH:0
BRDA:10,0,0,0
BRDA:10,0,1,0
BRDA:10,1,0,0
BRDA:10,1,1,0
BRDA:10,2,0,0
BRDA:10,2,1,0
BRDA:12,3,0,0
BRDA:12,3,1,0
BRF:8
BRH:0
end_of_record
TN:
SF:C:\Users\nakkamadhusudhan\Desktop\eg\src\reducers\editProfileReducer.js
FN:10,_default
FNF:1
FNH:0
FNDA:0,_default
DA:1,0
DA:3,0
DA:10,0
DA:12,0
DA:15,0
DA:21,0
DA:23,0
LF:7
LH:0
BRDA:10,0,0,0
BRDA:10,0,1,0
BRDA:10,1,0,0
BRDA:10,1,1,0
BRDA:10,2,0,0
BRDA:10,2,1,0
BRDA:12,3,0,0
BRDA:12,3,1,0
BRF:8
BRH:0
end_of_record
TN:
SF:C:\Users\nakkamadhusudhan\Desktop\eg\src\reducers\faqReducer.js
FN:10,_default
FNF:1
FNH:0
FNDA:0,_default
DA:1,0
DA:3,0
DA:10,0
DA:12,0
DA:15,0
DA:21,0
DA:23,0
LF:7
LH:0
BRDA:10,0,0,0
BRDA:10,0,1,0
BRDA:10,1,0,0
BRDA:10,1,1,0
BRDA:10,2,0,0
BRDA:10,2,1,0
BRDA:12,3,0,0
BRDA:12,3,1,0
BRF:8
BRH:0
end_of_record
TN:
SF:C:\Users\nakkamadhusudhan\Desktop\eg\src\reducers\getStationsReducer.js
FN:8,_default
FNF:1
FNH:0
FNDA:0,_default
DA:1,0
DA:3,0
DA:8,0
DA:10,0
DA:13,0
DA:19,0
DA:21,0
LF:7
LH:0
BRDA:8,0,0,0
BRDA:8,0,1,0
BRDA:8,1,0,0
BRDA:8,1,1,0
BRDA:8,2,0,0
BRDA:8,2,1,0
BRDA:10,3,0,0
BRDA:10,3,1,0
BRF:8
BRH:0
end_of_record
TN:
SF:C:\Users\nakkamadhusudhan\Desktop\eg\src\reducers\homeReducer.js
FN:11,_default
FNF:1
FNH:0
FNDA:0,_default
DA:1,0
DA:3,0
DA:11,0
DA:13,0
DA:16,0
DA:22,0
DA:24,0
LF:7
LH:0
BRDA:11,0,0,0
BRDA:11,0,1,0
BRDA:11,1,0,0
BRDA:11,1,1,0
BRDA:11,2,0,0
BRDA:11,2,1,0
BRDA:13,3,0,0
BRDA:13,3,1,0
BRF:8
BRH:0
end_of_record
TN:
SF:C:\Users\nakkamadhusudhan\Desktop\eg\src\reducers\index.js
FNF:0
FNH:0
DA:1,0
DA:2,0
DA:4,0
DA:5,0
DA:6,0
DA:7,0
DA:8,0
DA:9,0
DA:10,0
DA:11,0
DA:12,0
DA:13,0
DA:15,0
DA:17,0
DA:21,0
LF:15
LH:0
BRF:0
BRH:0
end_of_record
TN:
SF:C:\Users\nakkamadhusudhan\Desktop\eg\src\reducers\onBoardingReducer.js
FN:7,_default
FNF:1
FNH:0
FNDA:0,_default
DA:1,0
DA:3,0
DA:7,0
DA:8,0
DA:11,0
DA:17,0
DA:19,0
LF:7
LH:0
BRDA:7,0,0,0
BRDA:7,0,1,0
BRDA:7,1,0,0
BRDA:7,1,1,0
BRDA:7,2,0,0
BRDA:7,2,1,0
BRDA:8,3,0,0
BRDA:8,3,1,0
BRF:8
BRH:0
end_of_record
TN:
SF:C:\Users\nakkamadhusudhan\Desktop\eg\src\reducers\utilityReducer.js
FN:8,_default
FNF:1
FNH:0
FNDA:0,_default
DA:1,0
DA:3,0
DA:8,0
DA:10,0
DA:13,0
DA:16,0
DA:22,0
DA:28,0
DA:31,0
LF:9
LH:0
BRDA:8,0,0,0
BRDA:8,0,1,0
BRDA:8,1,0,0
BRDA:8,1,1,0
BRDA:8,2,0,0
BRDA:8,2,1,0
BRDA:10,3,0,0
BRDA:10,3,1,0
BRDA:10,3,2,0
BRDA:10,3,3,0
BRF:10
BRH:0
end_of_record
TN:
SF:C:\Users\nakkamadhusudhan\Desktop\eg\src\reducers\voucherListReducer.js
FN:10,_default
FNF:1
FNH:0
FNDA:0,_default
DA:1,0
DA:3,0
DA:10,0
DA:12,0
DA:15,0
DA:21,0
DA:23,0
LF:7
LH:0
BRDA:10,0,0,0
BRDA:10,0,1,0
BRDA:10,1,0,0
BRDA:10,1,1,0
BRDA:10,2,0,0
BRDA:10,2,1,0
BRDA:12,3,0,0
BRDA:12,3,1,0
BRF:8
BRH:0
end_of_record
TN:
SF:C:\Users\nakkamadhusudhan\Desktop\eg\src\screens\CardAddManual.js
FN:75,(anonymous_0)
FN:80,CardAddManual
FN:108,(anonymous_2)
FN:120,(anonymous_3)
FN:184,(anonymous_4)
FN:214,(anonymous_5)
FN:245,(anonymous_6)
FN:252,componentWillReceiveProps
FN:252,saveButtonTapped
FN:252,render
FN:503,onPress
FN:542,validate
FN:645,normalizePhone
FN:676,mapStateToProps
FN:690,mapDispatchToProps
FN:691,walletAddCardRequest
FN:693,onAppInstall
FNF:17
FNH:0
FNDA:0,(anonymous_0)
FNDA:0,CardAddManual
FNDA:0,(anonymous_2)
FNDA:0,(anonymous_3)
FNDA:0,(anonymous_4)
FNDA:0,(anonymous_5)
FNDA:0,(anonymous_6)
FNDA:0,componentWillReceiveProps
FNDA:0,saveButtonTapped
FNDA:0,render
FNDA:0,onPress
FNDA:0,validate
FNDA:0,normalizePhone
FNDA:0,mapStateToProps
FNDA:0,mapDispatchToProps
FNDA:0,walletAddCardRequest
FNDA:0,onAppInstall
DA:1,0
DA:21,0
DA:22,0
DA:23,0
DA:33,0
DA:34,0
DA:35,0
DA:53,0
DA:54,0
DA:55,0
DA:56,0
DA:57,0
DA:58,0
DA:59,0
DA:66,0
DA:67,0
DA:75,0
DA:80,0
DA:81,0
DA:109,0
DA:112,0
DA:121,0
DA:132,0
DA:133,0
DA:156,0
DA:189,0
DA:190,0
DA:213,0
DA:219,0
DA:220,0
DA:243,0
DA:246,0
DA:247,0
DA:248,0
DA:250,0
DA:252,0
DA:260,0
DA:261,0
DA:503,0
DA:517,0
DA:542,0
DA:543,0
DA:548,0
DA:549,0
DA:550,0
DA:551,0
DA:552,0
DA:553,0
DA:554,0
DA:555,0
DA:560,0
DA:561,0
DA:562,0
DA:563,0
DA:566,0
DA:567,0
DA:568,0
DA:569,0
DA:572,0
DA:573,0
DA:574,0
DA:575,0
DA:578,0
DA:579,0
DA:580,0
DA:581,0
DA:582,0
DA:583,0
DA:589,0
DA:590,0
DA:591,0
DA:592,0
DA:593,0
DA:594,0
DA:600,0
DA:601,0
DA:602,0
DA:603,0
DA:604,0
DA:605,0
DA:606,0
DA:607,0
DA:613,0
DA:614,0
DA:615,0
DA:616,0
DA:617,0
DA:618,0
DA:619,0
DA:620,0
DA:626,0
DA:627,0
DA:628,0
DA:629,0
DA:630,0
DA:631,0
DA:632,0
DA:633,0
DA:635,0
DA:645,0
DA:646,0
DA:647,0
DA:649,0
DA:650,0
DA:651,0
DA:652,0
DA:654,0
DA:655,0
DA:658,0
DA:659,0
DA:661,0
DA:662,0
DA:664,0
DA:676,0
DA:690,0
DA:691,0
DA:693,0
DA:705,0
DA:711,0
LF:119
LH:0
BRDA:152,0,0,0
BRDA:152,0,1,0
BRDA:209,1,0,0
BRDA:209,1,1,0
BRDA:239,2,0,0
BRDA:239,2,1,0
BRDA:247,3,0,0
BRDA:247,3,1,0
BRDA:252,4,0,0
BRDA:252,4,1,0
BRDA:470,5,0,0
BRDA:470,5,1,0
BRDA:548,6,0,0
BRDA:548,6,1,0
BRDA:550,7,0,0
BRDA:550,7,1,0
BRDA:552,8,0,0
BRDA:552,8,1,0
BRDA:554,9,0,0
BRDA:554,9,1,0
BRDA:560,10,0,0
BRDA:560,10,1,0
BRDA:562,11,0,0
BRDA:562,11,1,0
BRDA:562,12,0,0
BRDA:562,12,1,0
BRDA:566,13,0,0
BRDA:566,13,1,0
BRDA:568,14,0,0
BRDA:568,14,1,0
BRDA:568,15,0,0
BRDA:568,15,1,0
BRDA:572,16,0,0
BRDA:572,16,1,0
BRDA:574,17,0,0
BRDA:574,17,1,0
BRDA:574,18,0,0
BRDA:574,18,1,0
BRDA:578,19,0,0
BRDA:578,19,1,0
BRDA:580,20,0,0
BRDA:580,20,1,0
BRDA:582,21,0,0
BRDA:582,21,1,0
BRDA:589,22,0,0
BRDA:589,22,1,0
BRDA:591,23,0,0
BRDA:591,23,1,0
BRDA:593,24,0,0
BRDA:593,24,1,0
BRDA:600,25,0,0
BRDA:600,25,1,0
BRDA:602,26,0,0
BRDA:602,26,1,0
BRDA:604,27,0,0
BRDA:604,27,1,0
BRDA:606,28,0,0
BRDA:606,28,1,0
BRDA:613,29,0,0
BRDA:613,29,1,0
BRDA:615,30,0,0
BRDA:615,30,1,0
BRDA:617,31,0,0
BRDA:617,31,1,0
BRDA:619,32,0,0
BRDA:619,32,1,0
BRDA:626,33,0,0
BRDA:626,33,1,0
BRDA:628,34,0,0
BRDA:628,34,1,0
BRDA:630,35,0,0
BRDA:630,35,1,0
BRDA:632,36,0,0
BRDA:632,36,1,0
BRDA:646,37,0,0
BRDA:646,37,1,0
BRDA:650,38,0,0
BRDA:650,38,1,0
BRDA:650,39,0,0
BRDA:650,39,1,0
BRDA:651,40,0,0
BRDA:651,40,1,0
BRDA:654,41,0,0
BRDA:654,41,1,0
BRDA:658,42,0,0
BRDA:658,42,1,0
BRDA:661,43,0,0
BRDA:661,43,1,0
BRF:88
BRH:0
end_of_record
TN:
SF:C:\Users\nakkamadhusudhan\Desktop\eg\src\screens\Converter.js
FN:17,(anonymous_0)
FN:18,Converter
FN:33,(anonymous_2)
FN:46,(anonymous_3)
FN:54,render
FNF:5
FNH:0
FNDA:0,(anonymous_0)
FNDA:0,Converter
FNDA:0,(anonymous_2)
FNDA:0,(anonymous_3)
FNDA:0,render
DA:1,0
DA:7,0
DA:8,0
DA:10,0
DA:17,0
DA:18,0
DA:19,0
DA:34,0
DA:40,0
DA:41,0
DA:47,0
DA:53,0
DA:54,0
DA:61,0
DA:75,0
LF:15
LH:0
BRF:0
BRH:0
end_of_record
TN:
SF:C:\Users\nakkamadhusudhan\Desktop\eg\src\screens\CreditAndDebitDetails.js
FN:54,(anonymous_0)
FN:60,CreditAndDebitDetails
FN:96,(anonymous_2)
FN:101,_callee
FN:101,_callee$
FN:110,_callee2
FN:110,_callee2$
FN:119,deleteCreditCardFunction
FN:135,onPress
FN:140,onPress
FN:149,_deleteButtonDesign
FN:180,render
FN:202,renderSectionHeader
FN:213,renderItem
FN:261,mapStateToProps
FN:271,mapDispatchToProps
FNF:16
FNH:0
FNDA:0,(anonymous_0)
FNDA:0,CreditAndDebitDetails
FNDA:0,(anonymous_2)
FNDA:0,_callee
FNDA:0,_callee$
FNDA:0,_callee2
FNDA:0,_callee2$
FNDA:0,deleteCreditCardFunction
FNDA:0,onPress
FNDA:0,onPress
FNDA:0,_deleteButtonDesign
FNDA:0,render
FNDA:0,renderSectionHeader
FNDA:0,renderItem
FNDA:0,mapStateToProps
FNDA:0,mapDispatchToProps
DA:1,0
DA:17,0
DA:18,0
DA:19,0
DA:20,0
DA:27,0
DA:37,0
DA:38,0
DA:45,0
DA:46,0
DA:54,0
DA:60,0
DA:61,0
DA:97,0
DA:98,0
DA:99,0
DA:101,0
DA:104,0
DA:106,0
DA:110,0
DA:112,0
DA:113,0
DA:114,0
DA:116,0
DA:117,0
DA:119,0
DA:129,0
DA:141,0
DA:156,0
DA:157,0
DA:169,0
DA:187,0
DA:188,0
DA:202,0
DA:203,0
DA:204,0
DA:213,0
DA:214,0
DA:215,0
DA:231,0
DA:232,0
DA:252,0
DA:261,0
DA:271,0
DA:277,0
LF:45
LH:0
BRDA:101,0,0,0
BRDA:101,0,1,0
BRDA:101,0,2,0
BRDA:101,0,3,0
BRDA:101,0,4,0
BRDA:103,1,0,0
BRDA:103,1,1,0
BRDA:110,2,0,0
BRDA:110,2,1,0
BRDA:110,2,2,0
BRDA:110,2,3,0
BRDA:110,2,4,0
BRDA:113,3,0,0
BRDA:113,3,1,0
BRDA:113,4,0,0
BRDA:113,4,1,0
BRDA:156,5,0,0
BRDA:156,5,1,0
BRDA:197,6,0,0
BRDA:197,6,1,0
BRDA:203,7,0,0
BRDA:203,7,1,0
BRDA:203,8,0,0
BRDA:203,8,1,0
BRDA:214,9,0,0
BRDA:214,9,1,0
BRDA:231,10,0,0
BRDA:231,10,1,0
BRF:28
BRH:0
end_of_record
TN:
SF:C:\Users\nakkamadhusudhan\Desktop\eg\src\screens\EditProfile.js
FN:68,(anonymous_0)
FN:70,EditProfile
FN:90,(anonymous_2)
FN:184,(anonymous_3)
FN:234,(anonymous_4)
FN:247,onChange
FN:247,handleBackNavigation
FN:247,onPress
FN:247,onPress
FN:247,handleBackPress
FN:247,selectPhotoTapped
FN:247,(anonymous_11)
FN:247,saveButtonTapped
FN:247,render
FN:311,onPress
FN:430,validate
FN:465,mapStateToProps
FN:478,mapDispatchToProps
FN:479,updateEditProfileRequest
FN:480,onAppInstall
FNF:20
FNH:0
FNDA:0,(anonymous_0)
FNDA:0,EditProfile
FNDA:0,(anonymous_2)
FNDA:0,(anonymous_3)
FNDA:0,(anonymous_4)
FNDA:0,onChange
FNDA:0,handleBackNavigation
FNDA:0,onPress
FNDA:0,onPress
FNDA:0,handleBackPress
FNDA:0,selectPhotoTapped
FNDA:0,(anonymous_11)
FNDA:0,saveButtonTapped
FNDA:0,render
FNDA:0,onPress
FNDA:0,validate
FNDA:0,mapStateToProps
FNDA:0,mapDispatchToProps
FNDA:0,updateEditProfileRequest
FNDA:0,onAppInstall
DA:1,0
DA:20,0
DA:21,0
DA:22,0
DA:24,0
DA:25,0
DA:26,0
DA:27,0
DA:28,0
DA:29,0
DA:32,0
DA:33,0
DA:34,0
DA:47,0
DA:48,0
DA:58,0
DA:59,0
DA:60,0
DA:61,0
DA:68,0
DA:70,0
DA:71,0
DA:91,0
DA:108,0
DA:109,0
DA:110,0
DA:185,0
DA:186,0
DA:206,0
DA:235,0
DA:236,0
DA:247,0
DA:254,0
DA:255,0
DA:258,0
DA:259,0
DA:311,0
DA:428,0
DA:430,0
DA:431,0
DA:432,0
DA:433,0
DA:434,0
DA:435,0
DA:437,0
DA:438,0
DA:440,0
DA:441,0
DA:443,0
DA:444,0
DA:446,0
DA:447,0
DA:449,0
DA:450,0
DA:452,0
DA:453,0
DA:455,0
DA:465,0
DA:478,0
DA:479,0
DA:480,0
DA:484,0
DA:493,0
LF:63
LH:0
BRDA:203,0,0,0
BRDA:203,0,1,0
BRDA:244,1,0,0
BRDA:244,1,1,0
BRDA:247,2,0,0
BRDA:247,2,1,0
BRDA:247,3,0,0
BRDA:247,3,1,0
BRDA:247,4,0,0
BRDA:247,4,1,0
BRDA:247,5,0,0
BRDA:247,5,1,0
BRDA:247,6,0,0
BRDA:247,6,1,0
BRDA:269,7,0,0
BRDA:269,7,1,0
BRDA:272,8,0,0
BRDA:272,8,1,0
BRDA:273,9,0,0
BRDA:273,9,1,0
BRDA:274,10,0,0
BRDA:274,10,1,0
BRDA:432,11,0,0
BRDA:432,11,1,0
BRDA:434,12,0,0
BRDA:434,12,1,0
BRDA:437,13,0,0
BRDA:437,13,1,0
BRDA:440,14,0,0
BRDA:440,14,1,0
BRDA:443,15,0,0
BRDA:443,15,1,0
BRDA:446,16,0,0
BRDA:446,16,1,0
BRDA:449,17,0,0
BRDA:449,17,1,0
BRDA:452,18,0,0
BRDA:452,18,1,0
BRF:38
BRH:0
end_of_record
TN:
SF:C:\Users\nakkamadhusudhan\Desktop\eg\src\screens\Faq.js
FN:47,(anonymous_0)
FN:54,Faq
FN:61,fetchList
FN:71,onEndReached
FN:79,componentDidMount
FN:83,render
FN:103,renderItem
FN:109,keyExtractor
FN:123,mapStateToProps
FN:136,mapDispatchToProps
FN:137,handleFaqDataRequest
FNF:11
FNH:0
FNDA:0,(anonymous_0)
FNDA:0,Faq
FNDA:0,fetchList
FNDA:0,onEndReached
FNDA:0,componentDidMount
FNDA:0,render
FNDA:0,renderItem
FNDA:0,keyExtractor
FNDA:0,mapStateToProps
FNDA:0,mapDispatchToProps
FNDA:0,handleFaqDataRequest
DA:1,0
DA:19,0
DA:20,0
DA:21,0
DA:31,0
DA:32,0
DA:33,0
DA:39,0
DA:47,0
DA:54,0
DA:55,0
DA:56,0
DA:59,0
DA:60,0
DA:61,0
DA:69,0
DA:78,0
DA:82,0
DA:88,0
DA:89,0
DA:103,0
DA:109,0
DA:114,0
DA:123,0
DA:136,0
DA:137,0
DA:144,0
LF:27
LH:0
BRF:0
BRH:0
end_of_record
TN:
SF:C:\Users\nakkamadhusudhan\Desktop\eg\src\screens\ForgotPassword.js
FN:72,(anonymous_0)
FN:83,ForgotPassword
FN:115,(anonymous_2)
FN:127,(anonymous_3)
FN:137,(anonymous_4)
FN:142,onPress
FN:153,(anonymous_6)
FN:166,componentDidMount
FN:166,componentWillUnmount
FN:166,render
FN:227,validate
FN:243,mapStateToProps
FN:253,mapDispatchToProps
FNF:13
FNH:0
FNDA:0,(anonymous_0)
FNDA:0,ForgotPassword
FNDA:0,(anonymous_2)
FNDA:0,(anonymous_3)
FNDA:0,(anonymous_4)
FNDA:0,onPress
FNDA:0,(anonymous_6)
FNDA:0,componentDidMount
FNDA:0,componentWillUnmount
FNDA:0,render
FNDA:0,validate
FNDA:0,mapStateToProps
FNDA:0,mapDispatchToProps
DA:1,0
DA:26,0
DA:27,0
DA:28,0
DA:29,0
DA:30,0
DA:31,0
DA:32,0
DA:54,0
DA:55,0
DA:56,0
DA:64,0
DA:72,0
DA:83,0
DA:84,0
DA:116,0
DA:117,0
DA:118,0
DA:128,0
DA:131,0
DA:138,0
DA:142,0
DA:147,0
DA:154,0
DA:155,0
DA:166,0
DA:173,0
DA:174,0
DA:220,0
DA:227,0
DA:228,0
DA:229,0
DA:230,0
DA:231,0
DA:232,0
DA:234,0
DA:243,0
DA:253,0
DA:255,0
DA:261,0
LF:40
LH:0
BRDA:163,0,0,0
BRDA:163,0,1,0
BRDA:229,1,0,0
BRDA:229,1,1,0
BRDA:231,2,0,0
BRDA:231,2,1,0
BRF:6
BRH:0
end_of_record
TN:
SF:C:\Users\nakkamadhusudhan\Desktop\eg\src\screens\FuelFilling.js
FN:49,(anonymous_0)
FN:55,FuelFilling
FN:60,componentDidMount
FN:70,(anonymous_3)
FN:74,(anonymous_4)
FN:77,showThePaymentSuccessImage
FN:103,render
FN:140,mapStateToProps
FN:152,mapDispatchToProps
FNF:9
FNH:0
FNDA:0,(anonymous_0)
FNDA:0,FuelFilling
FNDA:0,componentDidMount
FNDA:0,(anonymous_3)
FNDA:0,(anonymous_4)
FNDA:0,showThePaymentSuccessImage
FNDA:0,render
FNDA:0,mapStateToProps
FNDA:0,mapDispatchToProps
DA:1,0
DA:20,0
DA:21,0
DA:22,0
DA:23,0
DA:24,0
DA:33,0
DA:34,0
DA:41,0
DA:49,0
DA:55,0
DA:56,0
DA:57,0
DA:58,0
DA:60,0
DA:69,0
DA:70,0
DA:71,0
DA:74,0
DA:75,0
DA:86,0
DA:87,0
DA:92,0
DA:109,0
DA:131,0
DA:140,0
DA:152,0
DA:163,0
DA:166,0
LF:29
LH:0
BRDA:86,0,0,0
BRDA:86,0,1,0
BRF:2
BRH:0
end_of_record
TN:
SF:C:\Users\nakkamadhusudhan\Desktop\eg\src\screens\GoFuelCard.js
FN:49,(anonymous_0)
FN:55,GoFuelCard
FN:105,_callee
FN:105,_callee$
FN:120,(anonymous_4)
FN:122,componentWillMount
FN:122,(anonymous_6)
FN:122,componentDidMount
FN:122,componentWillUnmount
FN:122,(anonymous_9)
FN:122,render
FN:144,keyExtractor
FN:145,ref
FN:148,ItemSeparatorComponent
FN:149,renderItem
FN:151,onPress
FN:182,mapStateToProps
FN:192,mapDispatchToProps
FNF:18
FNH:0
FNDA:0,(anonymous_0)
FNDA:0,GoFuelCard
FNDA:0,_callee
FNDA:0,_callee$
FNDA:0,(anonymous_4)
FNDA:0,componentWillMount
FNDA:0,(anonymous_6)
FNDA:0,componentDidMount
FNDA:0,componentWillUnmount
FNDA:0,(anonymous_9)
FNDA:0,render
FNDA:0,keyExtractor
FNDA:0,ref
FNDA:0,ItemSeparatorComponent
FNDA:0,renderItem
FNDA:0,onPress
FNDA:0,mapStateToProps
FNDA:0,mapDispatchToProps
DA:1,0
DA:18,0
DA:19,0
DA:20,0
DA:21,0
DA:33,0
DA:34,0
DA:41,0
DA:49,0
DA:55,0
DA:56,0
DA:105,0
DA:107,0
DA:108,0
DA:109,0
DA:111,0
DA:112,0
DA:113,0
DA:121,0
DA:122,0
DA:129,0
DA:130,0
DA:144,0
DA:146,0
DA:148,0
DA:149,0
DA:150,0
DA:151,0
DA:173,0
DA:182,0
DA:192,0
DA:198,0
LF:32
LH:0
BRDA:105,0,0,0
BRDA:105,0,1,0
BRDA:105,0,2,0
BRDA:105,0,3,0
BRDA:105,0,4,0
BRDA:108,1,0,0
BRDA:108,1,1,0
BRDA:156,2,0,0
BRDA:156,2,1,0
BRF:9
BRH:0
end_of_record
TN:
SF:C:\Users\nakkamadhusudhan\Desktop\eg\src\screens\GoFuelCardAddManually.js
FN:66,(anonymous_0)
FN:72,GoFuelCardAddManually
FN:97,(anonymous_2)
FN:109,(anonymous_3)
FN:170,(anonymous_4)
FN:182,(anonymous_5)
FN:199,(anonymous_6)
FN:215,componentWillReceiveProps
FN:215,saveButtonTapped
FN:215,render
FN:318,onPress
FN:335,validate
FN:365,mapStateToProps
FN:378,mapDispatchToProps
FN:379,walletAddCardRequest
FN:380,onAppInstall
FNF:16
FNH:0
FNDA:0,(anonymous_0)
FNDA:0,GoFuelCardAddManually
FNDA:0,(anonymous_2)
FNDA:0,(anonymous_3)
FNDA:0,(anonymous_4)
FNDA:0,(anonymous_5)
FNDA:0,(anonymous_6)
FNDA:0,componentWillReceiveProps
FNDA:0,saveButtonTapped
FNDA:0,render
FNDA:0,onPress
FNDA:0,validate
FNDA:0,mapStateToProps
FNDA:0,mapDispatchToProps
FNDA:0,walletAddCardRequest
FNDA:0,onAppInstall
DA:1,0
DA:21,0
DA:22,0
DA:23,0
DA:24,0
DA:25,0
DA:26,0
DA:27,0
DA:45,0
DA:46,0
DA:47,0
DA:48,0
DA:49,0
DA:50,0
DA:57,0
DA:58,0
DA:66,0
DA:72,0
DA:73,0
DA:98,0
DA:101,0
DA:110,0
DA:111,0
DA:112,0
DA:132,0
DA:171,0
DA:172,0
DA:173,0
DA:175,0
DA:177,0
DA:183,0
DA:184,0
DA:198,0
DA:200,0
DA:201,0
DA:215,0
DA:223,0
DA:224,0
DA:318,0
DA:325,0
DA:335,0
DA:336,0
DA:338,0
DA:339,0
DA:340,0
DA:341,0
DA:344,0
DA:345,0
DA:346,0
DA:347,0
DA:350,0
DA:351,0
DA:352,0
DA:353,0
DA:356,0
DA:365,0
DA:378,0
DA:379,0
DA:380,0
DA:392,0
DA:395,0
LF:61
LH:0
BRDA:129,0,0,0
BRDA:129,0,1,0
BRDA:172,1,0,0
BRDA:172,1,1,0
BRDA:195,2,0,0
BRDA:195,2,1,0
BRDA:212,3,0,0
BRDA:212,3,1,0
BRDA:215,4,0,0
BRDA:215,4,1,0
BRDA:298,5,0,0
BRDA:298,5,1,0
BRDA:338,6,0,0
BRDA:338,6,1,0
BRDA:340,7,0,0
BRDA:340,7,1,0
BRDA:340,8,0,0
BRDA:340,8,1,0
BRDA:344,9,0,0
BRDA:344,9,1,0
BRDA:346,10,0,0
BRDA:346,10,1,0
BRDA:346,11,0,0
BRDA:346,11,1,0
BRDA:350,12,0,0
BRDA:350,12,1,0
BRDA:352,13,0,0
BRDA:352,13,1,0
BRDA:352,14,0,0
BRDA:352,14,1,0
BRF:30
BRH:0
end_of_record
TN:
SF:C:\Users\nakkamadhusudhan\Desktop\eg\src\screens\GoFuelCardDetails.js
FN:55,(anonymous_0)
FN:61,GoFuelCardDetails
FN:97,(anonymous_2)
FN:102,_callee
FN:102,_callee$
FN:110,_callee2
FN:110,_callee2$
FN:117,deleteGoFuelCardFunction
FN:135,onPress
FN:140,onPress
FN:149,_deleteButtonDesign
FN:181,render
FN:203,renderSectionHeader
FN:223,renderItem
FN:276,mapStateToProps
FN:286,mapDispatchToProps
FNF:16
FNH:0
FNDA:0,(anonymous_0)
FNDA:0,GoFuelCardDetails
FNDA:0,(anonymous_2)
FNDA:0,_callee
FNDA:0,_callee$
FNDA:0,_callee2
FNDA:0,_callee2$
FNDA:0,deleteGoFuelCardFunction
FNDA:0,onPress
FNDA:0,onPress
FNDA:0,_deleteButtonDesign
FNDA:0,render
FNDA:0,renderSectionHeader
FNDA:0,renderItem
FNDA:0,mapStateToProps
FNDA:0,mapDispatchToProps
DA:1,0
DA:17,0
DA:18,0
DA:19,0
DA:28,0
DA:38,0
DA:39,0
DA:40,0
DA:47,0
DA:48,0
DA:55,0
DA:61,0
DA:62,0
DA:98,0
DA:99,0
DA:100,0
DA:102,0
DA:105,0
DA:110,0
DA:112,0
DA:113,0
DA:114,0
DA:116,0
DA:117,0
DA:129,0
DA:141,0
DA:155,0
DA:156,0
DA:169,0
DA:188,0
DA:189,0
DA:203,0
DA:204,0
DA:205,0
DA:213,0
DA:214,0
DA:223,0
DA:224,0
DA:225,0
DA:243,0
DA:244,0
DA:267,0
DA:276,0
DA:286,0
DA:292,0
LF:45
LH:0
BRDA:102,0,0,0
BRDA:102,0,1,0
BRDA:102,0,2,0
BRDA:102,0,3,0
BRDA:102,0,4,0
BRDA:104,1,0,0
BRDA:104,1,1,0
BRDA:110,2,0,0
BRDA:110,2,1,0
BRDA:110,2,2,0
BRDA:110,2,3,0
BRDA:110,2,4,0
BRDA:113,3,0,0
BRDA:113,3,1,0
BRDA:113,4,0,0
BRDA:113,4,1,0
BRDA:155,5,0,0
BRDA:155,5,1,0
BRDA:198,6,0,0
BRDA:198,6,1,0
BRDA:204,7,0,0
BRDA:204,7,1,0
BRDA:213,8,0,0
BRDA:213,8,1,0
BRDA:224,9,0,0
BRDA:224,9,1,0
BRDA:243,10,0,0
BRDA:243,10,1,0
BRDA:243,11,0,0
BRDA:243,11,1,0
BRF:30
BRH:0
end_of_record
TN:
SF:C:\Users\nakkamadhusudhan\Desktop\eg\src\screens\Home.js
FN:60,(anonymous_0)
FN:71,Home
FN:80,componentDidMount
FN:93,componentWillMount
FN:101,(anonymous_4)
FN:104,componentWillUnmount
FN:114,render
FN:135,onPress
FN:159,onPress
FN:170,keyExtractor
FN:170,ref
FN:172,ItemSeparatorComponent
FN:173,renderItem
FN:177,onPress
FN:432,onPress
FN:448,onPress
FN:460,renderItem
FN:463,onPress
FN:503,renderItem
FN:536,onPress
FN:548,renderItem
FN:551,onPress
FN:591,mapStateToProps
FN:603,mapDispatchToProps
FN:608,onAppInstall
FN:609,handleHomeDataRequest
FNF:26
FNH:0
FNDA:0,(anonymous_0)
FNDA:0,Home
FNDA:0,componentDidMount
FNDA:0,componentWillMount
FNDA:0,(anonymous_4)
FNDA:0,componentWillUnmount
FNDA:0,render
FNDA:0,onPress
FNDA:0,onPress
FNDA:0,keyExtractor
FNDA:0,ref
FNDA:0,ItemSeparatorComponent
FNDA:0,renderItem
FNDA:0,onPress
FNDA:0,onPress
FNDA:0,onPress
FNDA:0,renderItem
FNDA:0,onPress
FNDA:0,renderItem
FNDA:0,onPress
FNDA:0,renderItem
FNDA:0,onPress
FNDA:0,mapStateToProps
FNDA:0,mapDispatchToProps
FNDA:0,onAppInstall
FNDA:0,handleHomeDataRequest
DA:1,0
DA:22,0
DA:23,0
DA:24,0
DA:26,0
DA:27,0
DA:34,0
DA:35,0
DA:38,0
DA:39,0
DA:40,0
DA:41,0
DA:44,0
DA:46,0
DA:47,0
DA:48,0
DA:49,0
DA:50,0
DA:51,0
DA:52,0
DA:60,0
DA:71,0
DA:72,0
DA:73,0
DA:78,0
DA:80,0
DA:90,0
DA:91,0
DA:92,0
DA:100,0
DA:101,0
DA:102,0
DA:112,0
DA:113,0
DA:119,0
DA:120,0
DA:121,0
DA:135,0
DA:159,0
DA:170,0
DA:171,0
DA:172,0
DA:173,0
DA:177,0
DA:432,0
DA:448,0
DA:460,0
DA:463,0
DA:503,0
DA:536,0
DA:548,0
DA:551,0
DA:582,0
DA:591,0
DA:603,0
DA:608,0
DA:609,0
DA:621,0
LF:58
LH:0
BRDA:131,0,0,0
BRDA:131,0,1,0
BRDA:133,1,0,0
BRDA:133,1,1,0
BRDA:142,2,0,0
BRDA:142,2,1,0
BRDA:155,3,0,0
BRDA:155,3,1,0
BRDA:156,4,0,0
BRDA:156,4,1,0
BRDA:197,5,0,0
BRDA:197,5,1,0
BRDA:207,6,0,0
BRDA:207,6,1,0
BRDA:209,7,0,0
BRDA:209,7,1,0
BRDA:413,8,0,0
BRDA:413,8,1,0
BRDA:414,9,0,0
BRDA:414,9,1,0
BRDA:414,10,0,0
BRDA:414,10,1,0
BRDA:415,11,0,0
BRDA:415,11,1,0
BRDA:416,12,0,0
BRDA:416,12,1,0
BRDA:434,13,0,0
BRDA:434,13,1,0
BRDA:444,14,0,0
BRDA:444,14,1,0
BRDA:445,15,0,0
BRDA:445,15,1,0
BRDA:450,16,0,0
BRDA:450,16,1,0
BRDA:469,17,0,0
BRDA:469,17,1,0
BRDA:480,18,0,0
BRDA:480,18,1,0
BRDA:481,19,0,0
BRDA:481,19,1,0
BRDA:482,20,0,0
BRDA:482,20,1,0
BRDA:495,21,0,0
BRDA:495,21,1,0
BRDA:508,22,0,0
BRDA:508,22,1,0
BRDA:512,23,0,0
BRDA:512,23,1,0
BRDA:516,24,0,0
BRDA:516,24,1,0
BRDA:520,25,0,0
BRDA:520,25,1,0
BRDA:533,26,0,0
BRDA:533,26,1,0
BRDA:538,27,0,0
BRDA:538,27,1,0
BRDA:558,28,0,0
BRDA:558,28,1,0
BRDA:569,29,0,0
BRDA:569,29,1,0
BRDA:570,30,0,0
BRDA:570,30,1,0
BRDA:571,31,0,0
BRDA:571,31,1,0
BRF:64
BRH:0
end_of_record
TN:
SF:C:\Users\nakkamadhusudhan\Desktop\eg\src\screens\Login.js
FN:81,(anonymous_0)
FN:93,Login
FN:117,onShowPasswordIconPress
FN:127,onChange
FN:139,onSubmit
FN:151,getFacebookProfileDetails
FN:171,renderTextInput
FN:196,pickerDoneBtnTapped
FN:207,handlePickerValue
FN:216,handleFacebookLogin
FN:227,(anonymous_10)
FN:232,(anonymous_11)
FN:239,(anonymous_12)
FN:243,_segmentPicker
FN:267,languageButtonTapped
FN:275,handleJoinNow
FN:288,showAndroidLaunguePicker
FN:297,onRequestClose
FN:302,setModalVisible
FN:309,componentWillMount
FN:312,(anonymous_20)
FN:315,render
FN:363,onPress
FN:376,onPress
FN:430,validate
FN:449,mapStateToProps
FN:459,mapDispatchToProps
FN:467,handleLoginUser
FN:468,onAppInstall
FNF:29
FNH:0
FNDA:0,(anonymous_0)
FNDA:0,Login
FNDA:0,onShowPasswordIconPress
FNDA:0,onChange
FNDA:0,onSubmit
FNDA:0,getFacebookProfileDetails
FNDA:0,renderTextInput
FNDA:0,pickerDoneBtnTapped
FNDA:0,handlePickerValue
FNDA:0,handleFacebookLogin
FNDA:0,(anonymous_10)
FNDA:0,(anonymous_11)
FNDA:0,(anonymous_12)
FNDA:0,_segmentPicker
FNDA:0,languageButtonTapped
FNDA:0,handleJoinNow
FNDA:0,showAndroidLaunguePicker
FNDA:0,onRequestClose
FNDA:0,setModalVisible
FNDA:0,componentWillMount
FNDA:0,(anonymous_20)
FNDA:0,render
FNDA:0,onPress
FNDA:0,onPress
FNDA:0,validate
FNDA:0,mapStateToProps
FNDA:0,mapDispatchToProps
FNDA:0,handleLoginUser
FNDA:0,onAppInstall
DA:1,0
DA:27,0
DA:28,0
DA:29,0
DA:30,0
DA:31,0
DA:32,0
DA:33,0
DA:34,0
DA:57,0
DA:58,0
DA:59,0
DA:60,0
DA:61,0
DA:62,0
DA:69,0
DA:71,0
DA:81,0
DA:93,0
DA:94,0
DA:95,0
DA:106,0
DA:107,0
DA:108,0
DA:109,0
DA:110,0
DA:111,0
DA:112,0
DA:113,0
DA:114,0
DA:115,0
DA:116,0
DA:117,0
DA:124,0
DA:136,0
DA:149,0
DA:159,0
DA:181,0
DA:182,0
DA:203,0
DA:215,0
DA:226,0
DA:227,0
DA:228,0
DA:229,0
DA:231,0
DA:233,0
DA:234,0
DA:235,0
DA:250,0
DA:251,0
DA:274,0
DA:283,0
DA:284,0
DA:286,0
DA:290,0
DA:308,0
DA:311,0
DA:312,0
DA:313,0
DA:323,0
DA:324,0
DA:325,0
DA:363,0
DA:376,0
DA:418,0
DA:421,0
DA:430,0
DA:431,0
DA:432,0
DA:433,0
DA:434,0
DA:435,0
DA:437,0
DA:438,0
DA:440,0
DA:449,0
DA:459,0
DA:467,0
DA:468,0
DA:480,0
DA:486,0
LF:82
LH:0
BRDA:193,0,0,0
BRDA:193,0,1,0
BRDA:228,1,0,0
BRDA:228,1,1,0
BRDA:250,2,0,0
BRDA:250,2,1,0
BRDA:250,3,0,0
BRDA:250,3,1,0
BRDA:283,4,0,0
BRDA:283,4,1,0
BRDA:291,5,0,0
BRDA:291,5,1,0
BRDA:362,6,0,0
BRDA:362,6,1,0
BRDA:432,7,0,0
BRDA:432,7,1,0
BRDA:434,8,0,0
BRDA:434,8,1,0
BRDA:437,9,0,0
BRDA:437,9,1,0
BRF:20
BRH:0
end_of_record
TN:
SF:C:\Users\nakkamadhusudhan\Desktop\eg\src\screens\LoyaltyCardAddManually.js
FN:66,(anonymous_0)
FN:72,LoyaltyCardAddManually
FN:97,(anonymous_2)
FN:109,(anonymous_3)
FN:131,componentWillReceiveProps
FN:131,saveButtonTapped
FN:162,render
FN:221,onPress
FN:237,validate
FN:257,normalizePhone
FN:285,mapStateToProps
FN:298,mapDispatchToProps
FN:299,walletAddCardRequest
FN:300,onAppInstall
FNF:14
FNH:0
FNDA:0,(anonymous_0)
FNDA:0,LoyaltyCardAddManually
FNDA:0,(anonymous_2)
FNDA:0,(anonymous_3)
FNDA:0,componentWillReceiveProps
FNDA:0,saveButtonTapped
FNDA:0,render
FNDA:0,onPress
FNDA:0,validate
FNDA:0,normalizePhone
FNDA:0,mapStateToProps
FNDA:0,mapDispatchToProps
FNDA:0,walletAddCardRequest
FNDA:0,onAppInstall
DA:1,0
DA:21,0
DA:22,0
DA:23,0
DA:24,0
DA:25,0
DA:26,0
DA:44,0
DA:45,0
DA:46,0
DA:47,0
DA:48,0
DA:49,0
DA:50,0
DA:57,0
DA:58,0
DA:66,0
DA:72,0
DA:73,0
DA:98,0
DA:101,0
DA:110,0
DA:111,0
DA:131,0
DA:138,0
DA:139,0
DA:148,0
DA:149,0
DA:171,0
DA:172,0
DA:221,0
DA:228,0
DA:237,0
DA:238,0
DA:240,0
DA:241,0
DA:242,0
DA:243,0
DA:247,0
DA:257,0
DA:258,0
DA:259,0
DA:261,0
DA:262,0
DA:263,0
DA:264,0
DA:266,0
DA:267,0
DA:270,0
DA:271,0
DA:273,0
DA:274,0
DA:276,0
DA:285,0
DA:298,0
DA:299,0
DA:300,0
DA:312,0
DA:315,0
LF:59
LH:0
BRDA:128,0,0,0
BRDA:128,0,1,0
BRDA:131,1,0,0
BRDA:131,1,1,0
BRDA:240,2,0,0
BRDA:240,2,1,0
BRDA:242,3,0,0
BRDA:242,3,1,0
BRDA:242,4,0,0
BRDA:242,4,1,0
BRDA:258,5,0,0
BRDA:258,5,1,0
BRDA:262,6,0,0
BRDA:262,6,1,0
BRDA:262,7,0,0
BRDA:262,7,1,0
BRDA:263,8,0,0
BRDA:263,8,1,0
BRDA:266,9,0,0
BRDA:266,9,1,0
BRDA:270,10,0,0
BRDA:270,10,1,0
BRDA:273,11,0,0
BRDA:273,11,1,0
BRF:24
BRH:0
end_of_record
TN:
SF:C:\Users\nakkamadhusudhan\Desktop\eg\src\screens\LoyaltyCardDetails.js
FN:50,(anonymous_0)
FN:56,LoyaltyCardDetails
FN:78,deleteLoyaltyCardFunction
FN:93,onPress
FN:98,onPress
FN:107,navigateToManualEntry
FN:117,_deleteButtonDesign
FN:149,render
FN:170,renderSectionHeader
FN:179,renderItem
FN:217,mapStateToProps
FN:227,mapDispatchToProps
FNF:12
FNH:0
FNDA:0,(anonymous_0)
FNDA:0,LoyaltyCardDetails
FNDA:0,deleteLoyaltyCardFunction
FNDA:0,onPress
FNDA:0,onPress
FNDA:0,navigateToManualEntry
FNDA:0,_deleteButtonDesign
FNDA:0,render
FNDA:0,renderSectionHeader
FNDA:0,renderItem
FNDA:0,mapStateToProps
FNDA:0,mapDispatchToProps
DA:1,0
DA:17,0
DA:18,0
DA:19,0
DA:31,0
DA:32,0
DA:33,0
DA:41,0
DA:42,0
DA:50,0
DA:56,0
DA:57,0
DA:58,0
DA:76,0
DA:77,0
DA:78,0
DA:87,0
DA:99,0
DA:116,0
DA:123,0
DA:124,0
DA:137,0
DA:155,0
DA:156,0
DA:170,0
DA:171,0
DA:179,0
DA:180,0
DA:181,0
DA:187,0
DA:188,0
DA:208,0
DA:217,0
DA:227,0
DA:233,0
LF:35
LH:0
BRDA:123,0,0,0
BRDA:123,0,1,0
BRDA:165,1,0,0
BRDA:165,1,1,0
BRDA:180,2,0,0
BRDA:180,2,1,0
BRDA:187,3,0,0
BRDA:187,3,1,0
BRF:8
BRH:0
end_of_record
TN:
SF:C:\Users\nakkamadhusudhan\Desktop\eg\src\screens\LoyaltyCards.js
FN:47,(anonymous_0)
FN:53,LoyaltyCards
FN:68,(anonymous_2)
FN:70,render
FN:88,onPress
FN:94,keyExtractor
FN:95,ref
FN:98,ItemSeparatorComponent
FN:99,renderItem
FN:101,onPress
FN:125,mapStateToProps
FN:135,mapDispatchToProps
FNF:12
FNH:0
FNDA:0,(anonymous_0)
FNDA:0,LoyaltyCards
FNDA:0,(anonymous_2)
FNDA:0,render
FNDA:0,onPress
FNDA:0,keyExtractor
FNDA:0,ref
FNDA:0,ItemSeparatorComponent
FNDA:0,renderItem
FNDA:0,onPress
FNDA:0,mapStateToProps
FNDA:0,mapDispatchToProps
DA:1,0
DA:18,0
DA:19,0
DA:20,0
DA:21,0
DA:31,0
DA:32,0
DA:39,0
DA:47,0
DA:53,0
DA:54,0
DA:69,0
DA:70,0
DA:77,0
DA:78,0
DA:88,0
DA:94,0
DA:96,0
DA:98,0
DA:99,0
DA:100,0
DA:101,0
DA:116,0
DA:125,0
DA:135,0
DA:141,0
LF:26
LH:0
BRF:0
BRH:0
end_of_record
TN:
SF:C:\Users\nakkamadhusudhan\Desktop\eg\src\screens\MembershipBenefits.js
FN:36,(anonymous_0)
FN:43,MembershipBenefits
FN:62,(anonymous_2)
FN:64,render
FN:96,keyExtractor
FN:97,ref
FN:100,ItemSeparatorComponent
FN:101,renderItem
FN:146,mapStateToProps
FN:158,mapDispatchToProps
FNF:10
FNH:0
FNDA:0,(anonymous_0)
FNDA:0,MembershipBenefits
FNDA:0,(anonymous_2)
FNDA:0,render
FNDA:0,keyExtractor
FNDA:0,ref
FNDA:0,ItemSeparatorComponent
FNDA:0,renderItem
FNDA:0,mapStateToProps
FNDA:0,mapDispatchToProps
DA:1,0
DA:18,0
DA:19,0
DA:20,0
DA:21,0
DA:28,0
DA:36,0
DA:43,0
DA:44,0
DA:63,0
DA:64,0
DA:66,0
DA:67,0
DA:96,0
DA:98,0
DA:100,0
DA:101,0
DA:102,0
DA:135,0
DA:146,0
DA:158,0
DA:165,0
LF:22
LH:0
BRF:0
BRH:0
end_of_record
TN:
SF:C:\Users\nakkamadhusudhan\Desktop\eg\src\screens\MembershipDetails.js
FN:50,(anonymous_0)
FN:55,MembershipDetails
FN:140,(anonymous_2)
FN:146,(anonymous_3)
FN:152,(anonymous_4)
FN:161,(anonymous_5)
FN:170,(anonymous_6)
FN:179,(anonymous_7)
FN:188,(anonymous_8)
FN:208,(anonymous_9)
FN:210,navigateToRegisterScreen
FN:210,render
FN:333,onPress
FN:390,keyExtractor
FN:391,ref
FN:394,ItemSeparatorComponent
FN:397,renderItem
FN:441,onPress
FN:499,keyExtractor
FN:500,ref
FN:503,ItemSeparatorComponent
FN:506,renderItem
FN:550,onPress
FN:608,keyExtractor
FN:609,ref
FN:612,ItemSeparatorComponent
FN:615,renderItem
FN:659,onPress
FN:717,keyExtractor
FN:718,ref
FN:721,ItemSeparatorComponent
FN:724,renderItem
FN:768,onPress
FN:826,keyExtractor
FN:827,ref
FN:830,ItemSeparatorComponent
FN:833,renderItem
FN:879,mapStateToProps
FN:891,mapDispatchToProps
FNF:39
FNH:0
FNDA:0,(anonymous_0)
FNDA:0,MembershipDetails
FNDA:0,(anonymous_2)
FNDA:0,(anonymous_3)
FNDA:0,(anonymous_4)
FNDA:0,(anonymous_5)
FNDA:0,(anonymous_6)
FNDA:0,(anonymous_7)
FNDA:0,(anonymous_8)
FNDA:0,(anonymous_9)
FNDA:0,navigateToRegisterScreen
FNDA:0,render
FNDA:0,onPress
FNDA:0,keyExtractor
FNDA:0,ref
FNDA:0,ItemSeparatorComponent
FNDA:0,renderItem
FNDA:0,onPress
FNDA:0,keyExtractor
FNDA:0,ref
FNDA:0,ItemSeparatorComponent
FNDA:0,renderItem
FNDA:0,onPress
FNDA:0,keyExtractor
FNDA:0,ref
FNDA:0,ItemSeparatorComponent
FNDA:0,renderItem
FNDA:0,onPress
FNDA:0,keyExtractor
FNDA:0,ref
FNDA:0,ItemSeparatorComponent
FNDA:0,renderItem
FNDA:0,onPress
FNDA:0,keyExtractor
FNDA:0,ref
FNDA:0,ItemSeparatorComponent
FNDA:0,renderItem
FNDA:0,mapStateToProps
FNDA:0,mapDispatchToProps
DA:1,0
DA:17,0
DA:18,0
DA:19,0
DA:29,0
DA:41,0
DA:42,0
DA:50,0
DA:55,0
DA:56,0
DA:141,0
DA:143,0
DA:144,0
DA:147,0
DA:148,0
DA:153,0
DA:156,0
DA:157,0
DA:162,0
DA:165,0
DA:166,0
DA:171,0
DA:174,0
DA:175,0
DA:180,0
DA:184,0
DA:189,0
DA:193,0
DA:209,0
DA:210,0
DA:212,0
DA:213,0
DA:214,0
DA:333,0
DA:390,0
DA:392,0
DA:394,0
DA:397,0
DA:398,0
DA:441,0
DA:499,0
DA:501,0
DA:503,0
DA:506,0
DA:507,0
DA:550,0
DA:608,0
DA:610,0
DA:612,0
DA:615,0
DA:616,0
DA:659,0
DA:717,0
DA:719,0
DA:721,0
DA:724,0
DA:725,0
DA:768,0
DA:826,0
DA:828,0
DA:830,0
DA:833,0
DA:834,0
DA:870,0
DA:879,0
DA:891,0
DA:897,0
DA:900,0
LF:68
LH:0
BRDA:141,0,0,0
BRDA:141,0,1,0
BRDA:147,1,0,0
BRDA:147,1,1,0
BRDA:156,2,0,0
BRDA:156,2,1,0
BRDA:165,3,0,0
BRDA:165,3,1,0
BRDA:174,4,0,0
BRDA:174,4,1,0
BRDA:272,5,0,0
BRDA:272,5,1,0
BRDA:277,6,0,0
BRDA:277,6,1,0
BRDA:373,7,0,0
BRDA:373,7,1,0
BRDA:385,8,0,0
BRDA:385,8,1,0
BRDA:482,9,0,0
BRDA:482,9,1,0
BRDA:494,10,0,0
BRDA:494,10,1,0
BRDA:591,11,0,0
BRDA:591,11,1,0
BRDA:603,12,0,0
BRDA:603,12,1,0
BRDA:700,13,0,0
BRDA:700,13,1,0
BRDA:712,14,0,0
BRDA:712,14,1,0
BRDA:809,15,0,0
BRDA:809,15,1,0
BRDA:821,16,0,0
BRDA:821,16,1,0
BRF:34
BRH:0
end_of_record
TN:
SF:C:\Users\nakkamadhusudhan\Desktop\eg\src\screens\NewsLetters.js
FN:54,(anonymous_0)
FN:60,NewsLetters
FN:67,newsLetterSubscribe
FN:77,newsLetterUnSubscribe
FN:88,render
FN:147,mapStateToProps
FN:157,mapDispatchToProps
FNF:7
FNH:0
FNDA:0,(anonymous_0)
FNDA:0,NewsLetters
FNDA:0,newsLetterSubscribe
FNDA:0,newsLetterUnSubscribe
FNDA:0,render
FNDA:0,mapStateToProps
FNDA:0,mapDispatchToProps
DA:1,0
DA:18,0
DA:19,0
DA:20,0
DA:32,0
DA:33,0
DA:40,0
DA:46,0
DA:54,0
DA:60,0
DA:61,0
DA:62,0
DA:65,0
DA:66,0
DA:67,0
DA:74,0
DA:85,0
DA:94,0
DA:138,0
DA:147,0
DA:157,0
DA:163,0
LF:22
LH:0
BRDA:121,0,0,0
BRDA:121,0,1,0
BRDA:124,1,0,0
BRDA:124,1,1,0
BRDA:130,2,0,0
BRDA:130,2,1,0
BRF:6
BRH:0
end_of_record
TN:
SF:C:\Users\nakkamadhusudhan\Desktop\eg\src\screens\Notifications.js
FN:55,(anonymous_0)
FN:61,Notifications
FN:78,rendernotificationListForLableOne
FN:82,(anonymous_3)
FN:91,onValueChange
FN:100,rendernotificationListForLableTwo
FN:103,(anonymous_6)
FN:112,onValueChange
FN:122,rendernotificationListForLableThree
FN:125,(anonymous_9)
FN:134,onValueChange
FN:144,render
FN:203,mapStateToProps
FN:213,mapDispatchToProps
FNF:14
FNH:0
FNDA:0,(anonymous_0)
FNDA:0,Notifications
FNDA:0,rendernotificationListForLableOne
FNDA:0,(anonymous_3)
FNDA:0,onValueChange
FNDA:0,rendernotificationListForLableTwo
FNDA:0,(anonymous_6)
FNDA:0,onValueChange
FNDA:0,rendernotificationListForLableThree
FNDA:0,(anonymous_9)
FNDA:0,onValueChange
FNDA:0,render
FNDA:0,mapStateToProps
FNDA:0,mapDispatchToProps
DA:1,0
DA:19,0
DA:20,0
DA:21,0
DA:33,0
DA:34,0
DA:40,0
DA:47,0
DA:55,0
DA:61,0
DA:62,0
DA:63,0
DA:74,0
DA:78,0
DA:81,0
DA:82,0
DA:92,0
DA:93,0
DA:99,0
DA:102,0
DA:103,0
DA:113,0
DA:114,0
DA:121,0
DA:124,0
DA:125,0
DA:135,0
DA:136,0
DA:143,0
DA:152,0
DA:193,0
DA:203,0
DA:213,0
DA:219,0
LF:34
LH:0
BRF:0
BRH:0
end_of_record
TN:
SF:C:\Users\nakkamadhusudhan\Desktop\eg\src\screens\OnBoardingScreen.js
FN:47,(anonymous_0)
FN:58,OnBoardingScreen
FN:72,render
FN:115,componentDidMount
FN:124,componentWillMount
FN:132,(anonymous_5)
FN:135,componentWillUnmount
FN:143,(anonymous_7)
FNF:8
FNH:0
FNDA:0,(anonymous_0)
FNDA:0,OnBoardingScreen
FNDA:0,render
FNDA:0,componentDidMount
FNDA:0,componentWillMount
FNDA:0,(anonymous_5)
FNDA:0,componentWillUnmount
FNDA:0,(anonymous_7)
DA:1,0
DA:26,0
DA:27,0
DA:28,0
DA:29,0
DA:30,0
DA:31,0
DA:33,0
DA:47,0
DA:58,0
DA:59,0
DA:60,0
DA:70,0
DA:72,0
DA:79,0
DA:123,0
DA:132,0
DA:133,0
DA:143,0
DA:146,0
DA:149,0
LF:21
LH:0
BRF:0
BRH:0
end_of_record
TN:
SF:C:\Users\nakkamadhusudhan\Desktop\eg\src\screens\PaymentSuccessfull.js
FN:52,(anonymous_0)
FN:52,PaymentSuccessfull
FN:52,closeButtonTapped
FN:61,render
FN:124,mapStateToProps
FN:136,mapDispatchToProps
FNF:6
FNH:0
FNDA:0,(anonymous_0)
FNDA:0,PaymentSuccessfull
FNDA:0,closeButtonTapped
FNDA:0,render
FNDA:0,mapStateToProps
FNDA:0,mapDispatchToProps
DA:1,0
DA:20,0
DA:21,0
DA:22,0
DA:23,0
DA:24,0
DA:35,0
DA:36,0
DA:37,0
DA:44,0
DA:52,0
DA:59,0
DA:60,0
DA:67,0
DA:115,0
DA:124,0
DA:136,0
DA:147,0
DA:150,0
LF:19
LH:0
BRF:0
BRH:0
end_of_record
TN:
SF:C:\Users\nakkamadhusudhan\Desktop\eg\src\screens\PostScussfullyQRCodeScanning.js
FN:63,(anonymous_0)
FN:65,PostScussfullyQRCodeScanning
FN:75,resetBuilder
FN:81,onSuccess
FN:103,componentDidMount
FN:126,(anonymous_5)
FN:130,(anonymous_6)
FN:133,(anonymous_7)
FN:136,componentWillReceiveProps
FN:144,_requestPermission
FN:151,(anonymous_10)
FN:156,_checkCameraAndPhotos
FN:163,(anonymous_12)
FN:170,_alertForPhotosPermission
FN:188,onPress
FN:196,closeButtonTapped
FN:204,confirmButtonTapped
FN:212,scanQrcodeAgainTapped
FN:216,paymentUpdateDetailsBtntapped
FN:221,hideAndShowConfirmButton
FN:234,render
FN:270,keyExtractor
FN:271,ref
FN:274,renderItem
FN:302,get
FN:311,mapStateToProps
FN:324,mapDispatchToProps
FNF:27
FNH:0
FNDA:0,(anonymous_0)
FNDA:0,PostScussfullyQRCodeScanning
FNDA:0,resetBuilder
FNDA:0,onSuccess
FNDA:0,componentDidMount
FNDA:0,(anonymous_5)
FNDA:0,(anonymous_6)
FNDA:0,(anonymous_7)
FNDA:0,componentWillReceiveProps
FNDA:0,_requestPermission
FNDA:0,(anonymous_10)
FNDA:0,_checkCameraAndPhotos
FNDA:0,(anonymous_12)
FNDA:0,_alertForPhotosPermission
FNDA:0,onPress
FNDA:0,closeButtonTapped
FNDA:0,confirmButtonTapped
FNDA:0,scanQrcodeAgainTapped
FNDA:0,paymentUpdateDetailsBtntapped
FNDA:0,hideAndShowConfirmButton
FNDA:0,render
FNDA:0,keyExtractor
FNDA:0,ref
FNDA:0,renderItem
FNDA:0,get
FNDA:0,mapStateToProps
FNDA:0,mapDispatchToProps
DA:1,0
DA:23,0
DA:24,0
DA:34,0
DA:35,0
DA:36,0
DA:37,0
DA:46,0
DA:47,0
DA:54,0
DA:63,0
DA:65,0
DA:66,0
DA:67,0
DA:72,0
DA:73,0
DA:74,0
DA:75,0
DA:80,0
DA:88,0
DA:89,0
DA:90,0
DA:95,0
DA:96,0
DA:97,0
DA:98,0
DA:99,0
DA:100,0
DA:102,0
DA:110,0
DA:111,0
DA:112,0
DA:113,0
DA:118,0
DA:119,0
DA:120,0
DA:121,0
DA:122,0
DA:123,0
DA:125,0
DA:126,0
DA:127,0
DA:129,0
DA:130,0
DA:133,0
DA:139,0
DA:140,0
DA:150,0
DA:151,0
DA:154,0
DA:162,0
DA:163,0
DA:165,0
DA:182,0
DA:203,0
DA:211,0
DA:215,0
DA:227,0
DA:240,0
DA:241,0
DA:270,0
DA:272,0
DA:274,0
DA:302,0
DA:311,0
DA:324,0
DA:335,0
DA:341,0
LF:68
LH:0
BRDA:96,0,0,0
BRDA:96,0,1,0
BRDA:119,1,0,0
BRDA:119,1,1,0
BRDA:139,2,0,0
BRDA:139,2,1,0
BRDA:191,3,0,0
BRDA:191,3,1,0
BRF:8
BRH:0
end_of_record
TN:
SF:C:\Users\nakkamadhusudhan\Desktop\eg\src\screens\PreferredStation.js
FN:58,(anonymous_0)
FN:64,PreferredStation
FN:71,(anonymous_2)
FN:76,onPress
FN:81,render
FN:100,onPress
FN:124,ItemSeparatorComponent
FN:125,renderItem
FN:126,onPress
FN:197,ItemSeparatorComponent
FN:198,renderItem
FN:199,onPress
FN:276,mapStateToProps
FN:286,mapDispatchToProps
FNF:14
FNH:0
FNDA:0,(anonymous_0)
FNDA:0,PreferredStation
FNDA:0,(anonymous_2)
FNDA:0,onPress
FNDA:0,render
FNDA:0,onPress
FNDA:0,ItemSeparatorComponent
FNDA:0,renderItem
FNDA:0,onPress
FNDA:0,ItemSeparatorComponent
FNDA:0,renderItem
FNDA:0,onPress
FNDA:0,mapStateToProps
FNDA:0,mapDispatchToProps
DA:1,0
DA:18,0
DA:19,0
DA:20,0
DA:26,0
DA:27,0
DA:36,0
DA:37,0
DA:43,0
DA:49,0
DA:50,0
DA:58,0
DA:64,0
DA:65,0
DA:72,0
DA:76,0
DA:81,0
DA:87,0
DA:101,0
DA:105,0
DA:124,0
DA:125,0
DA:126,0
DA:197,0
DA:198,0
DA:199,0
DA:267,0
DA:276,0
DA:286,0
DA:292,0
LF:30
LH:0
BRF:0
BRH:0
end_of_record
TN:
SF:C:\Users\nakkamadhusudhan\Desktop\eg\src\screens\PrivarcyPolicy.js
FN:50,(anonymous_0)
FN:50,PrivacyPolicy
FN:50,render
FN:269,mapStateToProps
FN:279,mapDispatchToProps
FNF:5
FNH:0
FNDA:0,(anonymous_0)
FNDA:0,PrivacyPolicy
FNDA:0,render
FNDA:0,mapStateToProps
FNDA:0,mapDispatchToProps
DA:1,0
DA:18,0
DA:19,0
DA:20,0
DA:21,0
DA:29,0
DA:30,0
DA:36,0
DA:43,0
DA:50,0
DA:56,0
DA:260,0
DA:269,0
DA:279,0
DA:285,0
LF:15
LH:0
BRF:0
BRH:0
end_of_record
TN:
SF:C:\Users\nakkamadhusudhan\Desktop\eg\src\screens\PushNotification.js
FNF:0
FNH:0
LF:0
LH:0
BRF:0
BRH:0
end_of_record
TN:
SF:C:\Users\nakkamadhusudhan\Desktop\eg\src\screens\QRCodeScanning.js
FN:56,(anonymous_0)
FN:58,QRCodeScanning
FN:67,resetBuilder
FN:74,componentWillMount
FN:77,(anonymous_4)
FN:80,onSuccess
FN:107,componentDidMount
FN:115,(anonymous_7)
FN:120,(anonymous_8)
FN:123,(anonymous_9)
FN:126,_requestPermission
FN:133,(anonymous_11)
FN:138,_checkCameraAndPhotos
FN:145,(anonymous_13)
FN:152,_alertForPhotosPermission
FN:169,onPress
FN:177,closeButtonTapped
FN:185,confirmButtonTapped
FN:193,paymentUpdateDetailsBtntapped
FN:203,hideAndShowConfirmButton
FN:218,qrcodeScanning
FN:227,ref
FN:233,render
FN:252,ref
FN:265,keyExtractor
FN:266,ref
FN:268,renderItem
FN:269,onPress
FN:293,get
FN:302,mapStateToProps
FN:314,mapDispatchToProps
FNF:31
FNH:0
FNDA:0,(anonymous_0)
FNDA:0,QRCodeScanning
FNDA:0,resetBuilder
FNDA:0,componentWillMount
FNDA:0,(anonymous_4)
FNDA:0,onSuccess
FNDA:0,componentDidMount
FNDA:0,(anonymous_7)
FNDA:0,(anonymous_8)
FNDA:0,(anonymous_9)
FNDA:0,_requestPermission
FNDA:0,(anonymous_11)
FNDA:0,_checkCameraAndPhotos
FNDA:0,(anonymous_13)
FNDA:0,_alertForPhotosPermission
FNDA:0,onPress
FNDA:0,closeButtonTapped
FNDA:0,confirmButtonTapped
FNDA:0,paymentUpdateDetailsBtntapped
FNDA:0,hideAndShowConfirmButton
FNDA:0,qrcodeScanning
FNDA:0,ref
FNDA:0,render
FNDA:0,ref
FNDA:0,keyExtractor
FNDA:0,ref
FNDA:0,renderItem
FNDA:0,onPress
FNDA:0,get
FNDA:0,mapStateToProps
FNDA:0,mapDispatchToProps
DA:1,0
DA:23,0
DA:24,0
DA:25,0
DA:26,0
DA:27,0
DA:28,0
DA:29,0
DA:30,0
DA:39,0
DA:40,0
DA:47,0
DA:56,0
DA:58,0
DA:59,0
DA:60,0
DA:64,0
DA:65,0
DA:66,0
DA:67,0
DA:72,0
DA:76,0
DA:77,0
DA:78,0
DA:102,0
DA:114,0
DA:115,0
DA:117,0
DA:119,0
DA:120,0
DA:123,0
DA:132,0
DA:133,0
DA:136,0
DA:144,0
DA:145,0
DA:147,0
DA:164,0
DA:184,0
DA:192,0
DA:200,0
DA:201,0
DA:209,0
DA:210,0
DA:219,0
DA:221,0
DA:222,0
DA:223,0
DA:224,0
DA:225,0
DA:226,0
DA:227,0
DA:231,0
DA:239,0
DA:240,0
DA:241,0
DA:242,0
DA:243,0
DA:244,0
DA:245,0
DA:246,0
DA:252,0
DA:265,0
DA:266,0
DA:268,0
DA:269,0
DA:291,0
DA:293,0
DA:302,0
DA:314,0
DA:325,0
DA:328,0
LF:72
LH:0
BRDA:172,0,0,0
BRDA:172,0,1,0
BRDA:200,1,0,0
BRDA:200,1,1,0
BRDA:209,2,0,0
BRDA:209,2,1,0
BRDA:222,3,0,0
BRDA:222,3,1,0
BRDA:224,4,0,0
BRDA:224,4,1,0
BRDA:226,5,0,0
BRDA:226,5,1,0
BRDA:241,6,0,0
BRDA:241,6,1,0
BRDA:243,7,0,0
BRDA:243,7,1,0
BRDA:245,8,0,0
BRDA:245,8,1,0
BRF:18
BRH:0
end_of_record
TN:
SF:C:\Users\nakkamadhusudhan\Desktop\eg\src\screens\Register.js
FN:77,(anonymous_0)
FN:87,Register
FN:107,componentDidMount
FN:118,componentWillUnmount
FN:126,onIconPress
FN:136,onIconConfirmPress
FN:146,onChange
FN:159,onActivateNewsletter
FN:169,onSubmit
FN:182,onLoginClick
FN:190,onTermAndConditionLink
FN:198,onPrivacyAndPolicyLink
FN:206,handleBackNavigation
FN:218,onPress
FN:219,onPress
FN:226,acceptTermsConditions
FN:236,handleBackPress
FN:245,renderTextInput
FN:270,render
FN:413,validate
FN:450,mapStateToProps
FN:462,mapDispatchToProps
FN:467,handleRegisterUser
FN:468,onAppInstall
FNF:24
FNH:0
FNDA:0,(anonymous_0)
FNDA:0,Register
FNDA:0,componentDidMount
FNDA:0,componentWillUnmount
FNDA:0,onIconPress
FNDA:0,onIconConfirmPress
FNDA:0,onChange
FNDA:0,onActivateNewsletter
FNDA:0,onSubmit
FNDA:0,onLoginClick
FNDA:0,onTermAndConditionLink
FNDA:0,onPrivacyAndPolicyLink
FNDA:0,handleBackNavigation
FNDA:0,onPress
FNDA:0,onPress
FNDA:0,acceptTermsConditions
FNDA:0,handleBackPress
FNDA:0,renderTextInput
FNDA:0,render
FNDA:0,validate
FNDA:0,mapStateToProps
FNDA:0,mapDispatchToProps
FNDA:0,handleRegisterUser
FNDA:0,onAppInstall
DA:1,0
DA:27,0
DA:28,0
DA:29,0
DA:30,0
DA:31,0
DA:32,0
DA:33,0
DA:56,0
DA:57,0
DA:58,0
DA:59,0
DA:60,0
DA:61,0
DA:69,0
DA:77,0
DA:87,0
DA:88,0
DA:89,0
DA:95,0
DA:96,0
DA:97,0
DA:98,0
DA:99,0
DA:100,0
DA:101,0
DA:102,0
DA:103,0
DA:104,0
DA:105,0
DA:106,0
DA:107,0
DA:116,0
DA:125,0
DA:133,0
DA:143,0
DA:156,0
DA:166,0
DA:179,0
DA:180,0
DA:181,0
DA:189,0
DA:197,0
DA:205,0
DA:213,0
DA:214,0
DA:219,0
DA:224,0
DA:233,0
DA:243,0
DA:244,0
DA:254,0
DA:255,0
DA:279,0
DA:280,0
DA:403,0
DA:413,0
DA:414,0
DA:415,0
DA:416,0
DA:417,0
DA:418,0
DA:420,0
DA:421,0
DA:422,0
DA:423,0
DA:425,0
DA:426,0
DA:427,0
DA:428,0
DA:430,0
DA:431,0
DA:432,0
DA:433,0
DA:436,0
DA:437,0
DA:438,0
DA:439,0
DA:441,0
DA:450,0
DA:462,0
DA:467,0
DA:468,0
DA:481,0
DA:487,0
LF:85
LH:0
BRDA:213,0,0,0
BRDA:213,0,1,0
BRDA:213,1,0,0
BRDA:213,1,1,0
BRDA:267,2,0,0
BRDA:267,2,1,0
BRDA:378,3,0,0
BRDA:378,3,1,0
BRDA:415,4,0,0
BRDA:415,4,1,0
BRDA:417,5,0,0
BRDA:417,5,1,0
BRDA:420,6,0,0
BRDA:420,6,1,0
BRDA:422,7,0,0
BRDA:422,7,1,0
BRDA:425,8,0,0
BRDA:425,8,1,0
BRDA:427,9,0,0
BRDA:427,9,1,0
BRDA:430,10,0,0
BRDA:430,10,1,0
BRDA:432,11,0,0
BRDA:432,11,1,0
BRDA:436,12,0,0
BRDA:436,12,1,0
BRDA:438,13,0,0
BRDA:438,13,1,0
BRF:28
BRH:0
end_of_record
TN:
SF:C:\Users\nakkamadhusudhan\Desktop\eg\src\screens\ScanCard.js
FN:56,(anonymous_0)
FN:56,ScanCard
FN:77,(anonymous_2)
FN:87,_callee
FN:87,_callee$
FN:115,onPress
FN:120,onPress
FN:131,componentWillMount
FN:131,render
FN:178,onPress
FN:206,mapStateToProps
FN:216,mapDispatchToProps
FNF:12
FNH:0
FNDA:0,(anonymous_0)
FNDA:0,ScanCard
FNDA:0,(anonymous_2)
FNDA:0,_callee
FNDA:0,_callee$
FNDA:0,onPress
FNDA:0,onPress
FNDA:0,componentWillMount
FNDA:0,render
FNDA:0,onPress
FNDA:0,mapStateToProps
FNDA:0,mapDispatchToProps
DA:1,0
DA:22,0
DA:23,0
DA:24,0
DA:25,0
DA:26,0
DA:38,0
DA:39,0
DA:40,0
DA:47,0
DA:48,0
DA:56,0
DA:78,0
DA:79,0
DA:87,0
DA:90,0
DA:99,0
DA:100,0
DA:101,0
DA:102,0
DA:103,0
DA:105,0
DA:106,0
DA:108,0
DA:109,0
DA:121,0
DA:122,0
DA:123,0
DA:124,0
DA:126,0
DA:131,0
DA:144,0
DA:145,0
DA:179,0
DA:180,0
DA:181,0
DA:182,0
DA:184,0
DA:197,0
DA:206,0
DA:216,0
DA:222,0
LF:42
LH:0
BRDA:87,0,0,0
BRDA:87,0,1,0
BRDA:87,0,2,0
BRDA:87,0,3,0
BRDA:87,0,4,0
BRDA:100,1,0,0
BRDA:100,1,1,0
BRDA:102,2,0,0
BRDA:102,2,1,0
BRDA:121,3,0,0
BRDA:121,3,1,0
BRDA:123,4,0,0
BRDA:123,4,1,0
BRDA:131,5,0,0
BRDA:131,5,1,0
BRDA:179,6,0,0
BRDA:179,6,1,0
BRDA:181,7,0,0
BRDA:181,7,1,0
BRF:19
BRH:0
end_of_record
TN:
SF:C:\Users\nakkamadhusudhan\Desktop\eg\src\screens\StoreDetails.js
FN:20,(anonymous_0)
FN:21,StoreDetails
FN:54,(anonymous_2)
FN:64,(anonymous_3)
FN:65,(anonymous_4)
FN:71,(anonymous_5)
FN:80,componentDidMount
FN:80,render
FN:212,keyExtractor
FN:213,renderItem
FN:241,keyExtractor
FN:242,ref
FN:243,ItemSeparatorComponent
FN:244,renderItem
FNF:14
FNH:0
FNDA:0,(anonymous_0)
FNDA:0,StoreDetails
FNDA:0,(anonymous_2)
FNDA:0,(anonymous_3)
FNDA:0,(anonymous_4)
FNDA:0,(anonymous_5)
FNDA:0,componentDidMount
FNDA:0,render
FNDA:0,keyExtractor
FNDA:0,renderItem
FNDA:0,keyExtractor
FNDA:0,ref
FNDA:0,ItemSeparatorComponent
FNDA:0,renderItem
DA:1,0
DA:2,0
DA:3,0
DA:5,0
DA:6,0
DA:7,0
DA:8,0
DA:10,0
DA:11,0
DA:13,0
DA:14,0
DA:16,0
DA:17,0
DA:18,0
DA:20,0
DA:21,0
DA:22,0
DA:55,0
DA:56,0
DA:57,0
DA:58,0
DA:61,0
DA:62,0
DA:65,0
DA:66,0
DA:72,0
DA:80,0
DA:87,0
DA:88,0
DA:212,0
DA:213,0
DA:241,0
DA:242,0
DA:243,0
DA:244,0
DA:266,0
DA:269,0
LF:37
LH:0
BRF:0
BRH:0
end_of_record
TN:
SF:C:\Users\nakkamadhusudhan\Desktop\eg\src\screens\StoreList.js
FN:4,(anonymous_0)
FN:6,StoreList
FN:9,selectedStore
FN:14,render
FN:21,renderItem
FN:30,keyExtractor
FN:31,ItemSeparatorComponent
FNF:7
FNH:0
FNDA:0,(anonymous_0)
FNDA:0,StoreList
FNDA:0,selectedStore
FNDA:0,render
FNDA:0,renderItem
FNDA:0,keyExtractor
FNDA:0,ItemSeparatorComponent
DA:1,0
DA:2,0
DA:4,0
DA:6,0
DA:7,0
DA:8,0
DA:9,0
DA:12,0
DA:13,0
DA:16,0
DA:17,0
DA:21,0
DA:30,0
DA:31,0
DA:42,0
DA:46,0
LF:16
LH:0
BRF:0
BRH:0
end_of_record
TN:
SF:C:\Users\nakkamadhusudhan\Desktop\eg\src\screens\StoreLocator.js
FN:71,(anonymous_0)
FN:81,StoreLocator
FN:138,(anonymous_2)
FN:144,(anonymous_3)
FN:153,(anonymous_4)
FN:154,(anonymous_5)
FN:161,(anonymous_6)
FN:172,(anonymous_7)
FN:178,(anonymous_8)
FN:182,(anonymous_9)
FN:190,(anonymous_10)
FN:199,(anonymous_11)
FN:208,(anonymous_12)
FN:212,(anonymous_13)
FN:217,(anonymous_14)
FN:225,(anonymous_15)
FN:230,(anonymous_16)
FN:240,(anonymous_17)
FN:250,(anonymous_18)
FN:251,(anonymous_19)
FN:254,componentDidMount
FN:254,render
FN:332,onPress
FN:342,keyExtractor
FN:343,ref
FN:344,ItemSeparatorComponent
FN:345,renderItem
FN:349,onPress
FN:422,keyExtractor
FN:423,ref
FN:424,ItemSeparatorComponent
FN:425,renderItem
FN:493,onScroll
FN:501,keyExtractor
FN:502,ItemSeparatorComponent
FN:503,renderItem
FN:528,onValueChange
FN:547,onPress
FN:558,onPress
FN:569,onPress
FN:580,onPress
FN:591,onPress
FN:602,onPress
FN:613,onPress
FN:624,onPress
FN:635,onPress
FN:646,onPress
FN:665,mapStateToProps
FN:669,mapDispatchToProps
FN:670,getStations
FNF:50
FNH:0
FNDA:0,(anonymous_0)
FNDA:0,StoreLocator
FNDA:0,(anonymous_2)
FNDA:0,(anonymous_3)
FNDA:0,(anonymous_4)
FNDA:0,(anonymous_5)
FNDA:0,(anonymous_6)
FNDA:0,(anonymous_7)
FNDA:0,(anonymous_8)
FNDA:0,(anonymous_9)
FNDA:0,(anonymous_10)
FNDA:0,(anonymous_11)
FNDA:0,(anonymous_12)
FNDA:0,(anonymous_13)
FNDA:0,(anonymous_14)
FNDA:0,(anonymous_15)
FNDA:0,(anonymous_16)
FNDA:0,(anonymous_17)
FNDA:0,(anonymous_18)
FNDA:0,(anonymous_19)
FNDA:0,componentDidMount
FNDA:0,render
FNDA:0,onPress
FNDA:0,keyExtractor
FNDA:0,ref
FNDA:0,ItemSeparatorComponent
FNDA:0,renderItem
FNDA:0,onPress
FNDA:0,keyExtractor
FNDA:0,ref
FNDA:0,ItemSeparatorComponent
FNDA:0,renderItem
FNDA:0,onScroll
FNDA:0,keyExtractor
FNDA:0,ItemSeparatorComponent
FNDA:0,renderItem
FNDA:0,onValueChange
FNDA:0,onPress
FNDA:0,onPress
FNDA:0,onPress
FNDA:0,onPress
FNDA:0,onPress
FNDA:0,onPress
FNDA:0,onPress
FNDA:0,onPress
FNDA:0,onPress
FNDA:0,onPress
FNDA:0,mapStateToProps
FNDA:0,mapDispatchToProps
FNDA:0,getStations
DA:1,0
DA:30,0
DA:31,0
DA:32,0
DA:33,0
DA:34,0
DA:35,0
DA:48,0
DA:49,0
DA:50,0
DA:51,0
DA:52,0
DA:53,0
DA:54,0
DA:55,0
DA:57,0
DA:59,0
DA:61,0
DA:62,0
DA:63,0
DA:71,0
DA:81,0
DA:82,0
DA:139,0
DA:140,0
DA:142,0
DA:143,0
DA:144,0
DA:145,0
DA:147,0
DA:150,0
DA:152,0
DA:154,0
DA:155,0
DA:156,0
DA:162,0
DA:170,0
DA:173,0
DA:179,0
DA:181,0
DA:183,0
DA:191,0
DA:193,0
DA:200,0
DA:201,0
DA:209,0
DA:210,0
DA:213,0
DA:214,0
DA:215,0
DA:218,0
DA:226,0
DA:228,0
DA:231,0
DA:232,0
DA:233,0
DA:234,0
DA:237,0
DA:238,0
DA:241,0
DA:244,0
DA:251,0
DA:252,0
DA:254,0
DA:260,0
DA:261,0
DA:333,0
DA:342,0
DA:343,0
DA:344,0
DA:345,0
DA:349,0
DA:422,0
DA:423,0
DA:424,0
DA:425,0
DA:493,0
DA:501,0
DA:502,0
DA:503,0
DA:528,0
DA:547,0
DA:558,0
DA:569,0
DA:580,0
DA:591,0
DA:602,0
DA:613,0
DA:624,0
DA:635,0
DA:646,0
DA:662,0
DA:665,0
DA:669,0
DA:670,0
DA:673,0
LF:96
LH:0
BRDA:142,0,0,0
BRDA:142,0,1,0
BRDA:145,1,0,0
BRDA:145,1,1,0
BRDA:145,1,2,0
BRDA:213,2,0,0
BRDA:213,2,1,0
BRDA:323,3,0,0
BRDA:323,3,1,0
BRDA:338,4,0,0
BRDA:338,4,1,0
BRDA:339,5,0,0
BRDA:339,5,1,0
BRDA:341,6,0,0
BRDA:341,6,1,0
BRDA:362,7,0,0
BRDA:362,7,1,0
BRDA:419,8,0,0
BRDA:419,8,1,0
BRDA:440,9,0,0
BRDA:440,9,1,0
BRDA:490,10,0,0
BRDA:490,10,1,0
BRDA:507,11,0,0
BRDA:507,11,1,0
BRF:25
BRH:0
end_of_record
TN:
SF:C:\Users\nakkamadhusudhan\Desktop\eg\src\screens\Support.js
FN:54,(anonymous_0)
FN:59,Support
FN:63,componentDidMount
FN:72,sendAnEmail
FN:81,(anonymous_4)
FN:87,(anonymous_5)
FN:88,makeACall
FN:98,(anonymous_7)
FN:103,(anonymous_8)
FN:104,(anonymous_9)
FN:107,(anonymous_10)
FN:109,render
FN:139,onPress
FN:149,onPress
FN:167,mapStateToProps
FN:181,mapDispatchToProps
FN:182,handleContactUsRequest
FNF:17
FNH:0
FNDA:0,(anonymous_0)
FNDA:0,Support
FNDA:0,componentDidMount
FNDA:0,sendAnEmail
FNDA:0,(anonymous_4)
FNDA:0,(anonymous_5)
FNDA:0,makeACall
FNDA:0,(anonymous_7)
FNDA:0,(anonymous_8)
FNDA:0,(anonymous_9)
FNDA:0,(anonymous_10)
FNDA:0,render
FNDA:0,onPress
FNDA:0,onPress
FNDA:0,mapStateToProps
FNDA:0,mapDispatchToProps
FNDA:0,handleContactUsRequest
DA:1,0
DA:19,0
DA:20,0
DA:21,0
DA:31,0
DA:32,0
DA:33,0
DA:39,0
DA:46,0
DA:47,0
DA:54,0
DA:59,0
DA:60,0
DA:61,0
DA:62,0
DA:63,0
DA:71,0
DA:80,0
DA:81,0
DA:83,0
DA:85,0
DA:96,0
DA:97,0
DA:99,0
DA:102,0
DA:104,0
DA:115,0
DA:116,0
DA:117,0
DA:118,0
DA:139,0
DA:149,0
DA:157,0
DA:167,0
DA:181,0
DA:182,0
DA:189,0
LF:37
LH:0
BRDA:83,0,0,0
BRDA:83,0,1,0
BRDA:99,1,0,0
BRDA:99,1,1,0
BRF:4
BRH:0
end_of_record
TN:
SF:C:\Users\nakkamadhusudhan\Desktop\eg\src\screens\TermsAndConditions.js
FN:49,(anonymous_0)
FN:49,TermsAndConditions
FN:49,render
FN:168,mapStateToProps
FN:178,mapDispatchToProps
FNF:5
FNH:0
FNDA:0,(anonymous_0)
FNDA:0,TermsAndConditions
FNDA:0,render
FNDA:0,mapStateToProps
FNDA:0,mapDispatchToProps
DA:1,0
DA:19,0
DA:20,0
DA:21,0
DA:32,0
DA:33,0
DA:34,0
DA:41,0
DA:49,0
DA:56,0
DA:158,0
DA:168,0
DA:178,0
DA:184,0
LF:14
LH:0
BRF:0
BRH:0
end_of_record
TN:
SF:C:\Users\nakkamadhusudhan\Desktop\eg\src\screens\UserHome.js
FN:45,(anonymous_0)
FN:47,Home
FN:110,(anonymous_2)
FN:112,preferredStationsTapped
FN:112,nearestStationsTapped
FN:112,componentDidMount
FN:112,componentWillMount
FN:121,(anonymous_7)
FN:124,componentWillUnmount
FN:134,render
FN:159,onPress
FN:178,onPress
FN:184,onPress
FN:190,onPress
FN:200,keyExtractor
FN:200,ref
FN:202,ItemSeparatorComponent
FN:203,renderItem
FN:207,onPress
FN:334,onPress
FN:366,onPress
FN:403,onPress
FN:422,onPress
FN:434,renderItem
FN:437,onPress
FN:476,renderItem
FN:510,onPress
FN:522,renderItem
FN:525,onPress
FN:567,mapStateToProps
FN:578,mapDispatchToProps
FN:579,handleGetUserDetails
FN:580,handleHomeDataRequest
FNF:33
FNH:0
FNDA:0,(anonymous_0)
FNDA:0,Home
FNDA:0,(anonymous_2)
FNDA:0,preferredStationsTapped
FNDA:0,nearestStationsTapped
FNDA:0,componentDidMount
FNDA:0,componentWillMount
FNDA:0,(anonymous_7)
FNDA:0,componentWillUnmount
FNDA:0,render
FNDA:0,onPress
FNDA:0,onPress
FNDA:0,onPress
FNDA:0,onPress
FNDA:0,keyExtractor
FNDA:0,ref
FNDA:0,ItemSeparatorComponent
FNDA:0,renderItem
FNDA:0,onPress
FNDA:0,onPress
FNDA:0,onPress
FNDA:0,onPress
FNDA:0,onPress
FNDA:0,renderItem
FNDA:0,onPress
FNDA:0,renderItem
FNDA:0,onPress
FNDA:0,renderItem
FNDA:0,onPress
FNDA:0,mapStateToProps
FNDA:0,mapDispatchToProps
FNDA:0,handleGetUserDetails
FNDA:0,handleHomeDataRequest
DA:1,0
DA:8,0
DA:9,0
DA:10,0
DA:11,0
DA:12,0
DA:13,0
DA:16,0
DA:17,0
DA:18,0
DA:21,0
DA:22,0
DA:34,0
DA:35,0
DA:38,0
DA:45,0
DA:47,0
DA:48,0
DA:111,0
DA:112,0
DA:119,0
DA:120,0
DA:121,0
DA:122,0
DA:132,0
DA:133,0
DA:139,0
DA:140,0
DA:141,0
DA:142,0
DA:159,0
DA:178,0
DA:184,0
DA:190,0
DA:200,0
DA:201,0
DA:202,0
DA:203,0
DA:207,0
DA:334,0
DA:366,0
DA:403,0
DA:422,0
DA:434,0
DA:437,0
DA:476,0
DA:510,0
DA:522,0
DA:525,0
DA:559,0
DA:567,0
DA:578,0
DA:579,0
DA:580,0
DA:583,0
LF:55
LH:0
BRDA:154,0,0,0
BRDA:154,0,1,0
BRDA:155,1,0,0
BRDA:155,1,1,0
BRDA:167,2,0,0
BRDA:167,2,1,0
BRDA:179,3,0,0
BRDA:179,3,1,0
BRDA:179,4,0,0
BRDA:179,4,1,0
BRDA:180,5,0,0
BRDA:180,5,1,0
BRDA:180,6,0,0
BRDA:180,6,1,0
BRDA:185,7,0,0
BRDA:185,7,1,0
BRDA:185,8,0,0
BRDA:185,8,1,0
BRDA:186,9,0,0
BRDA:186,9,1,0
BRDA:186,10,0,0
BRDA:186,10,1,0
BRDA:227,11,0,0
BRDA:227,11,1,0
BRDA:237,12,0,0
BRDA:237,12,1,0
BRDA:239,13,0,0
BRDA:239,13,1,0
BRDA:305,14,0,0
BRDA:305,14,1,0
BRDA:310,15,0,0
BRDA:310,15,1,0
BRDA:312,16,0,0
BRDA:312,16,1,0
BRDA:313,17,0,0
BRDA:313,17,1,0
BRDA:314,18,0,0
BRDA:314,18,1,0
BRDA:314,19,0,0
BRDA:314,19,1,0
BRDA:315,20,0,0
BRDA:315,20,1,0
BRDA:324,21,0,0
BRDA:324,21,1,0
BRDA:335,22,0,0
BRDA:335,22,1,0
BRDA:344,23,0,0
BRDA:344,23,1,0
BRDA:346,24,0,0
BRDA:346,24,1,0
BRDA:347,25,0,0
BRDA:347,25,1,0
BRDA:348,26,0,0
BRDA:348,26,1,0
BRDA:348,27,0,0
BRDA:348,27,1,0
BRDA:349,28,0,0
BRDA:349,28,1,0
BRDA:367,29,0,0
BRDA:367,29,1,0
BRDA:378,30,0,0
BRDA:378,30,1,0
BRDA:380,31,0,0
BRDA:380,31,1,0
BRDA:381,32,0,0
BRDA:381,32,1,0
BRDA:382,33,0,0
BRDA:382,33,1,0
BRDA:382,34,0,0
BRDA:382,34,1,0
BRDA:404,35,0,0
BRDA:404,35,1,0
BRDA:418,36,0,0
BRDA:418,36,1,0
BRDA:419,37,0,0
BRDA:419,37,1,0
BRDA:424,38,0,0
BRDA:424,38,1,0
BRDA:443,39,0,0
BRDA:443,39,1,0
BRDA:454,40,0,0
BRDA:454,40,1,0
BRDA:455,41,0,0
BRDA:455,41,1,0
BRDA:456,42,0,0
BRDA:456,42,1,0
BRDA:468,43,0,0
BRDA:468,43,1,0
BRDA:481,44,0,0
BRDA:481,44,1,0
BRDA:485,45,0,0
BRDA:485,45,1,0
BRDA:489,46,0,0
BRDA:489,46,1,0
BRDA:493,47,0,0
BRDA:493,47,1,0
BRDA:507,48,0,0
BRDA:507,48,1,0
BRDA:512,49,0,0
BRDA:512,49,1,0
BRDA:531,50,0,0
BRDA:531,50,1,0
BRDA:542,51,0,0
BRDA:542,51,1,0
BRDA:543,52,0,0
BRDA:543,52,1,0
BRDA:544,53,0,0
BRDA:544,53,1,0
BRF:108
BRH:0
end_of_record
TN:
SF:C:\Users\nakkamadhusudhan\Desktop\eg\src\screens\UserSettings.js
FN:109,(anonymous_0)
FN:109,Settings
FN:116,(anonymous_2)
FN:124,onPress
FN:129,onPress
FN:138,_logoutButton
FN:170,render
FN:192,onPress
FN:201,onPress
FN:219,renderItem
FN:221,onPress
FN:236,renderSectionHeader
FN:261,mapStateToProps
FN:273,mapDispatchToProps
FN:279,handleLogoutUser
FNF:15
FNH:0
FNDA:0,(anonymous_0)
FNDA:0,Settings
FNDA:0,(anonymous_2)
FNDA:0,onPress
FNDA:0,onPress
FNDA:0,_logoutButton
FNDA:0,render
FNDA:0,onPress
FNDA:0,onPress
FNDA:0,renderItem
FNDA:0,onPress
FNDA:0,renderSectionHeader
FNDA:0,mapStateToProps
FNDA:0,mapDispatchToProps
FNDA:0,handleLogoutUser
DA:1,0
DA:17,0
DA:18,0
DA:19,0
DA:20,0
DA:35,0
DA:36,0
DA:37,0
DA:44,0
DA:45,0
DA:50,0
DA:109,0
DA:118,0
DA:124,0
DA:130,0
DA:131,0
DA:132,0
DA:138,0
DA:144,0
DA:145,0
DA:158,0
DA:176,0
DA:177,0
DA:178,0
DA:192,0
DA:201,0
DA:219,0
DA:220,0
DA:221,0
DA:236,0
DA:237,0
DA:252,0
DA:261,0
DA:273,0
DA:279,0
DA:282,0
LF:36
LH:0
BRDA:144,0,0,0
BRDA:144,0,1,0
BRDA:193,1,0,0
BRDA:193,1,1,0
BRF:4
BRH:0
end_of_record
TN:
SF:C:\Users\nakkamadhusudhan\Desktop\eg\src\screens\VoucherCardDetails.js
FN:54,(anonymous_0)
FN:56,VoucherCardDetails
FN:61,render
FN:100,onPress
FN:120,mapStateToProps
FN:130,mapDispatchToProps
FNF:6
FNH:0
FNDA:0,(anonymous_0)
FNDA:0,VoucherCardDetails
FNDA:0,render
FNDA:0,onPress
FNDA:0,mapStateToProps
FNDA:0,mapDispatchToProps
DA:1,0
DA:20,0
DA:21,0
DA:22,0
DA:33,0
DA:34,0
DA:35,0
DA:38,0
DA:45,0
DA:54,0
DA:56,0
DA:57,0
DA:58,0
DA:59,0
DA:61,0
DA:67,0
DA:100,0
DA:110,0
DA:120,0
DA:130,0
DA:136,0
LF:21
LH:0
BRF:0
BRH:0
end_of_record
TN:
SF:C:\Users\nakkamadhusudhan\Desktop\eg\src\screens\WalletTabs.js
FN:31,(anonymous_0)
FN:31,WalletTabs
FN:31,render
FNF:3
FNH:0
FNDA:0,(anonymous_0)
FNDA:0,WalletTabs
FNDA:0,render
DA:1,0
DA:15,0
DA:16,0
DA:21,0
DA:22,0
DA:23,0
DA:31,0
DA:38,0
DA:47,0
DA:50,0
LF:10
LH:0
BRF:0
BRH:0
end_of_record
TN:
SF:C:\Users\nakkamadhusudhan\Desktop\eg\src\screens\creditAndDebitCardList.js
FN:48,(anonymous_0)
FN:54,CreditAndDebitCardList
FN:106,_callee
FN:106,_callee$
FN:121,(anonymous_4)
FN:123,componentWillMount
FN:123,(anonymous_6)
FN:123,componentDidMount
FN:123,componentWillUnmount
FN:123,(anonymous_9)
FN:123,render
FN:148,onPress
FN:154,keyExtractor
FN:155,ref
FN:158,ItemSeparatorComponent
FN:159,renderItem
FN:161,onPress
FN:190,mapStateToProps
FN:198,mapDispatchToProps
FNF:19
FNH:0
FNDA:0,(anonymous_0)
FNDA:0,CreditAndDebitCardList
FNDA:0,_callee
FNDA:0,_callee$
FNDA:0,(anonymous_4)
FNDA:0,componentWillMount
FNDA:0,(anonymous_6)
FNDA:0,componentDidMount
FNDA:0,componentWillUnmount
FNDA:0,(anonymous_9)
FNDA:0,render
FNDA:0,onPress
FNDA:0,keyExtractor
FNDA:0,ref
FNDA:0,ItemSeparatorComponent
FNDA:0,renderItem
FNDA:0,onPress
FNDA:0,mapStateToProps
FNDA:0,mapDispatchToProps
DA:1,0
DA:18,0
DA:19,0
DA:20,0
DA:21,0
DA:31,0
DA:32,0
DA:40,0
DA:48,0
DA:54,0
DA:55,0
DA:106,0
DA:108,0
DA:109,0
DA:110,0
DA:112,0
DA:113,0
DA:114,0
DA:122,0
DA:123,0
DA:130,0
DA:131,0
DA:148,0
DA:154,0
DA:156,0
DA:158,0
DA:159,0
DA:160,0
DA:161,0
DA:182,0
DA:190,0
DA:198,0
DA:204,0
LF:33
LH:0
BRDA:106,0,0,0
BRDA:106,0,1,0
BRDA:106,0,2,0
BRDA:106,0,3,0
BRDA:106,0,4,0
BRDA:109,1,0,0
BRDA:109,1,1,0
BRDA:166,2,0,0
BRDA:166,2,1,0
BRF:9
BRH:0
end_of_record
TN:
SF:C:\Users\nakkamadhusudhan\Desktop\eg\src\screens\VoucherList\index.js
FN:15,(anonymous_0)
FN:18,VouchersList
FN:23,componentDidMount
FN:27,render
FN:106,mapStateToProps
FN:111,mapDispatchToProps
FN:112,handleVoucherListDataRequest
FNF:7
FNH:0
FNDA:0,(anonymous_0)
FNDA:0,VouchersList
FNDA:0,componentDidMount
FNDA:0,render
FNDA:0,mapStateToProps
FNDA:0,mapDispatchToProps
FNDA:0,handleVoucherListDataRequest
DA:1,0
DA:2,0
DA:3,0
DA:5,0
DA:6,0
DA:7,0
DA:9,0
DA:11,0
DA:15,0
DA:18,0
DA:19,0
DA:20,0
DA:21,0
DA:23,0
DA:26,0
DA:30,0
DA:31,0
DA:101,0
DA:104,0
DA:106,0
DA:111,0
DA:112,0
DA:115,0
LF:23
LH:0
BRF:0
BRH:0
end_of_record
TN:
SF:C:\Users\nakkamadhusudhan\Desktop\eg\src\screens\VoucherList\styles.js
FNF:0
FNH:0
DA:1,0
DA:167,0
LF:2
LH:0
BRF:0
BRH:0
end_of_record
TN:
SF:C:\Users\nakkamadhusudhan\Desktop\eg\src\services\appService.js
FN:3,_callee
FN:3,_callee$
FN:20,(anonymous_2)
FN:21,(anonymous_3)
FNF:4
FNH:0
FNDA:0,_callee
FNDA:0,_callee$
FNDA:0,(anonymous_2)
FNDA:0,(anonymous_3)
DA:1,0
DA:3,0
DA:5,0
DA:6,0
DA:8,0
DA:10,0
DA:14,0
DA:15,0
DA:16,0
DA:19,0
DA:20,0
DA:21,0
DA:22,0
DA:24,0
DA:26,0
DA:27,0
LF:16
LH:0
BRDA:3,0,0,0
BRDA:3,0,1,0
BRDA:3,0,2,0
BRDA:3,0,3,0
BRDA:3,0,4,0
BRDA:3,0,5,0
BRDA:3,1,0,0
BRDA:3,1,1,0
BRDA:3,2,0,0
BRDA:3,2,1,0
BRDA:3,3,0,0
BRDA:3,3,1,0
BRDA:3,4,0,0
BRDA:3,4,1,0
BRDA:6,5,0,0
BRDA:6,5,1,0
BRDA:8,6,0,0
BRDA:8,6,1,0
BRDA:10,7,0,0
BRDA:10,7,1,0
BRDA:10,7,2,0
BRDA:10,7,3,0
BRDA:14,8,0,0
BRDA:14,8,1,0
BRF:24
BRH:0
end_of_record
TN:
SF:C:\Users\nakkamadhusudhan\Desktop\eg\src\styles\CardAddManualStyles.js
FNF:0
FNH:0
DA:1,0
DA:7,0
DA:10,0
DA:11,0
DA:12,0
DA:13,0
DA:14,0
DA:15,0
DA:16,0
DA:19,0
DA:20,0
DA:21,0
DA:22,0
DA:23,0
DA:25,0
DA:221,0
LF:16
LH:0
BRDA:45,0,0,0
BRDA:45,0,1,0
BRDA:80,1,0,0
BRDA:80,1,1,0
BRDA:89,2,0,0
BRDA:89,2,1,0
BRDA:115,3,0,0
BRDA:115,3,1,0
BRDA:174,4,0,0
BRDA:174,4,1,0
BRDA:206,5,0,0
BRDA:206,5,1,0
BRF:12
BRH:0
end_of_record
TN:
SF:C:\Users\nakkamadhusudhan\Desktop\eg\src\styles\FuelFillingStyles.js
FNF:0
FNH:0
DA:1,0
DA:7,0
DA:10,0
DA:13,0
DA:14,0
DA:15,0
DA:16,0
DA:17,0
DA:20,0
DA:21,0
DA:22,0
DA:23,0
DA:24,0
DA:25,0
DA:26,0
DA:27,0
DA:29,0
DA:134,0
LF:18
LH:0
BRDA:61,0,0,0
BRDA:61,0,1,0
BRDA:67,1,0,0
BRDA:67,1,1,0
BRDA:74,2,0,0
BRDA:74,2,1,0
BRDA:84,3,0,0
BRDA:84,3,1,0
BRF:8
BRH:0
end_of_record
TN:
SF:C:\Users\nakkamadhusudhan\Desktop\eg\src\styles\LunguagePickerAndroidStyles.js
FNF:0
FNH:0
DA:1,0
DA:7,0
DA:10,0
DA:11,0
DA:12,0
DA:13,0
DA:14,0
DA:15,0
DA:16,0
DA:18,0
DA:92,0
LF:11
LH:0
BRF:0
BRH:0
end_of_record
TN:
SF:C:\Users\nakkamadhusudhan\Desktop\eg\src\styles\MemberBenefitsStyles.js
FNF:0
FNH:0
DA:1,0
DA:2,0
DA:3,0
DA:4,0
DA:7,0
DA:8,0
DA:9,0
DA:10,0
DA:11,0
DA:14,0
DA:182,0
LF:11
LH:0
BRDA:54,0,0,0
BRDA:54,0,1,0
BRDA:77,1,0,0
BRDA:77,1,1,0
BRDA:82,2,0,0
BRDA:82,2,1,0
BRDA:93,3,0,0
BRDA:93,3,1,0
BRDA:140,4,0,0
BRDA:140,4,1,0
BRF:10
BRH:0
end_of_record
TN:
SF:C:\Users\nakkamadhusudhan\Desktop\eg\src\styles\Notifications.js
FNF:0
FNH:0
DA:1,0
DA:7,0
DA:8,0
DA:9,0
DA:11,0
DA:12,0
DA:13,0
DA:14,0
DA:15,0
DA:17,0
DA:90,0
LF:11
LH:0
BRDA:21,0,0,0
BRDA:21,0,1,0
BRDA:21,1,0,0
BRDA:21,1,1,0
BRDA:21,1,2,0
BRDA:21,1,3,0
BRDA:21,1,4,0
BRDA:21,1,5,0
BRDA:47,2,0,0
BRDA:47,2,1,0
BRDA:76,3,0,0
BRDA:76,3,1,0
BRF:12
BRH:0
end_of_record
TN:
SF:C:\Users\nakkamadhusudhan\Desktop\eg\src\styles\PaymentSuccessfullStyles.js
FNF:0
FNH:0
DA:1,0
DA:7,0
DA:10,0
DA:11,0
DA:12,0
DA:13,0
DA:16,0
DA:17,0
DA:18,0
DA:19,0
DA:20,0
DA:21,0
DA:22,0
DA:24,0
DA:172,0
LF:15
LH:0
BRDA:57,0,0,0
BRDA:57,0,1,0
BRDA:63,1,0,0
BRDA:63,1,1,0
BRDA:70,2,0,0
BRDA:70,2,1,0
BRDA:104,3,0,0
BRDA:104,3,1,0
BRDA:119,4,0,0
BRDA:119,4,1,0
BRDA:124,5,0,0
BRDA:124,5,1,0
BRDA:129,6,0,0
BRDA:129,6,1,0
BRDA:136,7,0,0
BRDA:136,7,1,0
BRDA:155,8,0,0
BRDA:155,8,1,0
BRF:18
BRH:0
end_of_record
TN:
SF:C:\Users\nakkamadhusudhan\Desktop\eg\src\styles\componentStyles.js
FNF:0
FNH:0
DA:1,0
DA:9,0
DA:10,0
DA:11,0
DA:12,0
DA:14,0
DA:15,0
DA:16,0
DA:18,0
DA:485,0
LF:10
LH:0
BRDA:16,0,0,0
BRDA:16,0,1,0
BRDA:16,1,0,0
BRDA:16,1,1,0
BRDA:16,2,0,0
BRDA:16,2,1,0
BRDA:16,2,2,0
BRDA:16,2,3,0
BRDA:16,2,4,0
BRDA:16,2,5,0
BRDA:28,3,0,0
BRDA:28,3,1,0
BRDA:196,4,0,0
BRDA:196,4,1,0
BRDA:242,5,0,0
BRDA:242,5,1,0
BRDA:255,6,0,0
BRDA:255,6,1,0
BRDA:260,7,0,0
BRDA:260,7,1,0
BRDA:263,8,0,0
BRDA:263,8,1,0
BRDA:269,9,0,0
BRDA:269,9,1,0
BRDA:295,10,0,0
BRDA:295,10,1,0
BRDA:336,11,0,0
BRDA:336,11,1,0
BRDA:367,12,0,0
BRDA:367,12,1,0
BRDA:375,13,0,0
BRDA:375,13,1,0
BRDA:414,14,0,0
BRDA:414,14,1,0
BRDA:414,15,0,0
BRDA:414,15,1,0
BRDA:414,15,2,0
BRDA:414,15,3,0
BRDA:414,15,4,0
BRDA:414,15,5,0
BRF:40
BRH:0
end_of_record
TN:
SF:C:\Users\nakkamadhusudhan\Desktop\eg\src\styles\creditAndDebitCardStyles.js
FNF:0
FNH:0
DA:1,0
DA:7,0
DA:8,0
DA:9,0
DA:11,0
DA:12,0
DA:13,0
DA:14,0
DA:15,0
DA:17,0
DA:81,0
LF:11
LH:0
BRDA:21,0,0,0
BRDA:21,0,1,0
BRDA:21,1,0,0
BRDA:21,1,1,0
BRDA:21,1,2,0
BRDA:21,1,3,0
BRDA:21,1,4,0
BRDA:21,1,5,0
BRDA:29,2,0,0
BRDA:29,2,1,0
BRF:10
BRH:0
end_of_record
TN:
SF:C:\Users\nakkamadhusudhan\Desktop\eg\src\styles\editProfile.js
FNF:0
FNH:0
DA:1,0
DA:3,0
DA:230,0
LF:3
LH:0
BRF:0
BRH:0
end_of_record
TN:
SF:C:\Users\nakkamadhusudhan\Desktop\eg\src\styles\homeStyles.js
FNF:0
FNH:0
DA:1,0
DA:3,0
DA:4,0
DA:5,0
DA:6,0
DA:7,0
DA:8,0
DA:9,0
DA:12,0
DA:14,0
DA:399,0
LF:11
LH:0
BRDA:91,0,0,0
BRDA:91,0,1,0
BRDA:102,1,0,0
BRDA:102,1,1,0
BRDA:265,2,0,0
BRDA:265,2,1,0
BRDA:275,3,0,0
BRDA:275,3,1,0
BRDA:351,4,0,0
BRDA:351,4,1,0
BRDA:358,5,0,0
BRDA:358,5,1,0
BRDA:367,6,0,0
BRDA:367,6,1,0
BRDA:372,7,0,0
BRDA:372,7,1,0
BRDA:381,8,0,0
BRDA:381,8,1,0
BRDA:386,9,0,0
BRDA:386,9,1,0
BRF:20
BRH:0
end_of_record
TN:
SF:C:\Users\nakkamadhusudhan\Desktop\eg\src\styles\index.js
FNF:0
FNH:0
DA:1,0
DA:2,0
DA:4,0
DA:5,0
DA:7,0
DA:8,0
DA:9,0
DA:10,0
DA:11,0
DA:13,0
DA:1054,0
LF:11
LH:0
BRDA:26,0,0,0
BRDA:26,0,1,0
BRDA:31,1,0,0
BRDA:31,1,1,0
BRDA:31,2,0,0
BRDA:31,2,1,0
BRDA:31,2,2,0
BRDA:31,2,3,0
BRDA:31,2,4,0
BRDA:31,2,5,0
BRDA:37,3,0,0
BRDA:37,3,1,0
BRDA:37,4,0,0
BRDA:37,4,1,0
BRDA:37,4,2,0
BRDA:37,4,3,0
BRDA:37,4,4,0
BRDA:37,4,5,0
BRDA:72,5,0,0
BRDA:72,5,1,0
BRDA:141,6,0,0
BRDA:141,6,1,0
BRDA:150,7,0,0
BRDA:150,7,1,0
BRDA:156,8,0,0
BRDA:156,8,1,0
BRDA:163,9,0,0
BRDA:163,9,1,0
BRDA:200,10,0,0
BRDA:200,10,1,0
BRDA:939,11,0,0
BRDA:939,11,1,0
BRDA:945,12,0,0
BRDA:945,12,1,0
BRDA:963,13,0,0
BRDA:963,13,1,0
BRDA:967,14,0,0
BRDA:967,14,1,0
BRDA:974,15,0,0
BRDA:974,15,1,0
BRDA:1002,16,0,0
BRDA:1002,16,1,0
BRDA:1007,17,0,0
BRDA:1007,17,1,0
BRF:44
BRH:0
end_of_record
TN:
SF:C:\Users\nakkamadhusudhan\Desktop\eg\src\styles\memberShipStyles.js
FNF:0
FNH:0
DA:1,0
DA:5,0
DA:63,0
DA:65,0
DA:114,0
LF:5
LH:0
BRF:0
BRH:0
end_of_record
TN:
SF:C:\Users\nakkamadhusudhan\Desktop\eg\src\styles\preferredStation.js
FNF:0
FNH:0
DA:1,0
DA:2,0
DA:3,0
DA:5,0
DA:238,0
LF:5
LH:0
BRDA:62,0,0,0
BRDA:62,0,1,0
BRDA:62,1,0,0
BRDA:62,1,1,0
BRDA:62,1,2,0
BRDA:62,1,3,0
BRDA:62,1,4,0
BRDA:62,1,5,0
BRF:8
BRH:0
end_of_record
TN:
SF:C:\Users\nakkamadhusudhan\Desktop\eg\src\styles\screenStyles.js
FNF:0
FNH:0
DA:1,0
DA:2,0
DA:3,0
DA:4,0
DA:7,0
DA:8,0
DA:9,0
DA:10,0
DA:11,0
DA:13,0
DA:2641,0
LF:11
LH:0
BRDA:21,0,0,0
BRDA:21,0,1,0
BRDA:21,1,0,0
BRDA:21,1,1,0
BRDA:21,1,2,0
BRDA:21,1,3,0
BRDA:21,1,4,0
BRDA:21,1,5,0
BRDA:31,2,0,0
BRDA:31,2,1,0
BRDA:72,3,0,0
BRDA:72,3,1,0
BRDA:194,4,0,0
BRDA:194,4,1,0
BRDA:229,5,0,0
BRDA:229,5,1,0
BRDA:235,6,0,0
BRDA:235,6,1,0
BRDA:243,7,0,0
BRDA:243,7,1,0
BRDA:255,8,0,0
BRDA:255,8,1,0
BRDA:263,9,0,0
BRDA:263,9,1,0
BRDA:290,10,0,0
BRDA:290,10,1,0
BRDA:302,11,0,0
BRDA:302,11,1,0
BRDA:303,12,0,0
BRDA:303,12,1,0
BRDA:340,13,0,0
BRDA:340,13,1,0
BRDA:369,14,0,0
BRDA:369,14,1,0
BRDA:381,15,0,0
BRDA:381,15,1,0
BRDA:383,16,0,0
BRDA:383,16,1,0
BRDA:388,17,0,0
BRDA:388,17,1,0
BRDA:600,18,0,0
BRDA:600,18,1,0
BRDA:606,19,0,0
BRDA:606,19,1,0
BRDA:612,20,0,0
BRDA:612,20,1,0
BRDA:743,21,0,0
BRDA:743,21,1,0
BRDA:872,22,0,0
BRDA:872,22,1,0
BRDA:921,23,0,0
BRDA:921,23,1,0
BRDA:1955,24,0,0
BRDA:1955,24,1,0
BRDA:2579,25,0,0
BRDA:2579,25,1,0
BRDA:2594,26,0,0
BRDA:2594,26,1,0
BRDA:2633,27,0,0
BRDA:2633,27,1,0
BRF:60
BRH:0
end_of_record
TN:
SF:C:\Users\nakkamadhusudhan\Desktop\eg\src\styles\stationfinder.js
FNF:0
FNH:0
DA:1,0
DA:7,0
DA:245,0
LF:3
LH:0
BRF:0
BRH:0
end_of_record
TN:
SF:C:\Users\nakkamadhusudhan\Desktop\eg\src\styles\termsAndConditions.js
FNF:0
FNH:0
DA:1,0
DA:2,0
DA:3,0
DA:7,0
DA:8,0
DA:9,0
DA:10,0
DA:13,0
DA:79,0
LF:9
LH:0
BRDA:20,0,0,0
BRDA:20,0,1,0
BRDA:20,1,0,0
BRDA:20,1,1,0
BRDA:20,1,2,0
BRDA:20,1,3,0
BRDA:20,1,4,0
BRDA:20,1,5,0
BRDA:44,2,0,0
BRDA:44,2,1,0
BRDA:52,3,0,0
BRDA:52,3,1,0
BRDA:68,4,0,0
BRDA:68,4,1,0
BRF:14
BRH:0
end_of_record
TN:
SF:C:\Users\nakkamadhusudhan\Desktop\eg\src\styles\userSettings.js
FNF:0
FNH:0
DA:1,0
DA:3,0
DA:4,0
DA:6,0
DA:193,0
LF:5
LH:0
BRDA:22,0,0,0
BRDA:22,0,1,0
BRDA:22,1,0,0
BRDA:22,1,1,0
BRDA:22,1,2,0
BRDA:22,1,3,0
BRDA:22,1,4,0
BRDA:22,1,5,0
BRF:8
BRH:0
end_of_record
